<?xml version="1.0" encoding="UTF-8"?>
<!-- Generated by org.testng.reporters.JUnitReportReporter -->
<testsuite hostname="DESKTOP-76PLB9N" failures="0" tests="2" name="Test.TC_002_VerifySuccessfullFeedbackUpdateTest" time="39.778" errors="2" timestamp="2025-06-18T12:41:29 IST" skipped="0">
  <testcase classname="Test.TC_002_VerifySuccessfullFeedbackUpdateTest" name="VerifySuccessfullFeedbackUpdateTest" time="39.762">
    <error message="no such element: Unable to locate element: {&quot;method&quot;:&quot;xpath&quot;,&quot;selector&quot;:&quot;//h6[text()=&#039;Feedback&#039;]&quot;}
  (Session info: chrome=137.0.7151.104)
For documentation on this error, please visit: https://www.selenium.dev/documentation/webdriver/troubleshooting/errors#no-such-element-exception
Build info: version: &#039;4.33.0&#039;, revision: &#039;2c6aaad03a&#039;
System info: os.name: &#039;Windows 10&#039;, os.arch: &#039;amd64&#039;, os.version: &#039;10.0&#039;, java.version: &#039;21.0.5&#039;
Driver info: org.openqa.selenium.chrome.ChromeDriver
Command: [557c5aabf6671e4a771c892c479a216a, findElement {using=xpath, value=//h6[text()=&#039;Feedback&#039;]}]
Capabilities {acceptInsecureCerts: false, browserName: chrome, browserVersion: 137.0.7151.104, chrome: {chromedriverVersion: 137.0.7151.119 (e0ac9d12dff..., userDataDir: C:\Users\hey\AppData\Local\...}, fedcm:accounts: true, goog:chromeOptions: {debuggerAddress: localhost:53568}, networkConnectionEnabled: false, pageLoadStrategy: normal, platformName: windows, proxy: Proxy(), se:cdp: ws://localhost:53568/devtoo..., se:cdpVersion: 137.0.7151.104, setWindowRect: true, strictFileInteractability: false, timeouts: {implicit: 0, pageLoad: 300000, script: 30000}, unhandledPromptBehavior: dismiss and notify, webauthn:extension:credBlob: true, webauthn:extension:largeBlob: true, webauthn:extension:minPinLength: true, webauthn:extension:prf: true, webauthn:virtualAuthenticators: true}
Session ID: 557c5aabf6671e4a771c892c479a216a" type="org.openqa.selenium.NoSuchElementException">
      <![CDATA[org.openqa.selenium.NoSuchElementException: no such element: Unable to locate element: {"method":"xpath","selector":"//h6[text()='Feedback']"}
  (Session info: chrome=137.0.7151.104)
For documentation on this error, please visit: https://www.selenium.dev/documentation/webdriver/troubleshooting/errors#no-such-element-exception
Build info: version: '4.33.0', revision: '2c6aaad03a'
System info: os.name: 'Windows 10', os.arch: 'amd64', os.version: '10.0', java.version: '21.0.5'
Driver info: org.openqa.selenium.chrome.ChromeDriver
Command: [557c5aabf6671e4a771c892c479a216a, findElement {using=xpath, value=//h6[text()='Feedback']}]
Capabilities {acceptInsecureCerts: false, browserName: chrome, browserVersion: 137.0.7151.104, chrome: {chromedriverVersion: 137.0.7151.119 (e0ac9d12dff..., userDataDir: C:\Users\hey\AppData\Local\...}, fedcm:accounts: true, goog:chromeOptions: {debuggerAddress: localhost:53568}, networkConnectionEnabled: false, pageLoadStrategy: normal, platformName: windows, proxy: Proxy(), se:cdp: ws://localhost:53568/devtoo..., se:cdpVersion: 137.0.7151.104, setWindowRect: true, strictFileInteractability: false, timeouts: {implicit: 0, pageLoad: 300000, script: 30000}, unhandledPromptBehavior: dismiss and notify, webauthn:extension:credBlob: true, webauthn:extension:largeBlob: true, webauthn:extension:minPinLength: true, webauthn:extension:prf: true, webauthn:virtualAuthenticators: true}
Session ID: 557c5aabf6671e4a771c892c479a216a
at java.base/jdk.internal.reflect.DirectConstructorHandleAccessor.newInstance(DirectConstructorHandleAccessor.java:62)
at java.base/java.lang.reflect.Constructor.newInstanceWithCaller(Constructor.java:502)
at java.base/java.lang.reflect.Constructor.newInstance(Constructor.java:486)
at org.openqa.selenium.remote.ErrorCodec.decode(ErrorCodec.java:167)
at org.openqa.selenium.remote.codec.w3c.W3CHttpResponseCodec.decode(W3CHttpResponseCodec.java:138)
at org.openqa.selenium.remote.codec.w3c.W3CHttpResponseCodec.decode(W3CHttpResponseCodec.java:50)
at org.openqa.selenium.remote.HttpCommandExecutor.execute(HttpCommandExecutor.java:215)
at org.openqa.selenium.remote.service.DriverCommandExecutor.invokeExecute(DriverCommandExecutor.java:216)
at org.openqa.selenium.remote.service.DriverCommandExecutor.execute(DriverCommandExecutor.java:174)
at org.openqa.selenium.remote.RemoteWebDriver.execute(RemoteWebDriver.java:544)
at org.openqa.selenium.remote.ElementLocation$ElementFinder$2.findElement(ElementLocation.java:165)
at org.openqa.selenium.remote.ElementLocation.findElement(ElementLocation.java:59)
at org.openqa.selenium.remote.RemoteWebDriver.findElement(RemoteWebDriver.java:367)
at org.openqa.selenium.remote.RemoteWebDriver.findElement(RemoteWebDriver.java:361)
at Pages.FeedbackPage.feedbacktest(FeedbackPage.java:19)
at Test.TC_002_VerifySuccessfullFeedbackUpdateTest.VerifySuccessfullFeedbackUpdateTest(TC_002_VerifySuccessfullFeedbackUpdateTest.java:24)
at java.base/jdk.internal.reflect.DirectMethodHandleAccessor.invoke(DirectMethodHandleAccessor.java:103)
at java.base/java.lang.reflect.Method.invoke(Method.java:580)
at org.testng.internal.invokers.MethodInvocationHelper.invokeMethod(MethodInvocationHelper.java:141)
at org.testng.internal.invokers.TestInvoker.invokeMethod(TestInvoker.java:687)
at org.testng.internal.invokers.TestInvoker.invokeTestMethod(TestInvoker.java:230)
at org.testng.internal.invokers.MethodRunner.runInSequence(MethodRunner.java:63)
at org.testng.internal.invokers.TestInvoker$MethodInvocationAgent.invoke(TestInvoker.java:995)
at org.testng.internal.invokers.TestInvoker.invokeTestMethods(TestInvoker.java:203)
at org.testng.internal.invokers.TestMethodWorker.invokeTestMethods(TestMethodWorker.java:154)
at org.testng.internal.invokers.TestMethodWorker.run(TestMethodWorker.java:134)
at java.base/java.util.ArrayList.forEach(ArrayList.java:1596)
at org.testng.TestRunner.privateRun(TestRunner.java:741)
at org.testng.TestRunner.run(TestRunner.java:616)
at org.testng.SuiteRunner.runTest(SuiteRunner.java:421)
at org.testng.SuiteRunner.runSequentially(SuiteRunner.java:413)
at org.testng.SuiteRunner.privateRun(SuiteRunner.java:373)
at org.testng.SuiteRunner.run(SuiteRunner.java:312)
at org.testng.SuiteRunnerWorker.runSuite(SuiteRunnerWorker.java:52)
at org.testng.SuiteRunnerWorker.run(SuiteRunnerWorker.java:95)
at org.testng.TestNG.runSuitesSequentially(TestNG.java:1274)
at org.testng.TestNG.runSuitesLocally(TestNG.java:1208)
at org.testng.TestNG.runSuites(TestNG.java:1112)
at org.testng.TestNG.run(TestNG.java:1079)
at org.testng.remote.AbstractRemoteTestNG.run(AbstractRemoteTestNG.java:115)
at org.testng.remote.RemoteTestNG.initAndRun(RemoteTestNG.java:293)
at org.testng.remote.RemoteTestNG.main(RemoteTestNG.java:91)
]]>
    </error>
  </testcase> <!-- VerifySuccessfullFeedbackUpdateTest -->
  <testcase classname="Test.TC_002_VerifySuccessfullFeedbackUpdateTest" name="BrowserClose" time="0.016">
    <error type="java.lang.StackOverflowError">
      <![CDATA[java.lang.StackOverflowError
at Base.ProjectSpecificationMethods.BrowserClose(ProjectSpecificationMethods.java:25)
at Base.ProjectSpecificationMethods.BrowserClose(ProjectSpecificationMethods.java:25)
at Base.ProjectSpecificationMethods.BrowserClose(ProjectSpecificationMethods.java:25)
at Base.ProjectSpecificationMethods.BrowserClose(ProjectSpecificationMethods.java:25)
at Base.ProjectSpecificationMethods.BrowserClose(ProjectSpecificationMethods.java:25)
at Base.ProjectSpecificationMethods.BrowserClose(ProjectSpecificationMethods.java:25)
at Base.ProjectSpecificationMethods.BrowserClose(ProjectSpecificationMethods.java:25)
at Base.ProjectSpecificationMethods.BrowserClose(ProjectSpecificationMethods.java:25)
at Base.ProjectSpecificationMethods.BrowserClose(ProjectSpecificationMethods.java:25)
at Base.ProjectSpecificationMethods.BrowserClose(ProjectSpecificationMethods.java:25)
at Base.ProjectSpecificationMethods.BrowserClose(ProjectSpecificationMethods.java:25)
at Base.ProjectSpecificationMethods.BrowserClose(ProjectSpecificationMethods.java:25)
at Base.ProjectSpecificationMethods.BrowserClose(ProjectSpecificationMethods.java:25)
at Base.ProjectSpecificationMethods.BrowserClose(ProjectSpecificationMethods.java:25)
at Base.ProjectSpecificationMethods.BrowserClose(ProjectSpecificationMethods.java:25)
at Base.ProjectSpecificationMethods.BrowserClose(ProjectSpecificationMethods.java:25)
at Base.ProjectSpecificationMethods.BrowserClose(ProjectSpecificationMethods.java:25)
at Base.ProjectSpecificationMethods.BrowserClose(ProjectSpecificationMethods.java:25)
at Base.ProjectSpecificationMethods.BrowserClose(ProjectSpecificationMethods.java:25)
at Base.ProjectSpecificationMethods.BrowserClose(ProjectSpecificationMethods.java:25)
at Base.ProjectSpecificationMethods.BrowserClose(ProjectSpecificationMethods.java:25)
at Base.ProjectSpecificationMethods.BrowserClose(ProjectSpecificationMethods.java:25)
at Base.ProjectSpecificationMethods.BrowserClose(ProjectSpecificationMethods.java:25)
at Base.ProjectSpecificationMethods.BrowserClose(ProjectSpecificationMethods.java:25)
at Base.ProjectSpecificationMethods.BrowserClose(ProjectSpecificationMethods.java:25)
at Base.ProjectSpecificationMethods.BrowserClose(ProjectSpecificationMethods.java:25)
at Base.ProjectSpecificationMethods.BrowserClose(ProjectSpecificationMethods.java:25)
at Base.ProjectSpecificationMethods.BrowserClose(ProjectSpecificationMethods.java:25)
at Base.ProjectSpecificationMethods.BrowserClose(ProjectSpecificationMethods.java:25)
at Base.ProjectSpecificationMethods.BrowserClose(ProjectSpecificationMethods.java:25)
at Base.ProjectSpecificationMethods.BrowserClose(ProjectSpecificationMethods.java:25)
at Base.ProjectSpecificationMethods.BrowserClose(ProjectSpecificationMethods.java:25)
at Base.ProjectSpecificationMethods.BrowserClose(ProjectSpecificationMethods.java:25)
at Base.ProjectSpecificationMethods.BrowserClose(ProjectSpecificationMethods.java:25)
at Base.ProjectSpecificationMethods.BrowserClose(ProjectSpecificationMethods.java:25)
at Base.ProjectSpecificationMethods.BrowserClose(ProjectSpecificationMethods.java:25)
at Base.ProjectSpecificationMethods.BrowserClose(ProjectSpecificationMethods.java:25)
at Base.ProjectSpecificationMethods.BrowserClose(ProjectSpecificationMethods.java:25)
at Base.ProjectSpecificationMethods.BrowserClose(ProjectSpecificationMethods.java:25)
at Base.ProjectSpecificationMethods.BrowserClose(ProjectSpecificationMethods.java:25)
at Base.ProjectSpecificationMethods.BrowserClose(ProjectSpecificationMethods.java:25)
at Base.ProjectSpecificationMethods.BrowserClose(ProjectSpecificationMethods.java:25)
at Base.ProjectSpecificationMethods.BrowserClose(ProjectSpecificationMethods.java:25)
at Base.ProjectSpecificationMethods.BrowserClose(ProjectSpecificationMethods.java:25)
at Base.ProjectSpecificationMethods.BrowserClose(ProjectSpecificationMethods.java:25)
at Base.ProjectSpecificationMethods.BrowserClose(ProjectSpecificationMethods.java:25)
at Base.ProjectSpecificationMethods.BrowserClose(ProjectSpecificationMethods.java:25)
at Base.ProjectSpecificationMethods.BrowserClose(ProjectSpecificationMethods.java:25)
at Base.ProjectSpecificationMethods.BrowserClose(ProjectSpecificationMethods.java:25)
at Base.ProjectSpecificationMethods.BrowserClose(ProjectSpecificationMethods.java:25)
at Base.ProjectSpecificationMethods.BrowserClose(ProjectSpecificationMethods.java:25)
at Base.ProjectSpecificationMethods.BrowserClose(ProjectSpecificationMethods.java:25)
at Base.ProjectSpecificationMethods.BrowserClose(ProjectSpecificationMethods.java:25)
at Base.ProjectSpecificationMethods.BrowserClose(ProjectSpecificationMethods.java:25)
at Base.ProjectSpecificationMethods.BrowserClose(ProjectSpecificationMethods.java:25)
at Base.ProjectSpecificationMethods.BrowserClose(ProjectSpecificationMethods.java:25)
at Base.ProjectSpecificationMethods.BrowserClose(ProjectSpecificationMethods.java:25)
at Base.ProjectSpecificationMethods.BrowserClose(ProjectSpecificationMethods.java:25)
at Base.ProjectSpecificationMethods.BrowserClose(ProjectSpecificationMethods.java:25)
at Base.ProjectSpecificationMethods.BrowserClose(ProjectSpecificationMethods.java:25)
at Base.ProjectSpecificationMethods.BrowserClose(ProjectSpecificationMethods.java:25)
at Base.ProjectSpecificationMethods.BrowserClose(ProjectSpecificationMethods.java:25)
at Base.ProjectSpecificationMethods.BrowserClose(ProjectSpecificationMethods.java:25)
at Base.ProjectSpecificationMethods.BrowserClose(ProjectSpecificationMethods.java:25)
at Base.ProjectSpecificationMethods.BrowserClose(ProjectSpecificationMethods.java:25)
at Base.ProjectSpecificationMethods.BrowserClose(ProjectSpecificationMethods.java:25)
at Base.ProjectSpecificationMethods.BrowserClose(ProjectSpecificationMethods.java:25)
at Base.ProjectSpecificationMethods.BrowserClose(ProjectSpecificationMethods.java:25)
at Base.ProjectSpecificationMethods.BrowserClose(ProjectSpecificationMethods.java:25)
at Base.ProjectSpecificationMethods.BrowserClose(ProjectSpecificationMethods.java:25)
at Base.ProjectSpecificationMethods.BrowserClose(ProjectSpecificationMethods.java:25)
at Base.ProjectSpecificationMethods.BrowserClose(ProjectSpecificationMethods.java:25)
at Base.ProjectSpecificationMethods.BrowserClose(ProjectSpecificationMethods.java:25)
at Base.ProjectSpecificationMethods.BrowserClose(ProjectSpecificationMethods.java:25)
at Base.ProjectSpecificationMethods.BrowserClose(ProjectSpecificationMethods.java:25)
at Base.ProjectSpecificationMethods.BrowserClose(ProjectSpecificationMethods.java:25)
at Base.ProjectSpecificationMethods.BrowserClose(ProjectSpecificationMethods.java:25)
at Base.ProjectSpecificationMethods.BrowserClose(ProjectSpecificationMethods.java:25)
at Base.ProjectSpecificationMethods.BrowserClose(ProjectSpecificationMethods.java:25)
at Base.ProjectSpecificationMethods.BrowserClose(ProjectSpecificationMethods.java:25)
at Base.ProjectSpecificationMethods.BrowserClose(ProjectSpecificationMethods.java:25)
at Base.ProjectSpecificationMethods.BrowserClose(ProjectSpecificationMethods.java:25)
at Base.ProjectSpecificationMethods.BrowserClose(ProjectSpecificationMethods.java:25)
at Base.ProjectSpecificationMethods.BrowserClose(ProjectSpecificationMethods.java:25)
at Base.ProjectSpecificationMethods.BrowserClose(ProjectSpecificationMethods.java:25)
at Base.ProjectSpecificationMethods.BrowserClose(ProjectSpecificationMethods.java:25)
at Base.ProjectSpecificationMethods.BrowserClose(ProjectSpecificationMethods.java:25)
at Base.ProjectSpecificationMethods.BrowserClose(ProjectSpecificationMethods.java:25)
at Base.ProjectSpecificationMethods.BrowserClose(ProjectSpecificationMethods.java:25)
at Base.ProjectSpecificationMethods.BrowserClose(ProjectSpecificationMethods.java:25)
at Base.ProjectSpecificationMethods.BrowserClose(ProjectSpecificationMethods.java:25)
at Base.ProjectSpecificationMethods.BrowserClose(ProjectSpecificationMethods.java:25)
at Base.ProjectSpecificationMethods.BrowserClose(ProjectSpecificationMethods.java:25)
at Base.ProjectSpecificationMethods.BrowserClose(ProjectSpecificationMethods.java:25)
at Base.ProjectSpecificationMethods.BrowserClose(ProjectSpecificationMethods.java:25)
at Base.ProjectSpecificationMethods.BrowserClose(ProjectSpecificationMethods.java:25)
at Base.ProjectSpecificationMethods.BrowserClose(ProjectSpecificationMethods.java:25)
at Base.ProjectSpecificationMethods.BrowserClose(ProjectSpecificationMethods.java:25)
at Base.ProjectSpecificationMethods.BrowserClose(ProjectSpecificationMethods.java:25)
at Base.ProjectSpecificationMethods.BrowserClose(ProjectSpecificationMethods.java:25)
at Base.ProjectSpecificationMethods.BrowserClose(ProjectSpecificationMethods.java:25)
at Base.ProjectSpecificationMethods.BrowserClose(ProjectSpecificationMethods.java:25)
at Base.ProjectSpecificationMethods.BrowserClose(ProjectSpecificationMethods.java:25)
at Base.ProjectSpecificationMethods.BrowserClose(ProjectSpecificationMethods.java:25)
at Base.ProjectSpecificationMethods.BrowserClose(ProjectSpecificationMethods.java:25)
at Base.ProjectSpecificationMethods.BrowserClose(ProjectSpecificationMethods.java:25)
at Base.ProjectSpecificationMethods.BrowserClose(ProjectSpecificationMethods.java:25)
at Base.ProjectSpecificationMethods.BrowserClose(ProjectSpecificationMethods.java:25)
at Base.ProjectSpecificationMethods.BrowserClose(ProjectSpecificationMethods.java:25)
at Base.ProjectSpecificationMethods.BrowserClose(ProjectSpecificationMethods.java:25)
at Base.ProjectSpecificationMethods.BrowserClose(ProjectSpecificationMethods.java:25)
at Base.ProjectSpecificationMethods.BrowserClose(ProjectSpecificationMethods.java:25)
at Base.ProjectSpecificationMethods.BrowserClose(ProjectSpecificationMethods.java:25)
at Base.ProjectSpecificationMethods.BrowserClose(ProjectSpecificationMethods.java:25)
at Base.ProjectSpecificationMethods.BrowserClose(ProjectSpecificationMethods.java:25)
at Base.ProjectSpecificationMethods.BrowserClose(ProjectSpecificationMethods.java:25)
at Base.ProjectSpecificationMethods.BrowserClose(ProjectSpecificationMethods.java:25)
at Base.ProjectSpecificationMethods.BrowserClose(ProjectSpecificationMethods.java:25)
at Base.ProjectSpecificationMethods.BrowserClose(ProjectSpecificationMethods.java:25)
at Base.ProjectSpecificationMethods.BrowserClose(ProjectSpecificationMethods.java:25)
at Base.ProjectSpecificationMethods.BrowserClose(ProjectSpecificationMethods.java:25)
at Base.ProjectSpecificationMethods.BrowserClose(ProjectSpecificationMethods.java:25)
at Base.ProjectSpecificationMethods.BrowserClose(ProjectSpecificationMethods.java:25)
at Base.ProjectSpecificationMethods.BrowserClose(ProjectSpecificationMethods.java:25)
at Base.ProjectSpecificationMethods.BrowserClose(ProjectSpecificationMethods.java:25)
at Base.ProjectSpecificationMethods.BrowserClose(ProjectSpecificationMethods.java:25)
at Base.ProjectSpecificationMethods.BrowserClose(ProjectSpecificationMethods.java:25)
at Base.ProjectSpecificationMethods.BrowserClose(ProjectSpecificationMethods.java:25)
at Base.ProjectSpecificationMethods.BrowserClose(ProjectSpecificationMethods.java:25)
at Base.ProjectSpecificationMethods.BrowserClose(ProjectSpecificationMethods.java:25)
at Base.ProjectSpecificationMethods.BrowserClose(ProjectSpecificationMethods.java:25)
at Base.ProjectSpecificationMethods.BrowserClose(ProjectSpecificationMethods.java:25)
at Base.ProjectSpecificationMethods.BrowserClose(ProjectSpecificationMethods.java:25)
at Base.ProjectSpecificationMethods.BrowserClose(ProjectSpecificationMethods.java:25)
at Base.ProjectSpecificationMethods.BrowserClose(ProjectSpecificationMethods.java:25)
at Base.ProjectSpecificationMethods.BrowserClose(ProjectSpecificationMethods.java:25)
at Base.ProjectSpecificationMethods.BrowserClose(ProjectSpecificationMethods.java:25)
at Base.ProjectSpecificationMethods.BrowserClose(ProjectSpecificationMethods.java:25)
at Base.ProjectSpecificationMethods.BrowserClose(ProjectSpecificationMethods.java:25)
at Base.ProjectSpecificationMethods.BrowserClose(ProjectSpecificationMethods.java:25)
at Base.ProjectSpecificationMethods.BrowserClose(ProjectSpecificationMethods.java:25)
at Base.ProjectSpecificationMethods.BrowserClose(ProjectSpecificationMethods.java:25)
at Base.ProjectSpecificationMethods.BrowserClose(ProjectSpecificationMethods.java:25)
at Base.ProjectSpecificationMethods.BrowserClose(ProjectSpecificationMethods.java:25)
at Base.ProjectSpecificationMethods.BrowserClose(ProjectSpecificationMethods.java:25)
at Base.ProjectSpecificationMethods.BrowserClose(ProjectSpecificationMethods.java:25)
at Base.ProjectSpecificationMethods.BrowserClose(ProjectSpecificationMethods.java:25)
at Base.ProjectSpecificationMethods.BrowserClose(ProjectSpecificationMethods.java:25)
at Base.ProjectSpecificationMethods.BrowserClose(ProjectSpecificationMethods.java:25)
at Base.ProjectSpecificationMethods.BrowserClose(ProjectSpecificationMethods.java:25)
at Base.ProjectSpecificationMethods.BrowserClose(ProjectSpecificationMethods.java:25)
at Base.ProjectSpecificationMethods.BrowserClose(ProjectSpecificationMethods.java:25)
at Base.ProjectSpecificationMethods.BrowserClose(ProjectSpecificationMethods.java:25)
at Base.ProjectSpecificationMethods.BrowserClose(ProjectSpecificationMethods.java:25)
at Base.ProjectSpecificationMethods.BrowserClose(ProjectSpecificationMethods.java:25)
at Base.ProjectSpecificationMethods.BrowserClose(ProjectSpecificationMethods.java:25)
at Base.ProjectSpecificationMethods.BrowserClose(ProjectSpecificationMethods.java:25)
at Base.ProjectSpecificationMethods.BrowserClose(ProjectSpecificationMethods.java:25)
at Base.ProjectSpecificationMethods.BrowserClose(ProjectSpecificationMethods.java:25)
at Base.ProjectSpecificationMethods.BrowserClose(ProjectSpecificationMethods.java:25)
at Base.ProjectSpecificationMethods.BrowserClose(ProjectSpecificationMethods.java:25)
at Base.ProjectSpecificationMethods.BrowserClose(ProjectSpecificationMethods.java:25)
at Base.ProjectSpecificationMethods.BrowserClose(ProjectSpecificationMethods.java:25)
at Base.ProjectSpecificationMethods.BrowserClose(ProjectSpecificationMethods.java:25)
at Base.ProjectSpecificationMethods.BrowserClose(ProjectSpecificationMethods.java:25)
at Base.ProjectSpecificationMethods.BrowserClose(ProjectSpecificationMethods.java:25)
at Base.ProjectSpecificationMethods.BrowserClose(ProjectSpecificationMethods.java:25)
at Base.ProjectSpecificationMethods.BrowserClose(ProjectSpecificationMethods.java:25)
at Base.ProjectSpecificationMethods.BrowserClose(ProjectSpecificationMethods.java:25)
at Base.ProjectSpecificationMethods.BrowserClose(ProjectSpecificationMethods.java:25)
at Base.ProjectSpecificationMethods.BrowserClose(ProjectSpecificationMethods.java:25)
at Base.ProjectSpecificationMethods.BrowserClose(ProjectSpecificationMethods.java:25)
at Base.ProjectSpecificationMethods.BrowserClose(ProjectSpecificationMethods.java:25)
at Base.ProjectSpecificationMethods.BrowserClose(ProjectSpecificationMethods.java:25)
at Base.ProjectSpecificationMethods.BrowserClose(ProjectSpecificationMethods.java:25)
at Base.ProjectSpecificationMethods.BrowserClose(ProjectSpecificationMethods.java:25)
at Base.ProjectSpecificationMethods.BrowserClose(ProjectSpecificationMethods.java:25)
at Base.ProjectSpecificationMethods.BrowserClose(ProjectSpecificationMethods.java:25)
at Base.ProjectSpecificationMethods.BrowserClose(ProjectSpecificationMethods.java:25)
at Base.ProjectSpecificationMethods.BrowserClose(ProjectSpecificationMethods.java:25)
at Base.ProjectSpecificationMethods.BrowserClose(ProjectSpecificationMethods.java:25)
at Base.ProjectSpecificationMethods.BrowserClose(ProjectSpecificationMethods.java:25)
at Base.ProjectSpecificationMethods.BrowserClose(ProjectSpecificationMethods.java:25)
at Base.ProjectSpecificationMethods.BrowserClose(ProjectSpecificationMethods.java:25)
at Base.ProjectSpecificationMethods.BrowserClose(ProjectSpecificationMethods.java:25)
at Base.ProjectSpecificationMethods.BrowserClose(ProjectSpecificationMethods.java:25)
at Base.ProjectSpecificationMethods.BrowserClose(ProjectSpecificationMethods.java:25)
at Base.ProjectSpecificationMethods.BrowserClose(ProjectSpecificationMethods.java:25)
at Base.ProjectSpecificationMethods.BrowserClose(ProjectSpecificationMethods.java:25)
at Base.ProjectSpecificationMethods.BrowserClose(ProjectSpecificationMethods.java:25)
at Base.ProjectSpecificationMethods.BrowserClose(ProjectSpecificationMethods.java:25)
at Base.ProjectSpecificationMethods.BrowserClose(ProjectSpecificationMethods.java:25)
at Base.ProjectSpecificationMethods.BrowserClose(ProjectSpecificationMethods.java:25)
at Base.ProjectSpecificationMethods.BrowserClose(ProjectSpecificationMethods.java:25)
at Base.ProjectSpecificationMethods.BrowserClose(ProjectSpecificationMethods.java:25)
at Base.ProjectSpecificationMethods.BrowserClose(ProjectSpecificationMethods.java:25)
at Base.ProjectSpecificationMethods.BrowserClose(ProjectSpecificationMethods.java:25)
at Base.ProjectSpecificationMethods.BrowserClose(ProjectSpecificationMethods.java:25)
at Base.ProjectSpecificationMethods.BrowserClose(ProjectSpecificationMethods.java:25)
at Base.ProjectSpecificationMethods.BrowserClose(ProjectSpecificationMethods.java:25)
at Base.ProjectSpecificationMethods.BrowserClose(ProjectSpecificationMethods.java:25)
at Base.ProjectSpecificationMethods.BrowserClose(ProjectSpecificationMethods.java:25)
at Base.ProjectSpecificationMethods.BrowserClose(ProjectSpecificationMethods.java:25)
at Base.ProjectSpecificationMethods.BrowserClose(ProjectSpecificationMethods.java:25)
at Base.ProjectSpecificationMethods.BrowserClose(ProjectSpecificationMethods.java:25)
at Base.ProjectSpecificationMethods.BrowserClose(ProjectSpecificationMethods.java:25)
at Base.ProjectSpecificationMethods.BrowserClose(ProjectSpecificationMethods.java:25)
at Base.ProjectSpecificationMethods.BrowserClose(ProjectSpecificationMethods.java:25)
at Base.ProjectSpecificationMethods.BrowserClose(ProjectSpecificationMethods.java:25)
at Base.ProjectSpecificationMethods.BrowserClose(ProjectSpecificationMethods.java:25)
at Base.ProjectSpecificationMethods.BrowserClose(ProjectSpecificationMethods.java:25)
at Base.ProjectSpecificationMethods.BrowserClose(ProjectSpecificationMethods.java:25)
at Base.ProjectSpecificationMethods.BrowserClose(ProjectSpecificationMethods.java:25)
at Base.ProjectSpecificationMethods.BrowserClose(ProjectSpecificationMethods.java:25)
at Base.ProjectSpecificationMethods.BrowserClose(ProjectSpecificationMethods.java:25)
at Base.ProjectSpecificationMethods.BrowserClose(ProjectSpecificationMethods.java:25)
at Base.ProjectSpecificationMethods.BrowserClose(ProjectSpecificationMethods.java:25)
at Base.ProjectSpecificationMethods.BrowserClose(ProjectSpecificationMethods.java:25)
at Base.ProjectSpecificationMethods.BrowserClose(ProjectSpecificationMethods.java:25)
at Base.ProjectSpecificationMethods.BrowserClose(ProjectSpecificationMethods.java:25)
at Base.ProjectSpecificationMethods.BrowserClose(ProjectSpecificationMethods.java:25)
at Base.ProjectSpecificationMethods.BrowserClose(ProjectSpecificationMethods.java:25)
at Base.ProjectSpecificationMethods.BrowserClose(ProjectSpecificationMethods.java:25)
at Base.ProjectSpecificationMethods.BrowserClose(ProjectSpecificationMethods.java:25)
at Base.ProjectSpecificationMethods.BrowserClose(ProjectSpecificationMethods.java:25)
at Base.ProjectSpecificationMethods.BrowserClose(ProjectSpecificationMethods.java:25)
at Base.ProjectSpecificationMethods.BrowserClose(ProjectSpecificationMethods.java:25)
at Base.ProjectSpecificationMethods.BrowserClose(ProjectSpecificationMethods.java:25)
at Base.ProjectSpecificationMethods.BrowserClose(ProjectSpecificationMethods.java:25)
at Base.ProjectSpecificationMethods.BrowserClose(ProjectSpecificationMethods.java:25)
at Base.ProjectSpecificationMethods.BrowserClose(ProjectSpecificationMethods.java:25)
at Base.ProjectSpecificationMethods.BrowserClose(ProjectSpecificationMethods.java:25)
at Base.ProjectSpecificationMethods.BrowserClose(ProjectSpecificationMethods.java:25)
at Base.ProjectSpecificationMethods.BrowserClose(ProjectSpecificationMethods.java:25)
at Base.ProjectSpecificationMethods.BrowserClose(ProjectSpecificationMethods.java:25)
at Base.ProjectSpecificationMethods.BrowserClose(ProjectSpecificationMethods.java:25)
at Base.ProjectSpecificationMethods.BrowserClose(ProjectSpecificationMethods.java:25)
at Base.ProjectSpecificationMethods.BrowserClose(ProjectSpecificationMethods.java:25)
at Base.ProjectSpecificationMethods.BrowserClose(ProjectSpecificationMethods.java:25)
at Base.ProjectSpecificationMethods.BrowserClose(ProjectSpecificationMethods.java:25)
at Base.ProjectSpecificationMethods.BrowserClose(ProjectSpecificationMethods.java:25)
at Base.ProjectSpecificationMethods.BrowserClose(ProjectSpecificationMethods.java:25)
at Base.ProjectSpecificationMethods.BrowserClose(ProjectSpecificationMethods.java:25)
at Base.ProjectSpecificationMethods.BrowserClose(ProjectSpecificationMethods.java:25)
at Base.ProjectSpecificationMethods.BrowserClose(ProjectSpecificationMethods.java:25)
at Base.ProjectSpecificationMethods.BrowserClose(ProjectSpecificationMethods.java:25)
at Base.ProjectSpecificationMethods.BrowserClose(ProjectSpecificationMethods.java:25)
at Base.ProjectSpecificationMethods.BrowserClose(ProjectSpecificationMethods.java:25)
at Base.ProjectSpecificationMethods.BrowserClose(ProjectSpecificationMethods.java:25)
at Base.ProjectSpecificationMethods.BrowserClose(ProjectSpecificationMethods.java:25)
at Base.ProjectSpecificationMethods.BrowserClose(ProjectSpecificationMethods.java:25)
at Base.ProjectSpecificationMethods.BrowserClose(ProjectSpecificationMethods.java:25)
at Base.ProjectSpecificationMethods.BrowserClose(ProjectSpecificationMethods.java:25)
at Base.ProjectSpecificationMethods.BrowserClose(ProjectSpecificationMethods.java:25)
at Base.ProjectSpecificationMethods.BrowserClose(ProjectSpecificationMethods.java:25)
at Base.ProjectSpecificationMethods.BrowserClose(ProjectSpecificationMethods.java:25)
at Base.ProjectSpecificationMethods.BrowserClose(ProjectSpecificationMethods.java:25)
at Base.ProjectSpecificationMethods.BrowserClose(ProjectSpecificationMethods.java:25)
at Base.ProjectSpecificationMethods.BrowserClose(ProjectSpecificationMethods.java:25)
at Base.ProjectSpecificationMethods.BrowserClose(ProjectSpecificationMethods.java:25)
at Base.ProjectSpecificationMethods.BrowserClose(ProjectSpecificationMethods.java:25)
at Base.ProjectSpecificationMethods.BrowserClose(ProjectSpecificationMethods.java:25)
at Base.ProjectSpecificationMethods.BrowserClose(ProjectSpecificationMethods.java:25)
at Base.ProjectSpecificationMethods.BrowserClose(ProjectSpecificationMethods.java:25)
at Base.ProjectSpecificationMethods.BrowserClose(ProjectSpecificationMethods.java:25)
at Base.ProjectSpecificationMethods.BrowserClose(ProjectSpecificationMethods.java:25)
at Base.ProjectSpecificationMethods.BrowserClose(ProjectSpecificationMethods.java:25)
at Base.ProjectSpecificationMethods.BrowserClose(ProjectSpecificationMethods.java:25)
at Base.ProjectSpecificationMethods.BrowserClose(ProjectSpecificationMethods.java:25)
at Base.ProjectSpecificationMethods.BrowserClose(ProjectSpecificationMethods.java:25)
at Base.ProjectSpecificationMethods.BrowserClose(ProjectSpecificationMethods.java:25)
at Base.ProjectSpecificationMethods.BrowserClose(ProjectSpecificationMethods.java:25)
at Base.ProjectSpecificationMethods.BrowserClose(ProjectSpecificationMethods.java:25)
at Base.ProjectSpecificationMethods.BrowserClose(ProjectSpecificationMethods.java:25)
at Base.ProjectSpecificationMethods.BrowserClose(ProjectSpecificationMethods.java:25)
at Base.ProjectSpecificationMethods.BrowserClose(ProjectSpecificationMethods.java:25)
at Base.ProjectSpecificationMethods.BrowserClose(ProjectSpecificationMethods.java:25)
at Base.ProjectSpecificationMethods.BrowserClose(ProjectSpecificationMethods.java:25)
at Base.ProjectSpecificationMethods.BrowserClose(ProjectSpecificationMethods.java:25)
at Base.ProjectSpecificationMethods.BrowserClose(ProjectSpecificationMethods.java:25)
at Base.ProjectSpecificationMethods.BrowserClose(ProjectSpecificationMethods.java:25)
at Base.ProjectSpecificationMethods.BrowserClose(ProjectSpecificationMethods.java:25)
at Base.ProjectSpecificationMethods.BrowserClose(ProjectSpecificationMethods.java:25)
at Base.ProjectSpecificationMethods.BrowserClose(ProjectSpecificationMethods.java:25)
at Base.ProjectSpecificationMethods.BrowserClose(ProjectSpecificationMethods.java:25)
at Base.ProjectSpecificationMethods.BrowserClose(ProjectSpecificationMethods.java:25)
at Base.ProjectSpecificationMethods.BrowserClose(ProjectSpecificationMethods.java:25)
at Base.ProjectSpecificationMethods.BrowserClose(ProjectSpecificationMethods.java:25)
at Base.ProjectSpecificationMethods.BrowserClose(ProjectSpecificationMethods.java:25)
at Base.ProjectSpecificationMethods.BrowserClose(ProjectSpecificationMethods.java:25)
at Base.ProjectSpecificationMethods.BrowserClose(ProjectSpecificationMethods.java:25)
at Base.ProjectSpecificationMethods.BrowserClose(ProjectSpecificationMethods.java:25)
at Base.ProjectSpecificationMethods.BrowserClose(ProjectSpecificationMethods.java:25)
at Base.ProjectSpecificationMethods.BrowserClose(ProjectSpecificationMethods.java:25)
at Base.ProjectSpecificationMethods.BrowserClose(ProjectSpecificationMethods.java:25)
at Base.ProjectSpecificationMethods.BrowserClose(ProjectSpecificationMethods.java:25)
at Base.ProjectSpecificationMethods.BrowserClose(ProjectSpecificationMethods.java:25)
at Base.ProjectSpecificationMethods.BrowserClose(ProjectSpecificationMethods.java:25)
at Base.ProjectSpecificationMethods.BrowserClose(ProjectSpecificationMethods.java:25)
at Base.ProjectSpecificationMethods.BrowserClose(ProjectSpecificationMethods.java:25)
at Base.ProjectSpecificationMethods.BrowserClose(ProjectSpecificationMethods.java:25)
at Base.ProjectSpecificationMethods.BrowserClose(ProjectSpecificationMethods.java:25)
at Base.ProjectSpecificationMethods.BrowserClose(ProjectSpecificationMethods.java:25)
at Base.ProjectSpecificationMethods.BrowserClose(ProjectSpecificationMethods.java:25)
at Base.ProjectSpecificationMethods.BrowserClose(ProjectSpecificationMethods.java:25)
at Base.ProjectSpecificationMethods.BrowserClose(ProjectSpecificationMethods.java:25)
at Base.ProjectSpecificationMethods.BrowserClose(ProjectSpecificationMethods.java:25)
at Base.ProjectSpecificationMethods.BrowserClose(ProjectSpecificationMethods.java:25)
at Base.ProjectSpecificationMethods.BrowserClose(ProjectSpecificationMethods.java:25)
at Base.ProjectSpecificationMethods.BrowserClose(ProjectSpecificationMethods.java:25)
at Base.ProjectSpecificationMethods.BrowserClose(ProjectSpecificationMethods.java:25)
at Base.ProjectSpecificationMethods.BrowserClose(ProjectSpecificationMethods.java:25)
at Base.ProjectSpecificationMethods.BrowserClose(ProjectSpecificationMethods.java:25)
at Base.ProjectSpecificationMethods.BrowserClose(ProjectSpecificationMethods.java:25)
at Base.ProjectSpecificationMethods.BrowserClose(ProjectSpecificationMethods.java:25)
at Base.ProjectSpecificationMethods.BrowserClose(ProjectSpecificationMethods.java:25)
at Base.ProjectSpecificationMethods.BrowserClose(ProjectSpecificationMethods.java:25)
at Base.ProjectSpecificationMethods.BrowserClose(ProjectSpecificationMethods.java:25)
at Base.ProjectSpecificationMethods.BrowserClose(ProjectSpecificationMethods.java:25)
at Base.ProjectSpecificationMethods.BrowserClose(ProjectSpecificationMethods.java:25)
at Base.ProjectSpecificationMethods.BrowserClose(ProjectSpecificationMethods.java:25)
at Base.ProjectSpecificationMethods.BrowserClose(ProjectSpecificationMethods.java:25)
at Base.ProjectSpecificationMethods.BrowserClose(ProjectSpecificationMethods.java:25)
at Base.ProjectSpecificationMethods.BrowserClose(ProjectSpecificationMethods.java:25)
at Base.ProjectSpecificationMethods.BrowserClose(ProjectSpecificationMethods.java:25)
at Base.ProjectSpecificationMethods.BrowserClose(ProjectSpecificationMethods.java:25)
at Base.ProjectSpecificationMethods.BrowserClose(ProjectSpecificationMethods.java:25)
at Base.ProjectSpecificationMethods.BrowserClose(ProjectSpecificationMethods.java:25)
at Base.ProjectSpecificationMethods.BrowserClose(ProjectSpecificationMethods.java:25)
at Base.ProjectSpecificationMethods.BrowserClose(ProjectSpecificationMethods.java:25)
at Base.ProjectSpecificationMethods.BrowserClose(ProjectSpecificationMethods.java:25)
at Base.ProjectSpecificationMethods.BrowserClose(ProjectSpecificationMethods.java:25)
at Base.ProjectSpecificationMethods.BrowserClose(ProjectSpecificationMethods.java:25)
at Base.ProjectSpecificationMethods.BrowserClose(ProjectSpecificationMethods.java:25)
at Base.ProjectSpecificationMethods.BrowserClose(ProjectSpecificationMethods.java:25)
at Base.ProjectSpecificationMethods.BrowserClose(ProjectSpecificationMethods.java:25)
at Base.ProjectSpecificationMethods.BrowserClose(ProjectSpecificationMethods.java:25)
at Base.ProjectSpecificationMethods.BrowserClose(ProjectSpecificationMethods.java:25)
at Base.ProjectSpecificationMethods.BrowserClose(ProjectSpecificationMethods.java:25)
at Base.ProjectSpecificationMethods.BrowserClose(ProjectSpecificationMethods.java:25)
at Base.ProjectSpecificationMethods.BrowserClose(ProjectSpecificationMethods.java:25)
at Base.ProjectSpecificationMethods.BrowserClose(ProjectSpecificationMethods.java:25)
at Base.ProjectSpecificationMethods.BrowserClose(ProjectSpecificationMethods.java:25)
at Base.ProjectSpecificationMethods.BrowserClose(ProjectSpecificationMethods.java:25)
at Base.ProjectSpecificationMethods.BrowserClose(ProjectSpecificationMethods.java:25)
at Base.ProjectSpecificationMethods.BrowserClose(ProjectSpecificationMethods.java:25)
at Base.ProjectSpecificationMethods.BrowserClose(ProjectSpecificationMethods.java:25)
at Base.ProjectSpecificationMethods.BrowserClose(ProjectSpecificationMethods.java:25)
at Base.ProjectSpecificationMethods.BrowserClose(ProjectSpecificationMethods.java:25)
at Base.ProjectSpecificationMethods.BrowserClose(ProjectSpecificationMethods.java:25)
at Base.ProjectSpecificationMethods.BrowserClose(ProjectSpecificationMethods.java:25)
at Base.ProjectSpecificationMethods.BrowserClose(ProjectSpecificationMethods.java:25)
at Base.ProjectSpecificationMethods.BrowserClose(ProjectSpecificationMethods.java:25)
at Base.ProjectSpecificationMethods.BrowserClose(ProjectSpecificationMethods.java:25)
at Base.ProjectSpecificationMethods.BrowserClose(ProjectSpecificationMethods.java:25)
at Base.ProjectSpecificationMethods.BrowserClose(ProjectSpecificationMethods.java:25)
at Base.ProjectSpecificationMethods.BrowserClose(ProjectSpecificationMethods.java:25)
at Base.ProjectSpecificationMethods.BrowserClose(ProjectSpecificationMethods.java:25)
at Base.ProjectSpecificationMethods.BrowserClose(ProjectSpecificationMethods.java:25)
at Base.ProjectSpecificationMethods.BrowserClose(ProjectSpecificationMethods.java:25)
at Base.ProjectSpecificationMethods.BrowserClose(ProjectSpecificationMethods.java:25)
at Base.ProjectSpecificationMethods.BrowserClose(ProjectSpecificationMethods.java:25)
at Base.ProjectSpecificationMethods.BrowserClose(ProjectSpecificationMethods.java:25)
at Base.ProjectSpecificationMethods.BrowserClose(ProjectSpecificationMethods.java:25)
at Base.ProjectSpecificationMethods.BrowserClose(ProjectSpecificationMethods.java:25)
at Base.ProjectSpecificationMethods.BrowserClose(ProjectSpecificationMethods.java:25)
at Base.ProjectSpecificationMethods.BrowserClose(ProjectSpecificationMethods.java:25)
at Base.ProjectSpecificationMethods.BrowserClose(ProjectSpecificationMethods.java:25)
at Base.ProjectSpecificationMethods.BrowserClose(ProjectSpecificationMethods.java:25)
at Base.ProjectSpecificationMethods.BrowserClose(ProjectSpecificationMethods.java:25)
at Base.ProjectSpecificationMethods.BrowserClose(ProjectSpecificationMethods.java:25)
at Base.ProjectSpecificationMethods.BrowserClose(ProjectSpecificationMethods.java:25)
at Base.ProjectSpecificationMethods.BrowserClose(ProjectSpecificationMethods.java:25)
at Base.ProjectSpecificationMethods.BrowserClose(ProjectSpecificationMethods.java:25)
at Base.ProjectSpecificationMethods.BrowserClose(ProjectSpecificationMethods.java:25)
at Base.ProjectSpecificationMethods.BrowserClose(ProjectSpecificationMethods.java:25)
at Base.ProjectSpecificationMethods.BrowserClose(ProjectSpecificationMethods.java:25)
at Base.ProjectSpecificationMethods.BrowserClose(ProjectSpecificationMethods.java:25)
at Base.ProjectSpecificationMethods.BrowserClose(ProjectSpecificationMethods.java:25)
at Base.ProjectSpecificationMethods.BrowserClose(ProjectSpecificationMethods.java:25)
at Base.ProjectSpecificationMethods.BrowserClose(ProjectSpecificationMethods.java:25)
at Base.ProjectSpecificationMethods.BrowserClose(ProjectSpecificationMethods.java:25)
at Base.ProjectSpecificationMethods.BrowserClose(ProjectSpecificationMethods.java:25)
at Base.ProjectSpecificationMethods.BrowserClose(ProjectSpecificationMethods.java:25)
at Base.ProjectSpecificationMethods.BrowserClose(ProjectSpecificationMethods.java:25)
at Base.ProjectSpecificationMethods.BrowserClose(ProjectSpecificationMethods.java:25)
at Base.ProjectSpecificationMethods.BrowserClose(ProjectSpecificationMethods.java:25)
at Base.ProjectSpecificationMethods.BrowserClose(ProjectSpecificationMethods.java:25)
at Base.ProjectSpecificationMethods.BrowserClose(ProjectSpecificationMethods.java:25)
at Base.ProjectSpecificationMethods.BrowserClose(ProjectSpecificationMethods.java:25)
at Base.ProjectSpecificationMethods.BrowserClose(ProjectSpecificationMethods.java:25)
at Base.ProjectSpecificationMethods.BrowserClose(ProjectSpecificationMethods.java:25)
at Base.ProjectSpecificationMethods.BrowserClose(ProjectSpecificationMethods.java:25)
at Base.ProjectSpecificationMethods.BrowserClose(ProjectSpecificationMethods.java:25)
at Base.ProjectSpecificationMethods.BrowserClose(ProjectSpecificationMethods.java:25)
at Base.ProjectSpecificationMethods.BrowserClose(ProjectSpecificationMethods.java:25)
at Base.ProjectSpecificationMethods.BrowserClose(ProjectSpecificationMethods.java:25)
at Base.ProjectSpecificationMethods.BrowserClose(ProjectSpecificationMethods.java:25)
at Base.ProjectSpecificationMethods.BrowserClose(ProjectSpecificationMethods.java:25)
at Base.ProjectSpecificationMethods.BrowserClose(ProjectSpecificationMethods.java:25)
at Base.ProjectSpecificationMethods.BrowserClose(ProjectSpecificationMethods.java:25)
at Base.ProjectSpecificationMethods.BrowserClose(ProjectSpecificationMethods.java:25)
at Base.ProjectSpecificationMethods.BrowserClose(ProjectSpecificationMethods.java:25)
at Base.ProjectSpecificationMethods.BrowserClose(ProjectSpecificationMethods.java:25)
at Base.ProjectSpecificationMethods.BrowserClose(ProjectSpecificationMethods.java:25)
at Base.ProjectSpecificationMethods.BrowserClose(ProjectSpecificationMethods.java:25)
at Base.ProjectSpecificationMethods.BrowserClose(ProjectSpecificationMethods.java:25)
at Base.ProjectSpecificationMethods.BrowserClose(ProjectSpecificationMethods.java:25)
at Base.ProjectSpecificationMethods.BrowserClose(ProjectSpecificationMethods.java:25)
at Base.ProjectSpecificationMethods.BrowserClose(ProjectSpecificationMethods.java:25)
at Base.ProjectSpecificationMethods.BrowserClose(ProjectSpecificationMethods.java:25)
at Base.ProjectSpecificationMethods.BrowserClose(ProjectSpecificationMethods.java:25)
at Base.ProjectSpecificationMethods.BrowserClose(ProjectSpecificationMethods.java:25)
at Base.ProjectSpecificationMethods.BrowserClose(ProjectSpecificationMethods.java:25)
at Base.ProjectSpecificationMethods.BrowserClose(ProjectSpecificationMethods.java:25)
at Base.ProjectSpecificationMethods.BrowserClose(ProjectSpecificationMethods.java:25)
at Base.ProjectSpecificationMethods.BrowserClose(ProjectSpecificationMethods.java:25)
at Base.ProjectSpecificationMethods.BrowserClose(ProjectSpecificationMethods.java:25)
at Base.ProjectSpecificationMethods.BrowserClose(ProjectSpecificationMethods.java:25)
at Base.ProjectSpecificationMethods.BrowserClose(ProjectSpecificationMethods.java:25)
at Base.ProjectSpecificationMethods.BrowserClose(ProjectSpecificationMethods.java:25)
at Base.ProjectSpecificationMethods.BrowserClose(ProjectSpecificationMethods.java:25)
at Base.ProjectSpecificationMethods.BrowserClose(ProjectSpecificationMethods.java:25)
at Base.ProjectSpecificationMethods.BrowserClose(ProjectSpecificationMethods.java:25)
at Base.ProjectSpecificationMethods.BrowserClose(ProjectSpecificationMethods.java:25)
at Base.ProjectSpecificationMethods.BrowserClose(ProjectSpecificationMethods.java:25)
at Base.ProjectSpecificationMethods.BrowserClose(ProjectSpecificationMethods.java:25)
at Base.ProjectSpecificationMethods.BrowserClose(ProjectSpecificationMethods.java:25)
at Base.ProjectSpecificationMethods.BrowserClose(ProjectSpecificationMethods.java:25)
at Base.ProjectSpecificationMethods.BrowserClose(ProjectSpecificationMethods.java:25)
at Base.ProjectSpecificationMethods.BrowserClose(ProjectSpecificationMethods.java:25)
at Base.ProjectSpecificationMethods.BrowserClose(ProjectSpecificationMethods.java:25)
at Base.ProjectSpecificationMethods.BrowserClose(ProjectSpecificationMethods.java:25)
at Base.ProjectSpecificationMethods.BrowserClose(ProjectSpecificationMethods.java:25)
at Base.ProjectSpecificationMethods.BrowserClose(ProjectSpecificationMethods.java:25)
at Base.ProjectSpecificationMethods.BrowserClose(ProjectSpecificationMethods.java:25)
at Base.ProjectSpecificationMethods.BrowserClose(ProjectSpecificationMethods.java:25)
at Base.ProjectSpecificationMethods.BrowserClose(ProjectSpecificationMethods.java:25)
at Base.ProjectSpecificationMethods.BrowserClose(ProjectSpecificationMethods.java:25)
at Base.ProjectSpecificationMethods.BrowserClose(ProjectSpecificationMethods.java:25)
at Base.ProjectSpecificationMethods.BrowserClose(ProjectSpecificationMethods.java:25)
at Base.ProjectSpecificationMethods.BrowserClose(ProjectSpecificationMethods.java:25)
at Base.ProjectSpecificationMethods.BrowserClose(ProjectSpecificationMethods.java:25)
at Base.ProjectSpecificationMethods.BrowserClose(ProjectSpecificationMethods.java:25)
at Base.ProjectSpecificationMethods.BrowserClose(ProjectSpecificationMethods.java:25)
at Base.ProjectSpecificationMethods.BrowserClose(ProjectSpecificationMethods.java:25)
at Base.ProjectSpecificationMethods.BrowserClose(ProjectSpecificationMethods.java:25)
at Base.ProjectSpecificationMethods.BrowserClose(ProjectSpecificationMethods.java:25)
at Base.ProjectSpecificationMethods.BrowserClose(ProjectSpecificationMethods.java:25)
at Base.ProjectSpecificationMethods.BrowserClose(ProjectSpecificationMethods.java:25)
at Base.ProjectSpecificationMethods.BrowserClose(ProjectSpecificationMethods.java:25)
at Base.ProjectSpecificationMethods.BrowserClose(ProjectSpecificationMethods.java:25)
at Base.ProjectSpecificationMethods.BrowserClose(ProjectSpecificationMethods.java:25)
at Base.ProjectSpecificationMethods.BrowserClose(ProjectSpecificationMethods.java:25)
at Base.ProjectSpecificationMethods.BrowserClose(ProjectSpecificationMethods.java:25)
at Base.ProjectSpecificationMethods.BrowserClose(ProjectSpecificationMethods.java:25)
at Base.ProjectSpecificationMethods.BrowserClose(ProjectSpecificationMethods.java:25)
at Base.ProjectSpecificationMethods.BrowserClose(ProjectSpecificationMethods.java:25)
at Base.ProjectSpecificationMethods.BrowserClose(ProjectSpecificationMethods.java:25)
at Base.ProjectSpecificationMethods.BrowserClose(ProjectSpecificationMethods.java:25)
at Base.ProjectSpecificationMethods.BrowserClose(ProjectSpecificationMethods.java:25)
at Base.ProjectSpecificationMethods.BrowserClose(ProjectSpecificationMethods.java:25)
at Base.ProjectSpecificationMethods.BrowserClose(ProjectSpecificationMethods.java:25)
at Base.ProjectSpecificationMethods.BrowserClose(ProjectSpecificationMethods.java:25)
at Base.ProjectSpecificationMethods.BrowserClose(ProjectSpecificationMethods.java:25)
at Base.ProjectSpecificationMethods.BrowserClose(ProjectSpecificationMethods.java:25)
at Base.ProjectSpecificationMethods.BrowserClose(ProjectSpecificationMethods.java:25)
at Base.ProjectSpecificationMethods.BrowserClose(ProjectSpecificationMethods.java:25)
at Base.ProjectSpecificationMethods.BrowserClose(ProjectSpecificationMethods.java:25)
at Base.ProjectSpecificationMethods.BrowserClose(ProjectSpecificationMethods.java:25)
at Base.ProjectSpecificationMethods.BrowserClose(ProjectSpecificationMethods.java:25)
at Base.ProjectSpecificationMethods.BrowserClose(ProjectSpecificationMethods.java:25)
at Base.ProjectSpecificationMethods.BrowserClose(ProjectSpecificationMethods.java:25)
at Base.ProjectSpecificationMethods.BrowserClose(ProjectSpecificationMethods.java:25)
at Base.ProjectSpecificationMethods.BrowserClose(ProjectSpecificationMethods.java:25)
at Base.ProjectSpecificationMethods.BrowserClose(ProjectSpecificationMethods.java:25)
at Base.ProjectSpecificationMethods.BrowserClose(ProjectSpecificationMethods.java:25)
at Base.ProjectSpecificationMethods.BrowserClose(ProjectSpecificationMethods.java:25)
at Base.ProjectSpecificationMethods.BrowserClose(ProjectSpecificationMethods.java:25)
at Base.ProjectSpecificationMethods.BrowserClose(ProjectSpecificationMethods.java:25)
at Base.ProjectSpecificationMethods.BrowserClose(ProjectSpecificationMethods.java:25)
at Base.ProjectSpecificationMethods.BrowserClose(ProjectSpecificationMethods.java:25)
at Base.ProjectSpecificationMethods.BrowserClose(ProjectSpecificationMethods.java:25)
at Base.ProjectSpecificationMethods.BrowserClose(ProjectSpecificationMethods.java:25)
at Base.ProjectSpecificationMethods.BrowserClose(ProjectSpecificationMethods.java:25)
at Base.ProjectSpecificationMethods.BrowserClose(ProjectSpecificationMethods.java:25)
at Base.ProjectSpecificationMethods.BrowserClose(ProjectSpecificationMethods.java:25)
at Base.ProjectSpecificationMethods.BrowserClose(ProjectSpecificationMethods.java:25)
at Base.ProjectSpecificationMethods.BrowserClose(ProjectSpecificationMethods.java:25)
at Base.ProjectSpecificationMethods.BrowserClose(ProjectSpecificationMethods.java:25)
at Base.ProjectSpecificationMethods.BrowserClose(ProjectSpecificationMethods.java:25)
at Base.ProjectSpecificationMethods.BrowserClose(ProjectSpecificationMethods.java:25)
at Base.ProjectSpecificationMethods.BrowserClose(ProjectSpecificationMethods.java:25)
at Base.ProjectSpecificationMethods.BrowserClose(ProjectSpecificationMethods.java:25)
at Base.ProjectSpecificationMethods.BrowserClose(ProjectSpecificationMethods.java:25)
at Base.ProjectSpecificationMethods.BrowserClose(ProjectSpecificationMethods.java:25)
at Base.ProjectSpecificationMethods.BrowserClose(ProjectSpecificationMethods.java:25)
at Base.ProjectSpecificationMethods.BrowserClose(ProjectSpecificationMethods.java:25)
at Base.ProjectSpecificationMethods.BrowserClose(ProjectSpecificationMethods.java:25)
at Base.ProjectSpecificationMethods.BrowserClose(ProjectSpecificationMethods.java:25)
at Base.ProjectSpecificationMethods.BrowserClose(ProjectSpecificationMethods.java:25)
at Base.ProjectSpecificationMethods.BrowserClose(ProjectSpecificationMethods.java:25)
at Base.ProjectSpecificationMethods.BrowserClose(ProjectSpecificationMethods.java:25)
at Base.ProjectSpecificationMethods.BrowserClose(ProjectSpecificationMethods.java:25)
at Base.ProjectSpecificationMethods.BrowserClose(ProjectSpecificationMethods.java:25)
at Base.ProjectSpecificationMethods.BrowserClose(ProjectSpecificationMethods.java:25)
at Base.ProjectSpecificationMethods.BrowserClose(ProjectSpecificationMethods.java:25)
at Base.ProjectSpecificationMethods.BrowserClose(ProjectSpecificationMethods.java:25)
at Base.ProjectSpecificationMethods.BrowserClose(ProjectSpecificationMethods.java:25)
at Base.ProjectSpecificationMethods.BrowserClose(ProjectSpecificationMethods.java:25)
at Base.ProjectSpecificationMethods.BrowserClose(ProjectSpecificationMethods.java:25)
at Base.ProjectSpecificationMethods.BrowserClose(ProjectSpecificationMethods.java:25)
at Base.ProjectSpecificationMethods.BrowserClose(ProjectSpecificationMethods.java:25)
at Base.ProjectSpecificationMethods.BrowserClose(ProjectSpecificationMethods.java:25)
at Base.ProjectSpecificationMethods.BrowserClose(ProjectSpecificationMethods.java:25)
at Base.ProjectSpecificationMethods.BrowserClose(ProjectSpecificationMethods.java:25)
at Base.ProjectSpecificationMethods.BrowserClose(ProjectSpecificationMethods.java:25)
at Base.ProjectSpecificationMethods.BrowserClose(ProjectSpecificationMethods.java:25)
at Base.ProjectSpecificationMethods.BrowserClose(ProjectSpecificationMethods.java:25)
at Base.ProjectSpecificationMethods.BrowserClose(ProjectSpecificationMethods.java:25)
at Base.ProjectSpecificationMethods.BrowserClose(ProjectSpecificationMethods.java:25)
at Base.ProjectSpecificationMethods.BrowserClose(ProjectSpecificationMethods.java:25)
at Base.ProjectSpecificationMethods.BrowserClose(ProjectSpecificationMethods.java:25)
at Base.ProjectSpecificationMethods.BrowserClose(ProjectSpecificationMethods.java:25)
at Base.ProjectSpecificationMethods.BrowserClose(ProjectSpecificationMethods.java:25)
at Base.ProjectSpecificationMethods.BrowserClose(ProjectSpecificationMethods.java:25)
at Base.ProjectSpecificationMethods.BrowserClose(ProjectSpecificationMethods.java:25)
at Base.ProjectSpecificationMethods.BrowserClose(ProjectSpecificationMethods.java:25)
at Base.ProjectSpecificationMethods.BrowserClose(ProjectSpecificationMethods.java:25)
at Base.ProjectSpecificationMethods.BrowserClose(ProjectSpecificationMethods.java:25)
at Base.ProjectSpecificationMethods.BrowserClose(ProjectSpecificationMethods.java:25)
at Base.ProjectSpecificationMethods.BrowserClose(ProjectSpecificationMethods.java:25)
at Base.ProjectSpecificationMethods.BrowserClose(ProjectSpecificationMethods.java:25)
at Base.ProjectSpecificationMethods.BrowserClose(ProjectSpecificationMethods.java:25)
at Base.ProjectSpecificationMethods.BrowserClose(ProjectSpecificationMethods.java:25)
at Base.ProjectSpecificationMethods.BrowserClose(ProjectSpecificationMethods.java:25)
at Base.ProjectSpecificationMethods.BrowserClose(ProjectSpecificationMethods.java:25)
at Base.ProjectSpecificationMethods.BrowserClose(ProjectSpecificationMethods.java:25)
at Base.ProjectSpecificationMethods.BrowserClose(ProjectSpecificationMethods.java:25)
at Base.ProjectSpecificationMethods.BrowserClose(ProjectSpecificationMethods.java:25)
at Base.ProjectSpecificationMethods.BrowserClose(ProjectSpecificationMethods.java:25)
at Base.ProjectSpecificationMethods.BrowserClose(ProjectSpecificationMethods.java:25)
at Base.ProjectSpecificationMethods.BrowserClose(ProjectSpecificationMethods.java:25)
at Base.ProjectSpecificationMethods.BrowserClose(ProjectSpecificationMethods.java:25)
at Base.ProjectSpecificationMethods.BrowserClose(ProjectSpecificationMethods.java:25)
at Base.ProjectSpecificationMethods.BrowserClose(ProjectSpecificationMethods.java:25)
at Base.ProjectSpecificationMethods.BrowserClose(ProjectSpecificationMethods.java:25)
at Base.ProjectSpecificationMethods.BrowserClose(ProjectSpecificationMethods.java:25)
at Base.ProjectSpecificationMethods.BrowserClose(ProjectSpecificationMethods.java:25)
at Base.ProjectSpecificationMethods.BrowserClose(ProjectSpecificationMethods.java:25)
at Base.ProjectSpecificationMethods.BrowserClose(ProjectSpecificationMethods.java:25)
at Base.ProjectSpecificationMethods.BrowserClose(ProjectSpecificationMethods.java:25)
at Base.ProjectSpecificationMethods.BrowserClose(ProjectSpecificationMethods.java:25)
at Base.ProjectSpecificationMethods.BrowserClose(ProjectSpecificationMethods.java:25)
at Base.ProjectSpecificationMethods.BrowserClose(ProjectSpecificationMethods.java:25)
at Base.ProjectSpecificationMethods.BrowserClose(ProjectSpecificationMethods.java:25)
at Base.ProjectSpecificationMethods.BrowserClose(ProjectSpecificationMethods.java:25)
at Base.ProjectSpecificationMethods.BrowserClose(ProjectSpecificationMethods.java:25)
at Base.ProjectSpecificationMethods.BrowserClose(ProjectSpecificationMethods.java:25)
at Base.ProjectSpecificationMethods.BrowserClose(ProjectSpecificationMethods.java:25)
at Base.ProjectSpecificationMethods.BrowserClose(ProjectSpecificationMethods.java:25)
at Base.ProjectSpecificationMethods.BrowserClose(ProjectSpecificationMethods.java:25)
at Base.ProjectSpecificationMethods.BrowserClose(ProjectSpecificationMethods.java:25)
at Base.ProjectSpecificationMethods.BrowserClose(ProjectSpecificationMethods.java:25)
at Base.ProjectSpecificationMethods.BrowserClose(ProjectSpecificationMethods.java:25)
at Base.ProjectSpecificationMethods.BrowserClose(ProjectSpecificationMethods.java:25)
at Base.ProjectSpecificationMethods.BrowserClose(ProjectSpecificationMethods.java:25)
at Base.ProjectSpecificationMethods.BrowserClose(ProjectSpecificationMethods.java:25)
at Base.ProjectSpecificationMethods.BrowserClose(ProjectSpecificationMethods.java:25)
at Base.ProjectSpecificationMethods.BrowserClose(ProjectSpecificationMethods.java:25)
at Base.ProjectSpecificationMethods.BrowserClose(ProjectSpecificationMethods.java:25)
at Base.ProjectSpecificationMethods.BrowserClose(ProjectSpecificationMethods.java:25)
at Base.ProjectSpecificationMethods.BrowserClose(ProjectSpecificationMethods.java:25)
at Base.ProjectSpecificationMethods.BrowserClose(ProjectSpecificationMethods.java:25)
at Base.ProjectSpecificationMethods.BrowserClose(ProjectSpecificationMethods.java:25)
at Base.ProjectSpecificationMethods.BrowserClose(ProjectSpecificationMethods.java:25)
at Base.ProjectSpecificationMethods.BrowserClose(ProjectSpecificationMethods.java:25)
at Base.ProjectSpecificationMethods.BrowserClose(ProjectSpecificationMethods.java:25)
at Base.ProjectSpecificationMethods.BrowserClose(ProjectSpecificationMethods.java:25)
at Base.ProjectSpecificationMethods.BrowserClose(ProjectSpecificationMethods.java:25)
at Base.ProjectSpecificationMethods.BrowserClose(ProjectSpecificationMethods.java:25)
at Base.ProjectSpecificationMethods.BrowserClose(ProjectSpecificationMethods.java:25)
at Base.ProjectSpecificationMethods.BrowserClose(ProjectSpecificationMethods.java:25)
at Base.ProjectSpecificationMethods.BrowserClose(ProjectSpecificationMethods.java:25)
at Base.ProjectSpecificationMethods.BrowserClose(ProjectSpecificationMethods.java:25)
at Base.ProjectSpecificationMethods.BrowserClose(ProjectSpecificationMethods.java:25)
at Base.ProjectSpecificationMethods.BrowserClose(ProjectSpecificationMethods.java:25)
at Base.ProjectSpecificationMethods.BrowserClose(ProjectSpecificationMethods.java:25)
at Base.ProjectSpecificationMethods.BrowserClose(ProjectSpecificationMethods.java:25)
at Base.ProjectSpecificationMethods.BrowserClose(ProjectSpecificationMethods.java:25)
at Base.ProjectSpecificationMethods.BrowserClose(ProjectSpecificationMethods.java:25)
at Base.ProjectSpecificationMethods.BrowserClose(ProjectSpecificationMethods.java:25)
at Base.ProjectSpecificationMethods.BrowserClose(ProjectSpecificationMethods.java:25)
at Base.ProjectSpecificationMethods.BrowserClose(ProjectSpecificationMethods.java:25)
at Base.ProjectSpecificationMethods.BrowserClose(ProjectSpecificationMethods.java:25)
at Base.ProjectSpecificationMethods.BrowserClose(ProjectSpecificationMethods.java:25)
at Base.ProjectSpecificationMethods.BrowserClose(ProjectSpecificationMethods.java:25)
at Base.ProjectSpecificationMethods.BrowserClose(ProjectSpecificationMethods.java:25)
at Base.ProjectSpecificationMethods.BrowserClose(ProjectSpecificationMethods.java:25)
at Base.ProjectSpecificationMethods.BrowserClose(ProjectSpecificationMethods.java:25)
at Base.ProjectSpecificationMethods.BrowserClose(ProjectSpecificationMethods.java:25)
at Base.ProjectSpecificationMethods.BrowserClose(ProjectSpecificationMethods.java:25)
at Base.ProjectSpecificationMethods.BrowserClose(ProjectSpecificationMethods.java:25)
at Base.ProjectSpecificationMethods.BrowserClose(ProjectSpecificationMethods.java:25)
at Base.ProjectSpecificationMethods.BrowserClose(ProjectSpecificationMethods.java:25)
at Base.ProjectSpecificationMethods.BrowserClose(ProjectSpecificationMethods.java:25)
at Base.ProjectSpecificationMethods.BrowserClose(ProjectSpecificationMethods.java:25)
at Base.ProjectSpecificationMethods.BrowserClose(ProjectSpecificationMethods.java:25)
at Base.ProjectSpecificationMethods.BrowserClose(ProjectSpecificationMethods.java:25)
at Base.ProjectSpecificationMethods.BrowserClose(ProjectSpecificationMethods.java:25)
at Base.ProjectSpecificationMethods.BrowserClose(ProjectSpecificationMethods.java:25)
at Base.ProjectSpecificationMethods.BrowserClose(ProjectSpecificationMethods.java:25)
at Base.ProjectSpecificationMethods.BrowserClose(ProjectSpecificationMethods.java:25)
at Base.ProjectSpecificationMethods.BrowserClose(ProjectSpecificationMethods.java:25)
at Base.ProjectSpecificationMethods.BrowserClose(ProjectSpecificationMethods.java:25)
at Base.ProjectSpecificationMethods.BrowserClose(ProjectSpecificationMethods.java:25)
at Base.ProjectSpecificationMethods.BrowserClose(ProjectSpecificationMethods.java:25)
at Base.ProjectSpecificationMethods.BrowserClose(ProjectSpecificationMethods.java:25)
at Base.ProjectSpecificationMethods.BrowserClose(ProjectSpecificationMethods.java:25)
at Base.ProjectSpecificationMethods.BrowserClose(ProjectSpecificationMethods.java:25)
at Base.ProjectSpecificationMethods.BrowserClose(ProjectSpecificationMethods.java:25)
at Base.ProjectSpecificationMethods.BrowserClose(ProjectSpecificationMethods.java:25)
at Base.ProjectSpecificationMethods.BrowserClose(ProjectSpecificationMethods.java:25)
at Base.ProjectSpecificationMethods.BrowserClose(ProjectSpecificationMethods.java:25)
at Base.ProjectSpecificationMethods.BrowserClose(ProjectSpecificationMethods.java:25)
at Base.ProjectSpecificationMethods.BrowserClose(ProjectSpecificationMethods.java:25)
at Base.ProjectSpecificationMethods.BrowserClose(ProjectSpecificationMethods.java:25)
at Base.ProjectSpecificationMethods.BrowserClose(ProjectSpecificationMethods.java:25)
at Base.ProjectSpecificationMethods.BrowserClose(ProjectSpecificationMethods.java:25)
at Base.ProjectSpecificationMethods.BrowserClose(ProjectSpecificationMethods.java:25)
at Base.ProjectSpecificationMethods.BrowserClose(ProjectSpecificationMethods.java:25)
at Base.ProjectSpecificationMethods.BrowserClose(ProjectSpecificationMethods.java:25)
at Base.ProjectSpecificationMethods.BrowserClose(ProjectSpecificationMethods.java:25)
at Base.ProjectSpecificationMethods.BrowserClose(ProjectSpecificationMethods.java:25)
at Base.ProjectSpecificationMethods.BrowserClose(ProjectSpecificationMethods.java:25)
at Base.ProjectSpecificationMethods.BrowserClose(ProjectSpecificationMethods.java:25)
at Base.ProjectSpecificationMethods.BrowserClose(ProjectSpecificationMethods.java:25)
at Base.ProjectSpecificationMethods.BrowserClose(ProjectSpecificationMethods.java:25)
at Base.ProjectSpecificationMethods.BrowserClose(ProjectSpecificationMethods.java:25)
at Base.ProjectSpecificationMethods.BrowserClose(ProjectSpecificationMethods.java:25)
at Base.ProjectSpecificationMethods.BrowserClose(ProjectSpecificationMethods.java:25)
at Base.ProjectSpecificationMethods.BrowserClose(ProjectSpecificationMethods.java:25)
at Base.ProjectSpecificationMethods.BrowserClose(ProjectSpecificationMethods.java:25)
at Base.ProjectSpecificationMethods.BrowserClose(ProjectSpecificationMethods.java:25)
at Base.ProjectSpecificationMethods.BrowserClose(ProjectSpecificationMethods.java:25)
at Base.ProjectSpecificationMethods.BrowserClose(ProjectSpecificationMethods.java:25)
at Base.ProjectSpecificationMethods.BrowserClose(ProjectSpecificationMethods.java:25)
at Base.ProjectSpecificationMethods.BrowserClose(ProjectSpecificationMethods.java:25)
at Base.ProjectSpecificationMethods.BrowserClose(ProjectSpecificationMethods.java:25)
at Base.ProjectSpecificationMethods.BrowserClose(ProjectSpecificationMethods.java:25)
at Base.ProjectSpecificationMethods.BrowserClose(ProjectSpecificationMethods.java:25)
at Base.ProjectSpecificationMethods.BrowserClose(ProjectSpecificationMethods.java:25)
at Base.ProjectSpecificationMethods.BrowserClose(ProjectSpecificationMethods.java:25)
at Base.ProjectSpecificationMethods.BrowserClose(ProjectSpecificationMethods.java:25)
at Base.ProjectSpecificationMethods.BrowserClose(ProjectSpecificationMethods.java:25)
at Base.ProjectSpecificationMethods.BrowserClose(ProjectSpecificationMethods.java:25)
at Base.ProjectSpecificationMethods.BrowserClose(ProjectSpecificationMethods.java:25)
at Base.ProjectSpecificationMethods.BrowserClose(ProjectSpecificationMethods.java:25)
at Base.ProjectSpecificationMethods.BrowserClose(ProjectSpecificationMethods.java:25)
at Base.ProjectSpecificationMethods.BrowserClose(ProjectSpecificationMethods.java:25)
at Base.ProjectSpecificationMethods.BrowserClose(ProjectSpecificationMethods.java:25)
at Base.ProjectSpecificationMethods.BrowserClose(ProjectSpecificationMethods.java:25)
at Base.ProjectSpecificationMethods.BrowserClose(ProjectSpecificationMethods.java:25)
at Base.ProjectSpecificationMethods.BrowserClose(ProjectSpecificationMethods.java:25)
at Base.ProjectSpecificationMethods.BrowserClose(ProjectSpecificationMethods.java:25)
at Base.ProjectSpecificationMethods.BrowserClose(ProjectSpecificationMethods.java:25)
at Base.ProjectSpecificationMethods.BrowserClose(ProjectSpecificationMethods.java:25)
at Base.ProjectSpecificationMethods.BrowserClose(ProjectSpecificationMethods.java:25)
at Base.ProjectSpecificationMethods.BrowserClose(ProjectSpecificationMethods.java:25)
at Base.ProjectSpecificationMethods.BrowserClose(ProjectSpecificationMethods.java:25)
at Base.ProjectSpecificationMethods.BrowserClose(ProjectSpecificationMethods.java:25)
at Base.ProjectSpecificationMethods.BrowserClose(ProjectSpecificationMethods.java:25)
at Base.ProjectSpecificationMethods.BrowserClose(ProjectSpecificationMethods.java:25)
at Base.ProjectSpecificationMethods.BrowserClose(ProjectSpecificationMethods.java:25)
at Base.ProjectSpecificationMethods.BrowserClose(ProjectSpecificationMethods.java:25)
at Base.ProjectSpecificationMethods.BrowserClose(ProjectSpecificationMethods.java:25)
at Base.ProjectSpecificationMethods.BrowserClose(ProjectSpecificationMethods.java:25)
at Base.ProjectSpecificationMethods.BrowserClose(ProjectSpecificationMethods.java:25)
at Base.ProjectSpecificationMethods.BrowserClose(ProjectSpecificationMethods.java:25)
at Base.ProjectSpecificationMethods.BrowserClose(ProjectSpecificationMethods.java:25)
at Base.ProjectSpecificationMethods.BrowserClose(ProjectSpecificationMethods.java:25)
at Base.ProjectSpecificationMethods.BrowserClose(ProjectSpecificationMethods.java:25)
at Base.ProjectSpecificationMethods.BrowserClose(ProjectSpecificationMethods.java:25)
at Base.ProjectSpecificationMethods.BrowserClose(ProjectSpecificationMethods.java:25)
at Base.ProjectSpecificationMethods.BrowserClose(ProjectSpecificationMethods.java:25)
at Base.ProjectSpecificationMethods.BrowserClose(ProjectSpecificationMethods.java:25)
at Base.ProjectSpecificationMethods.BrowserClose(ProjectSpecificationMethods.java:25)
at Base.ProjectSpecificationMethods.BrowserClose(ProjectSpecificationMethods.java:25)
at Base.ProjectSpecificationMethods.BrowserClose(ProjectSpecificationMethods.java:25)
at Base.ProjectSpecificationMethods.BrowserClose(ProjectSpecificationMethods.java:25)
at Base.ProjectSpecificationMethods.BrowserClose(ProjectSpecificationMethods.java:25)
at Base.ProjectSpecificationMethods.BrowserClose(ProjectSpecificationMethods.java:25)
at Base.ProjectSpecificationMethods.BrowserClose(ProjectSpecificationMethods.java:25)
at Base.ProjectSpecificationMethods.BrowserClose(ProjectSpecificationMethods.java:25)
at Base.ProjectSpecificationMethods.BrowserClose(ProjectSpecificationMethods.java:25)
at Base.ProjectSpecificationMethods.BrowserClose(ProjectSpecificationMethods.java:25)
at Base.ProjectSpecificationMethods.BrowserClose(ProjectSpecificationMethods.java:25)
at Base.ProjectSpecificationMethods.BrowserClose(ProjectSpecificationMethods.java:25)
at Base.ProjectSpecificationMethods.BrowserClose(ProjectSpecificationMethods.java:25)
at Base.ProjectSpecificationMethods.BrowserClose(ProjectSpecificationMethods.java:25)
at Base.ProjectSpecificationMethods.BrowserClose(ProjectSpecificationMethods.java:25)
at Base.ProjectSpecificationMethods.BrowserClose(ProjectSpecificationMethods.java:25)
at Base.ProjectSpecificationMethods.BrowserClose(ProjectSpecificationMethods.java:25)
at Base.ProjectSpecificationMethods.BrowserClose(ProjectSpecificationMethods.java:25)
at Base.ProjectSpecificationMethods.BrowserClose(ProjectSpecificationMethods.java:25)
at Base.ProjectSpecificationMethods.BrowserClose(ProjectSpecificationMethods.java:25)
at Base.ProjectSpecificationMethods.BrowserClose(ProjectSpecificationMethods.java:25)
at Base.ProjectSpecificationMethods.BrowserClose(ProjectSpecificationMethods.java:25)
at Base.ProjectSpecificationMethods.BrowserClose(ProjectSpecificationMethods.java:25)
at Base.ProjectSpecificationMethods.BrowserClose(ProjectSpecificationMethods.java:25)
at Base.ProjectSpecificationMethods.BrowserClose(ProjectSpecificationMethods.java:25)
at Base.ProjectSpecificationMethods.BrowserClose(ProjectSpecificationMethods.java:25)
at Base.ProjectSpecificationMethods.BrowserClose(ProjectSpecificationMethods.java:25)
at Base.ProjectSpecificationMethods.BrowserClose(ProjectSpecificationMethods.java:25)
at Base.ProjectSpecificationMethods.BrowserClose(ProjectSpecificationMethods.java:25)
at Base.ProjectSpecificationMethods.BrowserClose(ProjectSpecificationMethods.java:25)
at Base.ProjectSpecificationMethods.BrowserClose(ProjectSpecificationMethods.java:25)
at Base.ProjectSpecificationMethods.BrowserClose(ProjectSpecificationMethods.java:25)
at Base.ProjectSpecificationMethods.BrowserClose(ProjectSpecificationMethods.java:25)
at Base.ProjectSpecificationMethods.BrowserClose(ProjectSpecificationMethods.java:25)
at Base.ProjectSpecificationMethods.BrowserClose(ProjectSpecificationMethods.java:25)
at Base.ProjectSpecificationMethods.BrowserClose(ProjectSpecificationMethods.java:25)
at Base.ProjectSpecificationMethods.BrowserClose(ProjectSpecificationMethods.java:25)
at Base.ProjectSpecificationMethods.BrowserClose(ProjectSpecificationMethods.java:25)
at Base.ProjectSpecificationMethods.BrowserClose(ProjectSpecificationMethods.java:25)
at Base.ProjectSpecificationMethods.BrowserClose(ProjectSpecificationMethods.java:25)
at Base.ProjectSpecificationMethods.BrowserClose(ProjectSpecificationMethods.java:25)
at Base.ProjectSpecificationMethods.BrowserClose(ProjectSpecificationMethods.java:25)
at Base.ProjectSpecificationMethods.BrowserClose(ProjectSpecificationMethods.java:25)
at Base.ProjectSpecificationMethods.BrowserClose(ProjectSpecificationMethods.java:25)
at Base.ProjectSpecificationMethods.BrowserClose(ProjectSpecificationMethods.java:25)
at Base.ProjectSpecificationMethods.BrowserClose(ProjectSpecificationMethods.java:25)
at Base.ProjectSpecificationMethods.BrowserClose(ProjectSpecificationMethods.java:25)
at Base.ProjectSpecificationMethods.BrowserClose(ProjectSpecificationMethods.java:25)
at Base.ProjectSpecificationMethods.BrowserClose(ProjectSpecificationMethods.java:25)
at Base.ProjectSpecificationMethods.BrowserClose(ProjectSpecificationMethods.java:25)
at Base.ProjectSpecificationMethods.BrowserClose(ProjectSpecificationMethods.java:25)
at Base.ProjectSpecificationMethods.BrowserClose(ProjectSpecificationMethods.java:25)
at Base.ProjectSpecificationMethods.BrowserClose(ProjectSpecificationMethods.java:25)
at Base.ProjectSpecificationMethods.BrowserClose(ProjectSpecificationMethods.java:25)
at Base.ProjectSpecificationMethods.BrowserClose(ProjectSpecificationMethods.java:25)
at Base.ProjectSpecificationMethods.BrowserClose(ProjectSpecificationMethods.java:25)
at Base.ProjectSpecificationMethods.BrowserClose(ProjectSpecificationMethods.java:25)
at Base.ProjectSpecificationMethods.BrowserClose(ProjectSpecificationMethods.java:25)
at Base.ProjectSpecificationMethods.BrowserClose(ProjectSpecificationMethods.java:25)
at Base.ProjectSpecificationMethods.BrowserClose(ProjectSpecificationMethods.java:25)
at Base.ProjectSpecificationMethods.BrowserClose(ProjectSpecificationMethods.java:25)
at Base.ProjectSpecificationMethods.BrowserClose(ProjectSpecificationMethods.java:25)
at Base.ProjectSpecificationMethods.BrowserClose(ProjectSpecificationMethods.java:25)
at Base.ProjectSpecificationMethods.BrowserClose(ProjectSpecificationMethods.java:25)
at Base.ProjectSpecificationMethods.BrowserClose(ProjectSpecificationMethods.java:25)
at Base.ProjectSpecificationMethods.BrowserClose(ProjectSpecificationMethods.java:25)
at Base.ProjectSpecificationMethods.BrowserClose(ProjectSpecificationMethods.java:25)
at Base.ProjectSpecificationMethods.BrowserClose(ProjectSpecificationMethods.java:25)
at Base.ProjectSpecificationMethods.BrowserClose(ProjectSpecificationMethods.java:25)
at Base.ProjectSpecificationMethods.BrowserClose(ProjectSpecificationMethods.java:25)
at Base.ProjectSpecificationMethods.BrowserClose(ProjectSpecificationMethods.java:25)
at Base.ProjectSpecificationMethods.BrowserClose(ProjectSpecificationMethods.java:25)
at Base.ProjectSpecificationMethods.BrowserClose(ProjectSpecificationMethods.java:25)
at Base.ProjectSpecificationMethods.BrowserClose(ProjectSpecificationMethods.java:25)
at Base.ProjectSpecificationMethods.BrowserClose(ProjectSpecificationMethods.java:25)
at Base.ProjectSpecificationMethods.BrowserClose(ProjectSpecificationMethods.java:25)
at Base.ProjectSpecificationMethods.BrowserClose(ProjectSpecificationMethods.java:25)
at Base.ProjectSpecificationMethods.BrowserClose(ProjectSpecificationMethods.java:25)
at Base.ProjectSpecificationMethods.BrowserClose(ProjectSpecificationMethods.java:25)
at Base.ProjectSpecificationMethods.BrowserClose(ProjectSpecificationMethods.java:25)
at Base.ProjectSpecificationMethods.BrowserClose(ProjectSpecificationMethods.java:25)
at Base.ProjectSpecificationMethods.BrowserClose(ProjectSpecificationMethods.java:25)
at Base.ProjectSpecificationMethods.BrowserClose(ProjectSpecificationMethods.java:25)
at Base.ProjectSpecificationMethods.BrowserClose(ProjectSpecificationMethods.java:25)
at Base.ProjectSpecificationMethods.BrowserClose(ProjectSpecificationMethods.java:25)
at Base.ProjectSpecificationMethods.BrowserClose(ProjectSpecificationMethods.java:25)
at Base.ProjectSpecificationMethods.BrowserClose(ProjectSpecificationMethods.java:25)
at Base.ProjectSpecificationMethods.BrowserClose(ProjectSpecificationMethods.java:25)
at Base.ProjectSpecificationMethods.BrowserClose(ProjectSpecificationMethods.java:25)
at Base.ProjectSpecificationMethods.BrowserClose(ProjectSpecificationMethods.java:25)
at Base.ProjectSpecificationMethods.BrowserClose(ProjectSpecificationMethods.java:25)
at Base.ProjectSpecificationMethods.BrowserClose(ProjectSpecificationMethods.java:25)
at Base.ProjectSpecificationMethods.BrowserClose(ProjectSpecificationMethods.java:25)
at Base.ProjectSpecificationMethods.BrowserClose(ProjectSpecificationMethods.java:25)
at Base.ProjectSpecificationMethods.BrowserClose(ProjectSpecificationMethods.java:25)
at Base.ProjectSpecificationMethods.BrowserClose(ProjectSpecificationMethods.java:25)
at Base.ProjectSpecificationMethods.BrowserClose(ProjectSpecificationMethods.java:25)
at Base.ProjectSpecificationMethods.BrowserClose(ProjectSpecificationMethods.java:25)
at Base.ProjectSpecificationMethods.BrowserClose(ProjectSpecificationMethods.java:25)
at Base.ProjectSpecificationMethods.BrowserClose(ProjectSpecificationMethods.java:25)
at Base.ProjectSpecificationMethods.BrowserClose(ProjectSpecificationMethods.java:25)
at Base.ProjectSpecificationMethods.BrowserClose(ProjectSpecificationMethods.java:25)
at Base.ProjectSpecificationMethods.BrowserClose(ProjectSpecificationMethods.java:25)
at Base.ProjectSpecificationMethods.BrowserClose(ProjectSpecificationMethods.java:25)
at Base.ProjectSpecificationMethods.BrowserClose(ProjectSpecificationMethods.java:25)
at Base.ProjectSpecificationMethods.BrowserClose(ProjectSpecificationMethods.java:25)
at Base.ProjectSpecificationMethods.BrowserClose(ProjectSpecificationMethods.java:25)
at Base.ProjectSpecificationMethods.BrowserClose(ProjectSpecificationMethods.java:25)
at Base.ProjectSpecificationMethods.BrowserClose(ProjectSpecificationMethods.java:25)
at Base.ProjectSpecificationMethods.BrowserClose(ProjectSpecificationMethods.java:25)
at Base.ProjectSpecificationMethods.BrowserClose(ProjectSpecificationMethods.java:25)
at Base.ProjectSpecificationMethods.BrowserClose(ProjectSpecificationMethods.java:25)
at Base.ProjectSpecificationMethods.BrowserClose(ProjectSpecificationMethods.java:25)
at Base.ProjectSpecificationMethods.BrowserClose(ProjectSpecificationMethods.java:25)
at Base.ProjectSpecificationMethods.BrowserClose(ProjectSpecificationMethods.java:25)
at Base.ProjectSpecificationMethods.BrowserClose(ProjectSpecificationMethods.java:25)
at Base.ProjectSpecificationMethods.BrowserClose(ProjectSpecificationMethods.java:25)
at Base.ProjectSpecificationMethods.BrowserClose(ProjectSpecificationMethods.java:25)
at Base.ProjectSpecificationMethods.BrowserClose(ProjectSpecificationMethods.java:25)
at Base.ProjectSpecificationMethods.BrowserClose(ProjectSpecificationMethods.java:25)
at Base.ProjectSpecificationMethods.BrowserClose(ProjectSpecificationMethods.java:25)
at Base.ProjectSpecificationMethods.BrowserClose(ProjectSpecificationMethods.java:25)
at Base.ProjectSpecificationMethods.BrowserClose(ProjectSpecificationMethods.java:25)
at Base.ProjectSpecificationMethods.BrowserClose(ProjectSpecificationMethods.java:25)
at Base.ProjectSpecificationMethods.BrowserClose(ProjectSpecificationMethods.java:25)
at Base.ProjectSpecificationMethods.BrowserClose(ProjectSpecificationMethods.java:25)
at Base.ProjectSpecificationMethods.BrowserClose(ProjectSpecificationMethods.java:25)
at Base.ProjectSpecificationMethods.BrowserClose(ProjectSpecificationMethods.java:25)
at Base.ProjectSpecificationMethods.BrowserClose(ProjectSpecificationMethods.java:25)
at Base.ProjectSpecificationMethods.BrowserClose(ProjectSpecificationMethods.java:25)
at Base.ProjectSpecificationMethods.BrowserClose(ProjectSpecificationMethods.java:25)
at Base.ProjectSpecificationMethods.BrowserClose(ProjectSpecificationMethods.java:25)
at Base.ProjectSpecificationMethods.BrowserClose(ProjectSpecificationMethods.java:25)
at Base.ProjectSpecificationMethods.BrowserClose(ProjectSpecificationMethods.java:25)
at Base.ProjectSpecificationMethods.BrowserClose(ProjectSpecificationMethods.java:25)
at Base.ProjectSpecificationMethods.BrowserClose(ProjectSpecificationMethods.java:25)
at Base.ProjectSpecificationMethods.BrowserClose(ProjectSpecificationMethods.java:25)
at Base.ProjectSpecificationMethods.BrowserClose(ProjectSpecificationMethods.java:25)
at Base.ProjectSpecificationMethods.BrowserClose(ProjectSpecificationMethods.java:25)
at Base.ProjectSpecificationMethods.BrowserClose(ProjectSpecificationMethods.java:25)
at Base.ProjectSpecificationMethods.BrowserClose(ProjectSpecificationMethods.java:25)
at Base.ProjectSpecificationMethods.BrowserClose(ProjectSpecificationMethods.java:25)
at Base.ProjectSpecificationMethods.BrowserClose(ProjectSpecificationMethods.java:25)
at Base.ProjectSpecificationMethods.BrowserClose(ProjectSpecificationMethods.java:25)
at Base.ProjectSpecificationMethods.BrowserClose(ProjectSpecificationMethods.java:25)
at Base.ProjectSpecificationMethods.BrowserClose(ProjectSpecificationMethods.java:25)
at Base.ProjectSpecificationMethods.BrowserClose(ProjectSpecificationMethods.java:25)
at Base.ProjectSpecificationMethods.BrowserClose(ProjectSpecificationMethods.java:25)
at Base.ProjectSpecificationMethods.BrowserClose(ProjectSpecificationMethods.java:25)
at Base.ProjectSpecificationMethods.BrowserClose(ProjectSpecificationMethods.java:25)
at Base.ProjectSpecificationMethods.BrowserClose(ProjectSpecificationMethods.java:25)
at Base.ProjectSpecificationMethods.BrowserClose(ProjectSpecificationMethods.java:25)
at Base.ProjectSpecificationMethods.BrowserClose(ProjectSpecificationMethods.java:25)
at Base.ProjectSpecificationMethods.BrowserClose(ProjectSpecificationMethods.java:25)
at Base.ProjectSpecificationMethods.BrowserClose(ProjectSpecificationMethods.java:25)
at Base.ProjectSpecificationMethods.BrowserClose(ProjectSpecificationMethods.java:25)
at Base.ProjectSpecificationMethods.BrowserClose(ProjectSpecificationMethods.java:25)
at Base.ProjectSpecificationMethods.BrowserClose(ProjectSpecificationMethods.java:25)
at Base.ProjectSpecificationMethods.BrowserClose(ProjectSpecificationMethods.java:25)
at Base.ProjectSpecificationMethods.BrowserClose(ProjectSpecificationMethods.java:25)
at Base.ProjectSpecificationMethods.BrowserClose(ProjectSpecificationMethods.java:25)
at Base.ProjectSpecificationMethods.BrowserClose(ProjectSpecificationMethods.java:25)
at Base.ProjectSpecificationMethods.BrowserClose(ProjectSpecificationMethods.java:25)
at Base.ProjectSpecificationMethods.BrowserClose(ProjectSpecificationMethods.java:25)
at Base.ProjectSpecificationMethods.BrowserClose(ProjectSpecificationMethods.java:25)
at Base.ProjectSpecificationMethods.BrowserClose(ProjectSpecificationMethods.java:25)
at Base.ProjectSpecificationMethods.BrowserClose(ProjectSpecificationMethods.java:25)
at Base.ProjectSpecificationMethods.BrowserClose(ProjectSpecificationMethods.java:25)
at Base.ProjectSpecificationMethods.BrowserClose(ProjectSpecificationMethods.java:25)
at Base.ProjectSpecificationMethods.BrowserClose(ProjectSpecificationMethods.java:25)
at Base.ProjectSpecificationMethods.BrowserClose(ProjectSpecificationMethods.java:25)
at Base.ProjectSpecificationMethods.BrowserClose(ProjectSpecificationMethods.java:25)
at Base.ProjectSpecificationMethods.BrowserClose(ProjectSpecificationMethods.java:25)
at Base.ProjectSpecificationMethods.BrowserClose(ProjectSpecificationMethods.java:25)
at Base.ProjectSpecificationMethods.BrowserClose(ProjectSpecificationMethods.java:25)
at Base.ProjectSpecificationMethods.BrowserClose(ProjectSpecificationMethods.java:25)
at Base.ProjectSpecificationMethods.BrowserClose(ProjectSpecificationMethods.java:25)
at Base.ProjectSpecificationMethods.BrowserClose(ProjectSpecificationMethods.java:25)
at Base.ProjectSpecificationMethods.BrowserClose(ProjectSpecificationMethods.java:25)
at Base.ProjectSpecificationMethods.BrowserClose(ProjectSpecificationMethods.java:25)
at Base.ProjectSpecificationMethods.BrowserClose(ProjectSpecificationMethods.java:25)
at Base.ProjectSpecificationMethods.BrowserClose(ProjectSpecificationMethods.java:25)
at Base.ProjectSpecificationMethods.BrowserClose(ProjectSpecificationMethods.java:25)
at Base.ProjectSpecificationMethods.BrowserClose(ProjectSpecificationMethods.java:25)
at Base.ProjectSpecificationMethods.BrowserClose(ProjectSpecificationMethods.java:25)
at Base.ProjectSpecificationMethods.BrowserClose(ProjectSpecificationMethods.java:25)
at Base.ProjectSpecificationMethods.BrowserClose(ProjectSpecificationMethods.java:25)
at Base.ProjectSpecificationMethods.BrowserClose(ProjectSpecificationMethods.java:25)
at Base.ProjectSpecificationMethods.BrowserClose(ProjectSpecificationMethods.java:25)
at Base.ProjectSpecificationMethods.BrowserClose(ProjectSpecificationMethods.java:25)
at Base.ProjectSpecificationMethods.BrowserClose(ProjectSpecificationMethods.java:25)
at Base.ProjectSpecificationMethods.BrowserClose(ProjectSpecificationMethods.java:25)
at Base.ProjectSpecificationMethods.BrowserClose(ProjectSpecificationMethods.java:25)
at Base.ProjectSpecificationMethods.BrowserClose(ProjectSpecificationMethods.java:25)
at Base.ProjectSpecificationMethods.BrowserClose(ProjectSpecificationMethods.java:25)
at Base.ProjectSpecificationMethods.BrowserClose(ProjectSpecificationMethods.java:25)
at Base.ProjectSpecificationMethods.BrowserClose(ProjectSpecificationMethods.java:25)
at Base.ProjectSpecificationMethods.BrowserClose(ProjectSpecificationMethods.java:25)
at Base.ProjectSpecificationMethods.BrowserClose(ProjectSpecificationMethods.java:25)
at Base.ProjectSpecificationMethods.BrowserClose(ProjectSpecificationMethods.java:25)
at Base.ProjectSpecificationMethods.BrowserClose(ProjectSpecificationMethods.java:25)
at Base.ProjectSpecificationMethods.BrowserClose(ProjectSpecificationMethods.java:25)
at Base.ProjectSpecificationMethods.BrowserClose(ProjectSpecificationMethods.java:25)
at Base.ProjectSpecificationMethods.BrowserClose(ProjectSpecificationMethods.java:25)
at Base.ProjectSpecificationMethods.BrowserClose(ProjectSpecificationMethods.java:25)
at Base.ProjectSpecificationMethods.BrowserClose(ProjectSpecificationMethods.java:25)
at Base.ProjectSpecificationMethods.BrowserClose(ProjectSpecificationMethods.java:25)
at Base.ProjectSpecificationMethods.BrowserClose(ProjectSpecificationMethods.java:25)
at Base.ProjectSpecificationMethods.BrowserClose(ProjectSpecificationMethods.java:25)
at Base.ProjectSpecificationMethods.BrowserClose(ProjectSpecificationMethods.java:25)
at Base.ProjectSpecificationMethods.BrowserClose(ProjectSpecificationMethods.java:25)
at Base.ProjectSpecificationMethods.BrowserClose(ProjectSpecificationMethods.java:25)
at Base.ProjectSpecificationMethods.BrowserClose(ProjectSpecificationMethods.java:25)
at Base.ProjectSpecificationMethods.BrowserClose(ProjectSpecificationMethods.java:25)
at Base.ProjectSpecificationMethods.BrowserClose(ProjectSpecificationMethods.java:25)
at Base.ProjectSpecificationMethods.BrowserClose(ProjectSpecificationMethods.java:25)
at Base.ProjectSpecificationMethods.BrowserClose(ProjectSpecificationMethods.java:25)
at Base.ProjectSpecificationMethods.BrowserClose(ProjectSpecificationMethods.java:25)
at Base.ProjectSpecificationMethods.BrowserClose(ProjectSpecificationMethods.java:25)
at Base.ProjectSpecificationMethods.BrowserClose(ProjectSpecificationMethods.java:25)
at Base.ProjectSpecificationMethods.BrowserClose(ProjectSpecificationMethods.java:25)
at Base.ProjectSpecificationMethods.BrowserClose(ProjectSpecificationMethods.java:25)
at Base.ProjectSpecificationMethods.BrowserClose(ProjectSpecificationMethods.java:25)
at Base.ProjectSpecificationMethods.BrowserClose(ProjectSpecificationMethods.java:25)
at Base.ProjectSpecificationMethods.BrowserClose(ProjectSpecificationMethods.java:25)
at Base.ProjectSpecificationMethods.BrowserClose(ProjectSpecificationMethods.java:25)
at Base.ProjectSpecificationMethods.BrowserClose(ProjectSpecificationMethods.java:25)
at Base.ProjectSpecificationMethods.BrowserClose(ProjectSpecificationMethods.java:25)
at Base.ProjectSpecificationMethods.BrowserClose(ProjectSpecificationMethods.java:25)
at Base.ProjectSpecificationMethods.BrowserClose(ProjectSpecificationMethods.java:25)
at Base.ProjectSpecificationMethods.BrowserClose(ProjectSpecificationMethods.java:25)
at Base.ProjectSpecificationMethods.BrowserClose(ProjectSpecificationMethods.java:25)
at Base.ProjectSpecificationMethods.BrowserClose(ProjectSpecificationMethods.java:25)
at Base.ProjectSpecificationMethods.BrowserClose(ProjectSpecificationMethods.java:25)
at Base.ProjectSpecificationMethods.BrowserClose(ProjectSpecificationMethods.java:25)
at Base.ProjectSpecificationMethods.BrowserClose(ProjectSpecificationMethods.java:25)
at Base.ProjectSpecificationMethods.BrowserClose(ProjectSpecificationMethods.java:25)
at Base.ProjectSpecificationMethods.BrowserClose(ProjectSpecificationMethods.java:25)
at Base.ProjectSpecificationMethods.BrowserClose(ProjectSpecificationMethods.java:25)
at Base.ProjectSpecificationMethods.BrowserClose(ProjectSpecificationMethods.java:25)
at Base.ProjectSpecificationMethods.BrowserClose(ProjectSpecificationMethods.java:25)
at Base.ProjectSpecificationMethods.BrowserClose(ProjectSpecificationMethods.java:25)
at Base.ProjectSpecificationMethods.BrowserClose(ProjectSpecificationMethods.java:25)
at Base.ProjectSpecificationMethods.BrowserClose(ProjectSpecificationMethods.java:25)
at Base.ProjectSpecificationMethods.BrowserClose(ProjectSpecificationMethods.java:25)
at Base.ProjectSpecificationMethods.BrowserClose(ProjectSpecificationMethods.java:25)
at Base.ProjectSpecificationMethods.BrowserClose(ProjectSpecificationMethods.java:25)
at Base.ProjectSpecificationMethods.BrowserClose(ProjectSpecificationMethods.java:25)
at Base.ProjectSpecificationMethods.BrowserClose(ProjectSpecificationMethods.java:25)
at Base.ProjectSpecificationMethods.BrowserClose(ProjectSpecificationMethods.java:25)
at Base.ProjectSpecificationMethods.BrowserClose(ProjectSpecificationMethods.java:25)
at Base.ProjectSpecificationMethods.BrowserClose(ProjectSpecificationMethods.java:25)
at Base.ProjectSpecificationMethods.BrowserClose(ProjectSpecificationMethods.java:25)
at Base.ProjectSpecificationMethods.BrowserClose(ProjectSpecificationMethods.java:25)
at Base.ProjectSpecificationMethods.BrowserClose(ProjectSpecificationMethods.java:25)
at Base.ProjectSpecificationMethods.BrowserClose(ProjectSpecificationMethods.java:25)
at Base.ProjectSpecificationMethods.BrowserClose(ProjectSpecificationMethods.java:25)
at Base.ProjectSpecificationMethods.BrowserClose(ProjectSpecificationMethods.java:25)
at Base.ProjectSpecificationMethods.BrowserClose(ProjectSpecificationMethods.java:25)
at Base.ProjectSpecificationMethods.BrowserClose(ProjectSpecificationMethods.java:25)
at Base.ProjectSpecificationMethods.BrowserClose(ProjectSpecificationMethods.java:25)
at Base.ProjectSpecificationMethods.BrowserClose(ProjectSpecificationMethods.java:25)
at Base.ProjectSpecificationMethods.BrowserClose(ProjectSpecificationMethods.java:25)
at Base.ProjectSpecificationMethods.BrowserClose(ProjectSpecificationMethods.java:25)
at Base.ProjectSpecificationMethods.BrowserClose(ProjectSpecificationMethods.java:25)
at Base.ProjectSpecificationMethods.BrowserClose(ProjectSpecificationMethods.java:25)
at Base.ProjectSpecificationMethods.BrowserClose(ProjectSpecificationMethods.java:25)
at Base.ProjectSpecificationMethods.BrowserClose(ProjectSpecificationMethods.java:25)
at Base.ProjectSpecificationMethods.BrowserClose(ProjectSpecificationMethods.java:25)
at Base.ProjectSpecificationMethods.BrowserClose(ProjectSpecificationMethods.java:25)
at Base.ProjectSpecificationMethods.BrowserClose(ProjectSpecificationMethods.java:25)
at Base.ProjectSpecificationMethods.BrowserClose(ProjectSpecificationMethods.java:25)
at Base.ProjectSpecificationMethods.BrowserClose(ProjectSpecificationMethods.java:25)
at Base.ProjectSpecificationMethods.BrowserClose(ProjectSpecificationMethods.java:25)
at Base.ProjectSpecificationMethods.BrowserClose(ProjectSpecificationMethods.java:25)
at Base.ProjectSpecificationMethods.BrowserClose(ProjectSpecificationMethods.java:25)
at Base.ProjectSpecificationMethods.BrowserClose(ProjectSpecificationMethods.java:25)
at Base.ProjectSpecificationMethods.BrowserClose(ProjectSpecificationMethods.java:25)
at Base.ProjectSpecificationMethods.BrowserClose(ProjectSpecificationMethods.java:25)
at Base.ProjectSpecificationMethods.BrowserClose(ProjectSpecificationMethods.java:25)
at Base.ProjectSpecificationMethods.BrowserClose(ProjectSpecificationMethods.java:25)
at Base.ProjectSpecificationMethods.BrowserClose(ProjectSpecificationMethods.java:25)
at Base.ProjectSpecificationMethods.BrowserClose(ProjectSpecificationMethods.java:25)
at Base.ProjectSpecificationMethods.BrowserClose(ProjectSpecificationMethods.java:25)
at Base.ProjectSpecificationMethods.BrowserClose(ProjectSpecificationMethods.java:25)
at Base.ProjectSpecificationMethods.BrowserClose(ProjectSpecificationMethods.java:25)
at Base.ProjectSpecificationMethods.BrowserClose(ProjectSpecificationMethods.java:25)
at Base.ProjectSpecificationMethods.BrowserClose(ProjectSpecificationMethods.java:25)
at Base.ProjectSpecificationMethods.BrowserClose(ProjectSpecificationMethods.java:25)
at Base.ProjectSpecificationMethods.BrowserClose(ProjectSpecificationMethods.java:25)
at Base.ProjectSpecificationMethods.BrowserClose(ProjectSpecificationMethods.java:25)
at Base.ProjectSpecificationMethods.BrowserClose(ProjectSpecificationMethods.java:25)
at Base.ProjectSpecificationMethods.BrowserClose(ProjectSpecificationMethods.java:25)
at Base.ProjectSpecificationMethods.BrowserClose(ProjectSpecificationMethods.java:25)
at Base.ProjectSpecificationMethods.BrowserClose(ProjectSpecificationMethods.java:25)
at Base.ProjectSpecificationMethods.BrowserClose(ProjectSpecificationMethods.java:25)
at Base.ProjectSpecificationMethods.BrowserClose(ProjectSpecificationMethods.java:25)
at Base.ProjectSpecificationMethods.BrowserClose(ProjectSpecificationMethods.java:25)
at Base.ProjectSpecificationMethods.BrowserClose(ProjectSpecificationMethods.java:25)
at Base.ProjectSpecificationMethods.BrowserClose(ProjectSpecificationMethods.java:25)
at Base.ProjectSpecificationMethods.BrowserClose(ProjectSpecificationMethods.java:25)
at Base.ProjectSpecificationMethods.BrowserClose(ProjectSpecificationMethods.java:25)
at Base.ProjectSpecificationMethods.BrowserClose(ProjectSpecificationMethods.java:25)
at Base.ProjectSpecificationMethods.BrowserClose(ProjectSpecificationMethods.java:25)
at Base.ProjectSpecificationMethods.BrowserClose(ProjectSpecificationMethods.java:25)
at Base.ProjectSpecificationMethods.BrowserClose(ProjectSpecificationMethods.java:25)
at Base.ProjectSpecificationMethods.BrowserClose(ProjectSpecificationMethods.java:25)
at Base.ProjectSpecificationMethods.BrowserClose(ProjectSpecificationMethods.java:25)
at Base.ProjectSpecificationMethods.BrowserClose(ProjectSpecificationMethods.java:25)
at Base.ProjectSpecificationMethods.BrowserClose(ProjectSpecificationMethods.java:25)
at Base.ProjectSpecificationMethods.BrowserClose(ProjectSpecificationMethods.java:25)
at Base.ProjectSpecificationMethods.BrowserClose(ProjectSpecificationMethods.java:25)
at Base.ProjectSpecificationMethods.BrowserClose(ProjectSpecificationMethods.java:25)
at Base.ProjectSpecificationMethods.BrowserClose(ProjectSpecificationMethods.java:25)
at Base.ProjectSpecificationMethods.BrowserClose(ProjectSpecificationMethods.java:25)
at Base.ProjectSpecificationMethods.BrowserClose(ProjectSpecificationMethods.java:25)
at Base.ProjectSpecificationMethods.BrowserClose(ProjectSpecificationMethods.java:25)
at Base.ProjectSpecificationMethods.BrowserClose(ProjectSpecificationMethods.java:25)
at Base.ProjectSpecificationMethods.BrowserClose(ProjectSpecificationMethods.java:25)
at Base.ProjectSpecificationMethods.BrowserClose(ProjectSpecificationMethods.java:25)
at Base.ProjectSpecificationMethods.BrowserClose(ProjectSpecificationMethods.java:25)
at Base.ProjectSpecificationMethods.BrowserClose(ProjectSpecificationMethods.java:25)
at Base.ProjectSpecificationMethods.BrowserClose(ProjectSpecificationMethods.java:25)
at Base.ProjectSpecificationMethods.BrowserClose(ProjectSpecificationMethods.java:25)
at Base.ProjectSpecificationMethods.BrowserClose(ProjectSpecificationMethods.java:25)
at Base.ProjectSpecificationMethods.BrowserClose(ProjectSpecificationMethods.java:25)
at Base.ProjectSpecificationMethods.BrowserClose(ProjectSpecificationMethods.java:25)
at Base.ProjectSpecificationMethods.BrowserClose(ProjectSpecificationMethods.java:25)
at Base.ProjectSpecificationMethods.BrowserClose(ProjectSpecificationMethods.java:25)
at Base.ProjectSpecificationMethods.BrowserClose(ProjectSpecificationMethods.java:25)
at Base.ProjectSpecificationMethods.BrowserClose(ProjectSpecificationMethods.java:25)
at Base.ProjectSpecificationMethods.BrowserClose(ProjectSpecificationMethods.java:25)
at Base.ProjectSpecificationMethods.BrowserClose(ProjectSpecificationMethods.java:25)
at Base.ProjectSpecificationMethods.BrowserClose(ProjectSpecificationMethods.java:25)
at Base.ProjectSpecificationMethods.BrowserClose(ProjectSpecificationMethods.java:25)
at Base.ProjectSpecificationMethods.BrowserClose(ProjectSpecificationMethods.java:25)
at Base.ProjectSpecificationMethods.BrowserClose(ProjectSpecificationMethods.java:25)
at Base.ProjectSpecificationMethods.BrowserClose(ProjectSpecificationMethods.java:25)
]]>
    </error>
  </testcase> <!-- BrowserClose -->
</testsuite> <!-- Test.TC_002_VerifySuccessfullFeedbackUpdateTest -->
