<?xml version="1.0" encoding="UTF-8"?>
<!-- Generated by org.testng.reporters.JUnitReportReporter -->
<testsuite hostname="DESKTOP-76PLB9N" failures="0" tests="2" name="Test.TC_003_VerifyNoUpdateMissingFieldTest" time="22.169" errors="2" timestamp="2025-06-18T12:41:29 IST" skipped="0">
  <testcase classname="Test.TC_003_VerifyNoUpdateMissingFieldTest" name="VerifyNoUpdateMissingFieldTest" time="22.119">
    <error message="no such alert
  (Session info: chrome=137.0.7151.104)
Build info: version: &#039;4.33.0&#039;, revision: &#039;2c6aaad03a&#039;
System info: os.name: &#039;Windows 10&#039;, os.arch: &#039;amd64&#039;, os.version: &#039;10.0&#039;, java.version: &#039;21.0.5&#039;
Driver info: org.openqa.selenium.chrome.ChromeDriver
Command: [48225119bf5e1b2b0e6bc5ff02a35696, getAlertText {}]
Capabilities {acceptInsecureCerts: false, browserName: chrome, browserVersion: 137.0.7151.104, chrome: {chromedriverVersion: 137.0.7151.119 (e0ac9d12dff..., userDataDir: C:\Users\hey\AppData\Local\...}, fedcm:accounts: true, goog:chromeOptions: {debuggerAddress: localhost:53643}, networkConnectionEnabled: false, pageLoadStrategy: normal, platformName: windows, proxy: Proxy(), se:cdp: ws://localhost:53643/devtoo..., se:cdpVersion: 137.0.7151.104, setWindowRect: true, strictFileInteractability: false, timeouts: {implicit: 0, pageLoad: 300000, script: 30000}, unhandledPromptBehavior: dismiss and notify, webauthn:extension:credBlob: true, webauthn:extension:largeBlob: true, webauthn:extension:minPinLength: true, webauthn:extension:prf: true, webauthn:virtualAuthenticators: true}
Session ID: 48225119bf5e1b2b0e6bc5ff02a35696" type="org.openqa.selenium.NoAlertPresentException">
      <![CDATA[org.openqa.selenium.NoAlertPresentException: no such alert
  (Session info: chrome=137.0.7151.104)
Build info: version: '4.33.0', revision: '2c6aaad03a'
System info: os.name: 'Windows 10', os.arch: 'amd64', os.version: '10.0', java.version: '21.0.5'
Driver info: org.openqa.selenium.chrome.ChromeDriver
Command: [48225119bf5e1b2b0e6bc5ff02a35696, getAlertText {}]
Capabilities {acceptInsecureCerts: false, browserName: chrome, browserVersion: 137.0.7151.104, chrome: {chromedriverVersion: 137.0.7151.119 (e0ac9d12dff..., userDataDir: C:\Users\hey\AppData\Local\...}, fedcm:accounts: true, goog:chromeOptions: {debuggerAddress: localhost:53643}, networkConnectionEnabled: false, pageLoadStrategy: normal, platformName: windows, proxy: Proxy(), se:cdp: ws://localhost:53643/devtoo..., se:cdpVersion: 137.0.7151.104, setWindowRect: true, strictFileInteractability: false, timeouts: {implicit: 0, pageLoad: 300000, script: 30000}, unhandledPromptBehavior: dismiss and notify, webauthn:extension:credBlob: true, webauthn:extension:largeBlob: true, webauthn:extension:minPinLength: true, webauthn:extension:prf: true, webauthn:virtualAuthenticators: true}
Session ID: 48225119bf5e1b2b0e6bc5ff02a35696
at java.base/jdk.internal.reflect.DirectConstructorHandleAccessor.newInstance(DirectConstructorHandleAccessor.java:62)
at java.base/java.lang.reflect.Constructor.newInstanceWithCaller(Constructor.java:502)
at java.base/java.lang.reflect.Constructor.newInstance(Constructor.java:486)
at org.openqa.selenium.remote.ErrorCodec.decode(ErrorCodec.java:167)
at org.openqa.selenium.remote.codec.w3c.W3CHttpResponseCodec.decode(W3CHttpResponseCodec.java:138)
at org.openqa.selenium.remote.codec.w3c.W3CHttpResponseCodec.decode(W3CHttpResponseCodec.java:50)
at org.openqa.selenium.remote.HttpCommandExecutor.execute(HttpCommandExecutor.java:215)
at org.openqa.selenium.remote.service.DriverCommandExecutor.invokeExecute(DriverCommandExecutor.java:216)
at org.openqa.selenium.remote.service.DriverCommandExecutor.execute(DriverCommandExecutor.java:174)
at org.openqa.selenium.remote.RemoteWebDriver.execute(RemoteWebDriver.java:544)
at org.openqa.selenium.remote.RemoteWebDriver.execute(RemoteWebDriver.java:617)
at org.openqa.selenium.remote.RemoteWebDriver.execute(RemoteWebDriver.java:621)
at org.openqa.selenium.remote.RemoteWebDriver$RemoteTargetLocator.alert(RemoteWebDriver.java:1175)
at Pages.FeedbackPage.missedvaluefeedbacktest(FeedbackPage.java:50)
at Test.TC_003_VerifyNoUpdateMissingFieldTest.VerifyNoUpdateMissingFieldTest(TC_003_VerifyNoUpdateMissingFieldTest.java:24)
at java.base/jdk.internal.reflect.DirectMethodHandleAccessor.invoke(DirectMethodHandleAccessor.java:103)
at java.base/java.lang.reflect.Method.invoke(Method.java:580)
at org.testng.internal.invokers.MethodInvocationHelper.invokeMethod(MethodInvocationHelper.java:141)
at org.testng.internal.invokers.TestInvoker.invokeMethod(TestInvoker.java:687)
at org.testng.internal.invokers.TestInvoker.invokeTestMethod(TestInvoker.java:230)
at org.testng.internal.invokers.MethodRunner.runInSequence(MethodRunner.java:63)
at org.testng.internal.invokers.TestInvoker$MethodInvocationAgent.invoke(TestInvoker.java:995)
at org.testng.internal.invokers.TestInvoker.invokeTestMethods(TestInvoker.java:203)
at org.testng.internal.invokers.TestMethodWorker.invokeTestMethods(TestMethodWorker.java:154)
at org.testng.internal.invokers.TestMethodWorker.run(TestMethodWorker.java:134)
at java.base/java.util.ArrayList.forEach(ArrayList.java:1596)
at org.testng.TestRunner.privateRun(TestRunner.java:741)
at org.testng.TestRunner.run(TestRunner.java:616)
at org.testng.SuiteRunner.runTest(SuiteRunner.java:421)
at org.testng.SuiteRunner.runSequentially(SuiteRunner.java:413)
at org.testng.SuiteRunner.privateRun(SuiteRunner.java:373)
at org.testng.SuiteRunner.run(SuiteRunner.java:312)
at org.testng.SuiteRunnerWorker.runSuite(SuiteRunnerWorker.java:52)
at org.testng.SuiteRunnerWorker.run(SuiteRunnerWorker.java:95)
at org.testng.TestNG.runSuitesSequentially(TestNG.java:1274)
at org.testng.TestNG.runSuitesLocally(TestNG.java:1208)
at org.testng.TestNG.runSuites(TestNG.java:1112)
at org.testng.TestNG.run(TestNG.java:1079)
at org.testng.remote.AbstractRemoteTestNG.run(AbstractRemoteTestNG.java:115)
at org.testng.remote.RemoteTestNG.initAndRun(RemoteTestNG.java:293)
at org.testng.remote.RemoteTestNG.main(RemoteTestNG.java:91)
]]>
    </error>
  </testcase> <!-- VerifyNoUpdateMissingFieldTest -->
  <testcase classname="Test.TC_003_VerifyNoUpdateMissingFieldTest" name="BrowserClose" time="0.050">
    <error type="java.lang.StackOverflowError">
      <![CDATA[java.lang.StackOverflowError
at Base.ProjectSpecificationMethods.BrowserClose(ProjectSpecificationMethods.java:25)
at Base.ProjectSpecificationMethods.BrowserClose(ProjectSpecificationMethods.java:25)
at Base.ProjectSpecificationMethods.BrowserClose(ProjectSpecificationMethods.java:25)
at Base.ProjectSpecificationMethods.BrowserClose(ProjectSpecificationMethods.java:25)
at Base.ProjectSpecificationMethods.BrowserClose(ProjectSpecificationMethods.java:25)
at Base.ProjectSpecificationMethods.BrowserClose(ProjectSpecificationMethods.java:25)
at Base.ProjectSpecificationMethods.BrowserClose(ProjectSpecificationMethods.java:25)
at Base.ProjectSpecificationMethods.BrowserClose(ProjectSpecificationMethods.java:25)
at Base.ProjectSpecificationMethods.BrowserClose(ProjectSpecificationMethods.java:25)
at Base.ProjectSpecificationMethods.BrowserClose(ProjectSpecificationMethods.java:25)
at Base.ProjectSpecificationMethods.BrowserClose(ProjectSpecificationMethods.java:25)
at Base.ProjectSpecificationMethods.BrowserClose(ProjectSpecificationMethods.java:25)
at Base.ProjectSpecificationMethods.BrowserClose(ProjectSpecificationMethods.java:25)
at Base.ProjectSpecificationMethods.BrowserClose(ProjectSpecificationMethods.java:25)
at Base.ProjectSpecificationMethods.BrowserClose(ProjectSpecificationMethods.java:25)
at Base.ProjectSpecificationMethods.BrowserClose(ProjectSpecificationMethods.java:25)
at Base.ProjectSpecificationMethods.BrowserClose(ProjectSpecificationMethods.java:25)
at Base.ProjectSpecificationMethods.BrowserClose(ProjectSpecificationMethods.java:25)
at Base.ProjectSpecificationMethods.BrowserClose(ProjectSpecificationMethods.java:25)
at Base.ProjectSpecificationMethods.BrowserClose(ProjectSpecificationMethods.java:25)
at Base.ProjectSpecificationMethods.BrowserClose(ProjectSpecificationMethods.java:25)
at Base.ProjectSpecificationMethods.BrowserClose(ProjectSpecificationMethods.java:25)
at Base.ProjectSpecificationMethods.BrowserClose(ProjectSpecificationMethods.java:25)
at Base.ProjectSpecificationMethods.BrowserClose(ProjectSpecificationMethods.java:25)
at Base.ProjectSpecificationMethods.BrowserClose(ProjectSpecificationMethods.java:25)
at Base.ProjectSpecificationMethods.BrowserClose(ProjectSpecificationMethods.java:25)
at Base.ProjectSpecificationMethods.BrowserClose(ProjectSpecificationMethods.java:25)
at Base.ProjectSpecificationMethods.BrowserClose(ProjectSpecificationMethods.java:25)
at Base.ProjectSpecificationMethods.BrowserClose(ProjectSpecificationMethods.java:25)
at Base.ProjectSpecificationMethods.BrowserClose(ProjectSpecificationMethods.java:25)
at Base.ProjectSpecificationMethods.BrowserClose(ProjectSpecificationMethods.java:25)
at Base.ProjectSpecificationMethods.BrowserClose(ProjectSpecificationMethods.java:25)
at Base.ProjectSpecificationMethods.BrowserClose(ProjectSpecificationMethods.java:25)
at Base.ProjectSpecificationMethods.BrowserClose(ProjectSpecificationMethods.java:25)
at Base.ProjectSpecificationMethods.BrowserClose(ProjectSpecificationMethods.java:25)
at Base.ProjectSpecificationMethods.BrowserClose(ProjectSpecificationMethods.java:25)
at Base.ProjectSpecificationMethods.BrowserClose(ProjectSpecificationMethods.java:25)
at Base.ProjectSpecificationMethods.BrowserClose(ProjectSpecificationMethods.java:25)
at Base.ProjectSpecificationMethods.BrowserClose(ProjectSpecificationMethods.java:25)
at Base.ProjectSpecificationMethods.BrowserClose(ProjectSpecificationMethods.java:25)
at Base.ProjectSpecificationMethods.BrowserClose(ProjectSpecificationMethods.java:25)
at Base.ProjectSpecificationMethods.BrowserClose(ProjectSpecificationMethods.java:25)
at Base.ProjectSpecificationMethods.BrowserClose(ProjectSpecificationMethods.java:25)
at Base.ProjectSpecificationMethods.BrowserClose(ProjectSpecificationMethods.java:25)
at Base.ProjectSpecificationMethods.BrowserClose(ProjectSpecificationMethods.java:25)
at Base.ProjectSpecificationMethods.BrowserClose(ProjectSpecificationMethods.java:25)
at Base.ProjectSpecificationMethods.BrowserClose(ProjectSpecificationMethods.java:25)
at Base.ProjectSpecificationMethods.BrowserClose(ProjectSpecificationMethods.java:25)
at Base.ProjectSpecificationMethods.BrowserClose(ProjectSpecificationMethods.java:25)
at Base.ProjectSpecificationMethods.BrowserClose(ProjectSpecificationMethods.java:25)
at Base.ProjectSpecificationMethods.BrowserClose(ProjectSpecificationMethods.java:25)
at Base.ProjectSpecificationMethods.BrowserClose(ProjectSpecificationMethods.java:25)
at Base.ProjectSpecificationMethods.BrowserClose(ProjectSpecificationMethods.java:25)
at Base.ProjectSpecificationMethods.BrowserClose(ProjectSpecificationMethods.java:25)
at Base.ProjectSpecificationMethods.BrowserClose(ProjectSpecificationMethods.java:25)
at Base.ProjectSpecificationMethods.BrowserClose(ProjectSpecificationMethods.java:25)
at Base.ProjectSpecificationMethods.BrowserClose(ProjectSpecificationMethods.java:25)
at Base.ProjectSpecificationMethods.BrowserClose(ProjectSpecificationMethods.java:25)
at Base.ProjectSpecificationMethods.BrowserClose(ProjectSpecificationMethods.java:25)
at Base.ProjectSpecificationMethods.BrowserClose(ProjectSpecificationMethods.java:25)
at Base.ProjectSpecificationMethods.BrowserClose(ProjectSpecificationMethods.java:25)
at Base.ProjectSpecificationMethods.BrowserClose(ProjectSpecificationMethods.java:25)
at Base.ProjectSpecificationMethods.BrowserClose(ProjectSpecificationMethods.java:25)
at Base.ProjectSpecificationMethods.BrowserClose(ProjectSpecificationMethods.java:25)
at Base.ProjectSpecificationMethods.BrowserClose(ProjectSpecificationMethods.java:25)
at Base.ProjectSpecificationMethods.BrowserClose(ProjectSpecificationMethods.java:25)
at Base.ProjectSpecificationMethods.BrowserClose(ProjectSpecificationMethods.java:25)
at Base.ProjectSpecificationMethods.BrowserClose(ProjectSpecificationMethods.java:25)
at Base.ProjectSpecificationMethods.BrowserClose(ProjectSpecificationMethods.java:25)
at Base.ProjectSpecificationMethods.BrowserClose(ProjectSpecificationMethods.java:25)
at Base.ProjectSpecificationMethods.BrowserClose(ProjectSpecificationMethods.java:25)
at Base.ProjectSpecificationMethods.BrowserClose(ProjectSpecificationMethods.java:25)
at Base.ProjectSpecificationMethods.BrowserClose(ProjectSpecificationMethods.java:25)
at Base.ProjectSpecificationMethods.BrowserClose(ProjectSpecificationMethods.java:25)
at Base.ProjectSpecificationMethods.BrowserClose(ProjectSpecificationMethods.java:25)
at Base.ProjectSpecificationMethods.BrowserClose(ProjectSpecificationMethods.java:25)
at Base.ProjectSpecificationMethods.BrowserClose(ProjectSpecificationMethods.java:25)
at Base.ProjectSpecificationMethods.BrowserClose(ProjectSpecificationMethods.java:25)
at Base.ProjectSpecificationMethods.BrowserClose(ProjectSpecificationMethods.java:25)
at Base.ProjectSpecificationMethods.BrowserClose(ProjectSpecificationMethods.java:25)
at Base.ProjectSpecificationMethods.BrowserClose(ProjectSpecificationMethods.java:25)
at Base.ProjectSpecificationMethods.BrowserClose(ProjectSpecificationMethods.java:25)
at Base.ProjectSpecificationMethods.BrowserClose(ProjectSpecificationMethods.java:25)
at Base.ProjectSpecificationMethods.BrowserClose(ProjectSpecificationMethods.java:25)
at Base.ProjectSpecificationMethods.BrowserClose(ProjectSpecificationMethods.java:25)
at Base.ProjectSpecificationMethods.BrowserClose(ProjectSpecificationMethods.java:25)
at Base.ProjectSpecificationMethods.BrowserClose(ProjectSpecificationMethods.java:25)
at Base.ProjectSpecificationMethods.BrowserClose(ProjectSpecificationMethods.java:25)
at Base.ProjectSpecificationMethods.BrowserClose(ProjectSpecificationMethods.java:25)
at Base.ProjectSpecificationMethods.BrowserClose(ProjectSpecificationMethods.java:25)
at Base.ProjectSpecificationMethods.BrowserClose(ProjectSpecificationMethods.java:25)
at Base.ProjectSpecificationMethods.BrowserClose(ProjectSpecificationMethods.java:25)
at Base.ProjectSpecificationMethods.BrowserClose(ProjectSpecificationMethods.java:25)
at Base.ProjectSpecificationMethods.BrowserClose(ProjectSpecificationMethods.java:25)
at Base.ProjectSpecificationMethods.BrowserClose(ProjectSpecificationMethods.java:25)
at Base.ProjectSpecificationMethods.BrowserClose(ProjectSpecificationMethods.java:25)
at Base.ProjectSpecificationMethods.BrowserClose(ProjectSpecificationMethods.java:25)
at Base.ProjectSpecificationMethods.BrowserClose(ProjectSpecificationMethods.java:25)
at Base.ProjectSpecificationMethods.BrowserClose(ProjectSpecificationMethods.java:25)
at Base.ProjectSpecificationMethods.BrowserClose(ProjectSpecificationMethods.java:25)
at Base.ProjectSpecificationMethods.BrowserClose(ProjectSpecificationMethods.java:25)
at Base.ProjectSpecificationMethods.BrowserClose(ProjectSpecificationMethods.java:25)
at Base.ProjectSpecificationMethods.BrowserClose(ProjectSpecificationMethods.java:25)
at Base.ProjectSpecificationMethods.BrowserClose(ProjectSpecificationMethods.java:25)
at Base.ProjectSpecificationMethods.BrowserClose(ProjectSpecificationMethods.java:25)
at Base.ProjectSpecificationMethods.BrowserClose(ProjectSpecificationMethods.java:25)
at Base.ProjectSpecificationMethods.BrowserClose(ProjectSpecificationMethods.java:25)
at Base.ProjectSpecificationMethods.BrowserClose(ProjectSpecificationMethods.java:25)
at Base.ProjectSpecificationMethods.BrowserClose(ProjectSpecificationMethods.java:25)
at Base.ProjectSpecificationMethods.BrowserClose(ProjectSpecificationMethods.java:25)
at Base.ProjectSpecificationMethods.BrowserClose(ProjectSpecificationMethods.java:25)
at Base.ProjectSpecificationMethods.BrowserClose(ProjectSpecificationMethods.java:25)
at Base.ProjectSpecificationMethods.BrowserClose(ProjectSpecificationMethods.java:25)
at Base.ProjectSpecificationMethods.BrowserClose(ProjectSpecificationMethods.java:25)
at Base.ProjectSpecificationMethods.BrowserClose(ProjectSpecificationMethods.java:25)
at Base.ProjectSpecificationMethods.BrowserClose(ProjectSpecificationMethods.java:25)
at Base.ProjectSpecificationMethods.BrowserClose(ProjectSpecificationMethods.java:25)
at Base.ProjectSpecificationMethods.BrowserClose(ProjectSpecificationMethods.java:25)
at Base.ProjectSpecificationMethods.BrowserClose(ProjectSpecificationMethods.java:25)
at Base.ProjectSpecificationMethods.BrowserClose(ProjectSpecificationMethods.java:25)
at Base.ProjectSpecificationMethods.BrowserClose(ProjectSpecificationMethods.java:25)
at Base.ProjectSpecificationMethods.BrowserClose(ProjectSpecificationMethods.java:25)
at Base.ProjectSpecificationMethods.BrowserClose(ProjectSpecificationMethods.java:25)
at Base.ProjectSpecificationMethods.BrowserClose(ProjectSpecificationMethods.java:25)
at Base.ProjectSpecificationMethods.BrowserClose(ProjectSpecificationMethods.java:25)
at Base.ProjectSpecificationMethods.BrowserClose(ProjectSpecificationMethods.java:25)
at Base.ProjectSpecificationMethods.BrowserClose(ProjectSpecificationMethods.java:25)
at Base.ProjectSpecificationMethods.BrowserClose(ProjectSpecificationMethods.java:25)
at Base.ProjectSpecificationMethods.BrowserClose(ProjectSpecificationMethods.java:25)
at Base.ProjectSpecificationMethods.BrowserClose(ProjectSpecificationMethods.java:25)
at Base.ProjectSpecificationMethods.BrowserClose(ProjectSpecificationMethods.java:25)
at Base.ProjectSpecificationMethods.BrowserClose(ProjectSpecificationMethods.java:25)
at Base.ProjectSpecificationMethods.BrowserClose(ProjectSpecificationMethods.java:25)
at Base.ProjectSpecificationMethods.BrowserClose(ProjectSpecificationMethods.java:25)
at Base.ProjectSpecificationMethods.BrowserClose(ProjectSpecificationMethods.java:25)
at Base.ProjectSpecificationMethods.BrowserClose(ProjectSpecificationMethods.java:25)
at Base.ProjectSpecificationMethods.BrowserClose(ProjectSpecificationMethods.java:25)
at Base.ProjectSpecificationMethods.BrowserClose(ProjectSpecificationMethods.java:25)
at Base.ProjectSpecificationMethods.BrowserClose(ProjectSpecificationMethods.java:25)
at Base.ProjectSpecificationMethods.BrowserClose(ProjectSpecificationMethods.java:25)
at Base.ProjectSpecificationMethods.BrowserClose(ProjectSpecificationMethods.java:25)
at Base.ProjectSpecificationMethods.BrowserClose(ProjectSpecificationMethods.java:25)
at Base.ProjectSpecificationMethods.BrowserClose(ProjectSpecificationMethods.java:25)
at Base.ProjectSpecificationMethods.BrowserClose(ProjectSpecificationMethods.java:25)
at Base.ProjectSpecificationMethods.BrowserClose(ProjectSpecificationMethods.java:25)
at Base.ProjectSpecificationMethods.BrowserClose(ProjectSpecificationMethods.java:25)
at Base.ProjectSpecificationMethods.BrowserClose(ProjectSpecificationMethods.java:25)
at Base.ProjectSpecificationMethods.BrowserClose(ProjectSpecificationMethods.java:25)
at Base.ProjectSpecificationMethods.BrowserClose(ProjectSpecificationMethods.java:25)
at Base.ProjectSpecificationMethods.BrowserClose(ProjectSpecificationMethods.java:25)
at Base.ProjectSpecificationMethods.BrowserClose(ProjectSpecificationMethods.java:25)
at Base.ProjectSpecificationMethods.BrowserClose(ProjectSpecificationMethods.java:25)
at Base.ProjectSpecificationMethods.BrowserClose(ProjectSpecificationMethods.java:25)
at Base.ProjectSpecificationMethods.BrowserClose(ProjectSpecificationMethods.java:25)
at Base.ProjectSpecificationMethods.BrowserClose(ProjectSpecificationMethods.java:25)
at Base.ProjectSpecificationMethods.BrowserClose(ProjectSpecificationMethods.java:25)
at Base.ProjectSpecificationMethods.BrowserClose(ProjectSpecificationMethods.java:25)
at Base.ProjectSpecificationMethods.BrowserClose(ProjectSpecificationMethods.java:25)
at Base.ProjectSpecificationMethods.BrowserClose(ProjectSpecificationMethods.java:25)
at Base.ProjectSpecificationMethods.BrowserClose(ProjectSpecificationMethods.java:25)
at Base.ProjectSpecificationMethods.BrowserClose(ProjectSpecificationMethods.java:25)
at Base.ProjectSpecificationMethods.BrowserClose(ProjectSpecificationMethods.java:25)
at Base.ProjectSpecificationMethods.BrowserClose(ProjectSpecificationMethods.java:25)
at Base.ProjectSpecificationMethods.BrowserClose(ProjectSpecificationMethods.java:25)
at Base.ProjectSpecificationMethods.BrowserClose(ProjectSpecificationMethods.java:25)
at Base.ProjectSpecificationMethods.BrowserClose(ProjectSpecificationMethods.java:25)
at Base.ProjectSpecificationMethods.BrowserClose(ProjectSpecificationMethods.java:25)
at Base.ProjectSpecificationMethods.BrowserClose(ProjectSpecificationMethods.java:25)
at Base.ProjectSpecificationMethods.BrowserClose(ProjectSpecificationMethods.java:25)
at Base.ProjectSpecificationMethods.BrowserClose(ProjectSpecificationMethods.java:25)
at Base.ProjectSpecificationMethods.BrowserClose(ProjectSpecificationMethods.java:25)
at Base.ProjectSpecificationMethods.BrowserClose(ProjectSpecificationMethods.java:25)
at Base.ProjectSpecificationMethods.BrowserClose(ProjectSpecificationMethods.java:25)
at Base.ProjectSpecificationMethods.BrowserClose(ProjectSpecificationMethods.java:25)
at Base.ProjectSpecificationMethods.BrowserClose(ProjectSpecificationMethods.java:25)
at Base.ProjectSpecificationMethods.BrowserClose(ProjectSpecificationMethods.java:25)
at Base.ProjectSpecificationMethods.BrowserClose(ProjectSpecificationMethods.java:25)
at Base.ProjectSpecificationMethods.BrowserClose(ProjectSpecificationMethods.java:25)
at Base.ProjectSpecificationMethods.BrowserClose(ProjectSpecificationMethods.java:25)
at Base.ProjectSpecificationMethods.BrowserClose(ProjectSpecificationMethods.java:25)
at Base.ProjectSpecificationMethods.BrowserClose(ProjectSpecificationMethods.java:25)
at Base.ProjectSpecificationMethods.BrowserClose(ProjectSpecificationMethods.java:25)
at Base.ProjectSpecificationMethods.BrowserClose(ProjectSpecificationMethods.java:25)
at Base.ProjectSpecificationMethods.BrowserClose(ProjectSpecificationMethods.java:25)
at Base.ProjectSpecificationMethods.BrowserClose(ProjectSpecificationMethods.java:25)
at Base.ProjectSpecificationMethods.BrowserClose(ProjectSpecificationMethods.java:25)
at Base.ProjectSpecificationMethods.BrowserClose(ProjectSpecificationMethods.java:25)
at Base.ProjectSpecificationMethods.BrowserClose(ProjectSpecificationMethods.java:25)
at Base.ProjectSpecificationMethods.BrowserClose(ProjectSpecificationMethods.java:25)
at Base.ProjectSpecificationMethods.BrowserClose(ProjectSpecificationMethods.java:25)
at Base.ProjectSpecificationMethods.BrowserClose(ProjectSpecificationMethods.java:25)
at Base.ProjectSpecificationMethods.BrowserClose(ProjectSpecificationMethods.java:25)
at Base.ProjectSpecificationMethods.BrowserClose(ProjectSpecificationMethods.java:25)
at Base.ProjectSpecificationMethods.BrowserClose(ProjectSpecificationMethods.java:25)
at Base.ProjectSpecificationMethods.BrowserClose(ProjectSpecificationMethods.java:25)
at Base.ProjectSpecificationMethods.BrowserClose(ProjectSpecificationMethods.java:25)
at Base.ProjectSpecificationMethods.BrowserClose(ProjectSpecificationMethods.java:25)
at Base.ProjectSpecificationMethods.BrowserClose(ProjectSpecificationMethods.java:25)
at Base.ProjectSpecificationMethods.BrowserClose(ProjectSpecificationMethods.java:25)
at Base.ProjectSpecificationMethods.BrowserClose(ProjectSpecificationMethods.java:25)
at Base.ProjectSpecificationMethods.BrowserClose(ProjectSpecificationMethods.java:25)
at Base.ProjectSpecificationMethods.BrowserClose(ProjectSpecificationMethods.java:25)
at Base.ProjectSpecificationMethods.BrowserClose(ProjectSpecificationMethods.java:25)
at Base.ProjectSpecificationMethods.BrowserClose(ProjectSpecificationMethods.java:25)
at Base.ProjectSpecificationMethods.BrowserClose(ProjectSpecificationMethods.java:25)
at Base.ProjectSpecificationMethods.BrowserClose(ProjectSpecificationMethods.java:25)
at Base.ProjectSpecificationMethods.BrowserClose(ProjectSpecificationMethods.java:25)
at Base.ProjectSpecificationMethods.BrowserClose(ProjectSpecificationMethods.java:25)
at Base.ProjectSpecificationMethods.BrowserClose(ProjectSpecificationMethods.java:25)
at Base.ProjectSpecificationMethods.BrowserClose(ProjectSpecificationMethods.java:25)
at Base.ProjectSpecificationMethods.BrowserClose(ProjectSpecificationMethods.java:25)
at Base.ProjectSpecificationMethods.BrowserClose(ProjectSpecificationMethods.java:25)
at Base.ProjectSpecificationMethods.BrowserClose(ProjectSpecificationMethods.java:25)
at Base.ProjectSpecificationMethods.BrowserClose(ProjectSpecificationMethods.java:25)
at Base.ProjectSpecificationMethods.BrowserClose(ProjectSpecificationMethods.java:25)
at Base.ProjectSpecificationMethods.BrowserClose(ProjectSpecificationMethods.java:25)
at Base.ProjectSpecificationMethods.BrowserClose(ProjectSpecificationMethods.java:25)
at Base.ProjectSpecificationMethods.BrowserClose(ProjectSpecificationMethods.java:25)
at Base.ProjectSpecificationMethods.BrowserClose(ProjectSpecificationMethods.java:25)
at Base.ProjectSpecificationMethods.BrowserClose(ProjectSpecificationMethods.java:25)
at Base.ProjectSpecificationMethods.BrowserClose(ProjectSpecificationMethods.java:25)
at Base.ProjectSpecificationMethods.BrowserClose(ProjectSpecificationMethods.java:25)
at Base.ProjectSpecificationMethods.BrowserClose(ProjectSpecificationMethods.java:25)
at Base.ProjectSpecificationMethods.BrowserClose(ProjectSpecificationMethods.java:25)
at Base.ProjectSpecificationMethods.BrowserClose(ProjectSpecificationMethods.java:25)
at Base.ProjectSpecificationMethods.BrowserClose(ProjectSpecificationMethods.java:25)
at Base.ProjectSpecificationMethods.BrowserClose(ProjectSpecificationMethods.java:25)
at Base.ProjectSpecificationMethods.BrowserClose(ProjectSpecificationMethods.java:25)
at Base.ProjectSpecificationMethods.BrowserClose(ProjectSpecificationMethods.java:25)
at Base.ProjectSpecificationMethods.BrowserClose(ProjectSpecificationMethods.java:25)
at Base.ProjectSpecificationMethods.BrowserClose(ProjectSpecificationMethods.java:25)
at Base.ProjectSpecificationMethods.BrowserClose(ProjectSpecificationMethods.java:25)
at Base.ProjectSpecificationMethods.BrowserClose(ProjectSpecificationMethods.java:25)
at Base.ProjectSpecificationMethods.BrowserClose(ProjectSpecificationMethods.java:25)
at Base.ProjectSpecificationMethods.BrowserClose(ProjectSpecificationMethods.java:25)
at Base.ProjectSpecificationMethods.BrowserClose(ProjectSpecificationMethods.java:25)
at Base.ProjectSpecificationMethods.BrowserClose(ProjectSpecificationMethods.java:25)
at Base.ProjectSpecificationMethods.BrowserClose(ProjectSpecificationMethods.java:25)
at Base.ProjectSpecificationMethods.BrowserClose(ProjectSpecificationMethods.java:25)
at Base.ProjectSpecificationMethods.BrowserClose(ProjectSpecificationMethods.java:25)
at Base.ProjectSpecificationMethods.BrowserClose(ProjectSpecificationMethods.java:25)
at Base.ProjectSpecificationMethods.BrowserClose(ProjectSpecificationMethods.java:25)
at Base.ProjectSpecificationMethods.BrowserClose(ProjectSpecificationMethods.java:25)
at Base.ProjectSpecificationMethods.BrowserClose(ProjectSpecificationMethods.java:25)
at Base.ProjectSpecificationMethods.BrowserClose(ProjectSpecificationMethods.java:25)
at Base.ProjectSpecificationMethods.BrowserClose(ProjectSpecificationMethods.java:25)
at Base.ProjectSpecificationMethods.BrowserClose(ProjectSpecificationMethods.java:25)
at Base.ProjectSpecificationMethods.BrowserClose(ProjectSpecificationMethods.java:25)
at Base.ProjectSpecificationMethods.BrowserClose(ProjectSpecificationMethods.java:25)
at Base.ProjectSpecificationMethods.BrowserClose(ProjectSpecificationMethods.java:25)
at Base.ProjectSpecificationMethods.BrowserClose(ProjectSpecificationMethods.java:25)
at Base.ProjectSpecificationMethods.BrowserClose(ProjectSpecificationMethods.java:25)
at Base.ProjectSpecificationMethods.BrowserClose(ProjectSpecificationMethods.java:25)
at Base.ProjectSpecificationMethods.BrowserClose(ProjectSpecificationMethods.java:25)
at Base.ProjectSpecificationMethods.BrowserClose(ProjectSpecificationMethods.java:25)
at Base.ProjectSpecificationMethods.BrowserClose(ProjectSpecificationMethods.java:25)
at Base.ProjectSpecificationMethods.BrowserClose(ProjectSpecificationMethods.java:25)
at Base.ProjectSpecificationMethods.BrowserClose(ProjectSpecificationMethods.java:25)
at Base.ProjectSpecificationMethods.BrowserClose(ProjectSpecificationMethods.java:25)
at Base.ProjectSpecificationMethods.BrowserClose(ProjectSpecificationMethods.java:25)
at Base.ProjectSpecificationMethods.BrowserClose(ProjectSpecificationMethods.java:25)
at Base.ProjectSpecificationMethods.BrowserClose(ProjectSpecificationMethods.java:25)
at Base.ProjectSpecificationMethods.BrowserClose(ProjectSpecificationMethods.java:25)
at Base.ProjectSpecificationMethods.BrowserClose(ProjectSpecificationMethods.java:25)
at Base.ProjectSpecificationMethods.BrowserClose(ProjectSpecificationMethods.java:25)
at Base.ProjectSpecificationMethods.BrowserClose(ProjectSpecificationMethods.java:25)
at Base.ProjectSpecificationMethods.BrowserClose(ProjectSpecificationMethods.java:25)
at Base.ProjectSpecificationMethods.BrowserClose(ProjectSpecificationMethods.java:25)
at Base.ProjectSpecificationMethods.BrowserClose(ProjectSpecificationMethods.java:25)
at Base.ProjectSpecificationMethods.BrowserClose(ProjectSpecificationMethods.java:25)
at Base.ProjectSpecificationMethods.BrowserClose(ProjectSpecificationMethods.java:25)
at Base.ProjectSpecificationMethods.BrowserClose(ProjectSpecificationMethods.java:25)
at Base.ProjectSpecificationMethods.BrowserClose(ProjectSpecificationMethods.java:25)
at Base.ProjectSpecificationMethods.BrowserClose(ProjectSpecificationMethods.java:25)
at Base.ProjectSpecificationMethods.BrowserClose(ProjectSpecificationMethods.java:25)
at Base.ProjectSpecificationMethods.BrowserClose(ProjectSpecificationMethods.java:25)
at Base.ProjectSpecificationMethods.BrowserClose(ProjectSpecificationMethods.java:25)
at Base.ProjectSpecificationMethods.BrowserClose(ProjectSpecificationMethods.java:25)
at Base.ProjectSpecificationMethods.BrowserClose(ProjectSpecificationMethods.java:25)
at Base.ProjectSpecificationMethods.BrowserClose(ProjectSpecificationMethods.java:25)
at Base.ProjectSpecificationMethods.BrowserClose(ProjectSpecificationMethods.java:25)
at Base.ProjectSpecificationMethods.BrowserClose(ProjectSpecificationMethods.java:25)
at Base.ProjectSpecificationMethods.BrowserClose(ProjectSpecificationMethods.java:25)
at Base.ProjectSpecificationMethods.BrowserClose(ProjectSpecificationMethods.java:25)
at Base.ProjectSpecificationMethods.BrowserClose(ProjectSpecificationMethods.java:25)
at Base.ProjectSpecificationMethods.BrowserClose(ProjectSpecificationMethods.java:25)
at Base.ProjectSpecificationMethods.BrowserClose(ProjectSpecificationMethods.java:25)
at Base.ProjectSpecificationMethods.BrowserClose(ProjectSpecificationMethods.java:25)
at Base.ProjectSpecificationMethods.BrowserClose(ProjectSpecificationMethods.java:25)
at Base.ProjectSpecificationMethods.BrowserClose(ProjectSpecificationMethods.java:25)
at Base.ProjectSpecificationMethods.BrowserClose(ProjectSpecificationMethods.java:25)
at Base.ProjectSpecificationMethods.BrowserClose(ProjectSpecificationMethods.java:25)
at Base.ProjectSpecificationMethods.BrowserClose(ProjectSpecificationMethods.java:25)
at Base.ProjectSpecificationMethods.BrowserClose(ProjectSpecificationMethods.java:25)
at Base.ProjectSpecificationMethods.BrowserClose(ProjectSpecificationMethods.java:25)
at Base.ProjectSpecificationMethods.BrowserClose(ProjectSpecificationMethods.java:25)
at Base.ProjectSpecificationMethods.BrowserClose(ProjectSpecificationMethods.java:25)
at Base.ProjectSpecificationMethods.BrowserClose(ProjectSpecificationMethods.java:25)
at Base.ProjectSpecificationMethods.BrowserClose(ProjectSpecificationMethods.java:25)
at Base.ProjectSpecificationMethods.BrowserClose(ProjectSpecificationMethods.java:25)
at Base.ProjectSpecificationMethods.BrowserClose(ProjectSpecificationMethods.java:25)
at Base.ProjectSpecificationMethods.BrowserClose(ProjectSpecificationMethods.java:25)
at Base.ProjectSpecificationMethods.BrowserClose(ProjectSpecificationMethods.java:25)
at Base.ProjectSpecificationMethods.BrowserClose(ProjectSpecificationMethods.java:25)
at Base.ProjectSpecificationMethods.BrowserClose(ProjectSpecificationMethods.java:25)
at Base.ProjectSpecificationMethods.BrowserClose(ProjectSpecificationMethods.java:25)
at Base.ProjectSpecificationMethods.BrowserClose(ProjectSpecificationMethods.java:25)
at Base.ProjectSpecificationMethods.BrowserClose(ProjectSpecificationMethods.java:25)
at Base.ProjectSpecificationMethods.BrowserClose(ProjectSpecificationMethods.java:25)
at Base.ProjectSpecificationMethods.BrowserClose(ProjectSpecificationMethods.java:25)
at Base.ProjectSpecificationMethods.BrowserClose(ProjectSpecificationMethods.java:25)
at Base.ProjectSpecificationMethods.BrowserClose(ProjectSpecificationMethods.java:25)
at Base.ProjectSpecificationMethods.BrowserClose(ProjectSpecificationMethods.java:25)
at Base.ProjectSpecificationMethods.BrowserClose(ProjectSpecificationMethods.java:25)
at Base.ProjectSpecificationMethods.BrowserClose(ProjectSpecificationMethods.java:25)
at Base.ProjectSpecificationMethods.BrowserClose(ProjectSpecificationMethods.java:25)
at Base.ProjectSpecificationMethods.BrowserClose(ProjectSpecificationMethods.java:25)
at Base.ProjectSpecificationMethods.BrowserClose(ProjectSpecificationMethods.java:25)
at Base.ProjectSpecificationMethods.BrowserClose(ProjectSpecificationMethods.java:25)
at Base.ProjectSpecificationMethods.BrowserClose(ProjectSpecificationMethods.java:25)
at Base.ProjectSpecificationMethods.BrowserClose(ProjectSpecificationMethods.java:25)
at Base.ProjectSpecificationMethods.BrowserClose(ProjectSpecificationMethods.java:25)
at Base.ProjectSpecificationMethods.BrowserClose(ProjectSpecificationMethods.java:25)
at Base.ProjectSpecificationMethods.BrowserClose(ProjectSpecificationMethods.java:25)
at Base.ProjectSpecificationMethods.BrowserClose(ProjectSpecificationMethods.java:25)
at Base.ProjectSpecificationMethods.BrowserClose(ProjectSpecificationMethods.java:25)
at Base.ProjectSpecificationMethods.BrowserClose(ProjectSpecificationMethods.java:25)
at Base.ProjectSpecificationMethods.BrowserClose(ProjectSpecificationMethods.java:25)
at Base.ProjectSpecificationMethods.BrowserClose(ProjectSpecificationMethods.java:25)
at Base.ProjectSpecificationMethods.BrowserClose(ProjectSpecificationMethods.java:25)
at Base.ProjectSpecificationMethods.BrowserClose(ProjectSpecificationMethods.java:25)
at Base.ProjectSpecificationMethods.BrowserClose(ProjectSpecificationMethods.java:25)
at Base.ProjectSpecificationMethods.BrowserClose(ProjectSpecificationMethods.java:25)
at Base.ProjectSpecificationMethods.BrowserClose(ProjectSpecificationMethods.java:25)
at Base.ProjectSpecificationMethods.BrowserClose(ProjectSpecificationMethods.java:25)
at Base.ProjectSpecificationMethods.BrowserClose(ProjectSpecificationMethods.java:25)
at Base.ProjectSpecificationMethods.BrowserClose(ProjectSpecificationMethods.java:25)
at Base.ProjectSpecificationMethods.BrowserClose(ProjectSpecificationMethods.java:25)
at Base.ProjectSpecificationMethods.BrowserClose(ProjectSpecificationMethods.java:25)
at Base.ProjectSpecificationMethods.BrowserClose(ProjectSpecificationMethods.java:25)
at Base.ProjectSpecificationMethods.BrowserClose(ProjectSpecificationMethods.java:25)
at Base.ProjectSpecificationMethods.BrowserClose(ProjectSpecificationMethods.java:25)
at Base.ProjectSpecificationMethods.BrowserClose(ProjectSpecificationMethods.java:25)
at Base.ProjectSpecificationMethods.BrowserClose(ProjectSpecificationMethods.java:25)
at Base.ProjectSpecificationMethods.BrowserClose(ProjectSpecificationMethods.java:25)
at Base.ProjectSpecificationMethods.BrowserClose(ProjectSpecificationMethods.java:25)
at Base.ProjectSpecificationMethods.BrowserClose(ProjectSpecificationMethods.java:25)
at Base.ProjectSpecificationMethods.BrowserClose(ProjectSpecificationMethods.java:25)
at Base.ProjectSpecificationMethods.BrowserClose(ProjectSpecificationMethods.java:25)
at Base.ProjectSpecificationMethods.BrowserClose(ProjectSpecificationMethods.java:25)
at Base.ProjectSpecificationMethods.BrowserClose(ProjectSpecificationMethods.java:25)
at Base.ProjectSpecificationMethods.BrowserClose(ProjectSpecificationMethods.java:25)
at Base.ProjectSpecificationMethods.BrowserClose(ProjectSpecificationMethods.java:25)
at Base.ProjectSpecificationMethods.BrowserClose(ProjectSpecificationMethods.java:25)
at Base.ProjectSpecificationMethods.BrowserClose(ProjectSpecificationMethods.java:25)
at Base.ProjectSpecificationMethods.BrowserClose(ProjectSpecificationMethods.java:25)
at Base.ProjectSpecificationMethods.BrowserClose(ProjectSpecificationMethods.java:25)
at Base.ProjectSpecificationMethods.BrowserClose(ProjectSpecificationMethods.java:25)
at Base.ProjectSpecificationMethods.BrowserClose(ProjectSpecificationMethods.java:25)
at Base.ProjectSpecificationMethods.BrowserClose(ProjectSpecificationMethods.java:25)
at Base.ProjectSpecificationMethods.BrowserClose(ProjectSpecificationMethods.java:25)
at Base.ProjectSpecificationMethods.BrowserClose(ProjectSpecificationMethods.java:25)
at Base.ProjectSpecificationMethods.BrowserClose(ProjectSpecificationMethods.java:25)
at Base.ProjectSpecificationMethods.BrowserClose(ProjectSpecificationMethods.java:25)
at Base.ProjectSpecificationMethods.BrowserClose(ProjectSpecificationMethods.java:25)
at Base.ProjectSpecificationMethods.BrowserClose(ProjectSpecificationMethods.java:25)
at Base.ProjectSpecificationMethods.BrowserClose(ProjectSpecificationMethods.java:25)
at Base.ProjectSpecificationMethods.BrowserClose(ProjectSpecificationMethods.java:25)
at Base.ProjectSpecificationMethods.BrowserClose(ProjectSpecificationMethods.java:25)
at Base.ProjectSpecificationMethods.BrowserClose(ProjectSpecificationMethods.java:25)
at Base.ProjectSpecificationMethods.BrowserClose(ProjectSpecificationMethods.java:25)
at Base.ProjectSpecificationMethods.BrowserClose(ProjectSpecificationMethods.java:25)
at Base.ProjectSpecificationMethods.BrowserClose(ProjectSpecificationMethods.java:25)
at Base.ProjectSpecificationMethods.BrowserClose(ProjectSpecificationMethods.java:25)
at Base.ProjectSpecificationMethods.BrowserClose(ProjectSpecificationMethods.java:25)
at Base.ProjectSpecificationMethods.BrowserClose(ProjectSpecificationMethods.java:25)
at Base.ProjectSpecificationMethods.BrowserClose(ProjectSpecificationMethods.java:25)
at Base.ProjectSpecificationMethods.BrowserClose(ProjectSpecificationMethods.java:25)
at Base.ProjectSpecificationMethods.BrowserClose(ProjectSpecificationMethods.java:25)
at Base.ProjectSpecificationMethods.BrowserClose(ProjectSpecificationMethods.java:25)
at Base.ProjectSpecificationMethods.BrowserClose(ProjectSpecificationMethods.java:25)
at Base.ProjectSpecificationMethods.BrowserClose(ProjectSpecificationMethods.java:25)
at Base.ProjectSpecificationMethods.BrowserClose(ProjectSpecificationMethods.java:25)
at Base.ProjectSpecificationMethods.BrowserClose(ProjectSpecificationMethods.java:25)
at Base.ProjectSpecificationMethods.BrowserClose(ProjectSpecificationMethods.java:25)
at Base.ProjectSpecificationMethods.BrowserClose(ProjectSpecificationMethods.java:25)
at Base.ProjectSpecificationMethods.BrowserClose(ProjectSpecificationMethods.java:25)
at Base.ProjectSpecificationMethods.BrowserClose(ProjectSpecificationMethods.java:25)
at Base.ProjectSpecificationMethods.BrowserClose(ProjectSpecificationMethods.java:25)
at Base.ProjectSpecificationMethods.BrowserClose(ProjectSpecificationMethods.java:25)
at Base.ProjectSpecificationMethods.BrowserClose(ProjectSpecificationMethods.java:25)
at Base.ProjectSpecificationMethods.BrowserClose(ProjectSpecificationMethods.java:25)
at Base.ProjectSpecificationMethods.BrowserClose(ProjectSpecificationMethods.java:25)
at Base.ProjectSpecificationMethods.BrowserClose(ProjectSpecificationMethods.java:25)
at Base.ProjectSpecificationMethods.BrowserClose(ProjectSpecificationMethods.java:25)
at Base.ProjectSpecificationMethods.BrowserClose(ProjectSpecificationMethods.java:25)
at Base.ProjectSpecificationMethods.BrowserClose(ProjectSpecificationMethods.java:25)
at Base.ProjectSpecificationMethods.BrowserClose(ProjectSpecificationMethods.java:25)
at Base.ProjectSpecificationMethods.BrowserClose(ProjectSpecificationMethods.java:25)
at Base.ProjectSpecificationMethods.BrowserClose(ProjectSpecificationMethods.java:25)
at Base.ProjectSpecificationMethods.BrowserClose(ProjectSpecificationMethods.java:25)
at Base.ProjectSpecificationMethods.BrowserClose(ProjectSpecificationMethods.java:25)
at Base.ProjectSpecificationMethods.BrowserClose(ProjectSpecificationMethods.java:25)
at Base.ProjectSpecificationMethods.BrowserClose(ProjectSpecificationMethods.java:25)
at Base.ProjectSpecificationMethods.BrowserClose(ProjectSpecificationMethods.java:25)
at Base.ProjectSpecificationMethods.BrowserClose(ProjectSpecificationMethods.java:25)
at Base.ProjectSpecificationMethods.BrowserClose(ProjectSpecificationMethods.java:25)
at Base.ProjectSpecificationMethods.BrowserClose(ProjectSpecificationMethods.java:25)
at Base.ProjectSpecificationMethods.BrowserClose(ProjectSpecificationMethods.java:25)
at Base.ProjectSpecificationMethods.BrowserClose(ProjectSpecificationMethods.java:25)
at Base.ProjectSpecificationMethods.BrowserClose(ProjectSpecificationMethods.java:25)
at Base.ProjectSpecificationMethods.BrowserClose(ProjectSpecificationMethods.java:25)
at Base.ProjectSpecificationMethods.BrowserClose(ProjectSpecificationMethods.java:25)
at Base.ProjectSpecificationMethods.BrowserClose(ProjectSpecificationMethods.java:25)
at Base.ProjectSpecificationMethods.BrowserClose(ProjectSpecificationMethods.java:25)
at Base.ProjectSpecificationMethods.BrowserClose(ProjectSpecificationMethods.java:25)
at Base.ProjectSpecificationMethods.BrowserClose(ProjectSpecificationMethods.java:25)
at Base.ProjectSpecificationMethods.BrowserClose(ProjectSpecificationMethods.java:25)
at Base.ProjectSpecificationMethods.BrowserClose(ProjectSpecificationMethods.java:25)
at Base.ProjectSpecificationMethods.BrowserClose(ProjectSpecificationMethods.java:25)
at Base.ProjectSpecificationMethods.BrowserClose(ProjectSpecificationMethods.java:25)
at Base.ProjectSpecificationMethods.BrowserClose(ProjectSpecificationMethods.java:25)
at Base.ProjectSpecificationMethods.BrowserClose(ProjectSpecificationMethods.java:25)
at Base.ProjectSpecificationMethods.BrowserClose(ProjectSpecificationMethods.java:25)
at Base.ProjectSpecificationMethods.BrowserClose(ProjectSpecificationMethods.java:25)
at Base.ProjectSpecificationMethods.BrowserClose(ProjectSpecificationMethods.java:25)
at Base.ProjectSpecificationMethods.BrowserClose(ProjectSpecificationMethods.java:25)
at Base.ProjectSpecificationMethods.BrowserClose(ProjectSpecificationMethods.java:25)
at Base.ProjectSpecificationMethods.BrowserClose(ProjectSpecificationMethods.java:25)
at Base.ProjectSpecificationMethods.BrowserClose(ProjectSpecificationMethods.java:25)
at Base.ProjectSpecificationMethods.BrowserClose(ProjectSpecificationMethods.java:25)
at Base.ProjectSpecificationMethods.BrowserClose(ProjectSpecificationMethods.java:25)
at Base.ProjectSpecificationMethods.BrowserClose(ProjectSpecificationMethods.java:25)
at Base.ProjectSpecificationMethods.BrowserClose(ProjectSpecificationMethods.java:25)
at Base.ProjectSpecificationMethods.BrowserClose(ProjectSpecificationMethods.java:25)
at Base.ProjectSpecificationMethods.BrowserClose(ProjectSpecificationMethods.java:25)
at Base.ProjectSpecificationMethods.BrowserClose(ProjectSpecificationMethods.java:25)
at Base.ProjectSpecificationMethods.BrowserClose(ProjectSpecificationMethods.java:25)
at Base.ProjectSpecificationMethods.BrowserClose(ProjectSpecificationMethods.java:25)
at Base.ProjectSpecificationMethods.BrowserClose(ProjectSpecificationMethods.java:25)
at Base.ProjectSpecificationMethods.BrowserClose(ProjectSpecificationMethods.java:25)
at Base.ProjectSpecificationMethods.BrowserClose(ProjectSpecificationMethods.java:25)
at Base.ProjectSpecificationMethods.BrowserClose(ProjectSpecificationMethods.java:25)
at Base.ProjectSpecificationMethods.BrowserClose(ProjectSpecificationMethods.java:25)
at Base.ProjectSpecificationMethods.BrowserClose(ProjectSpecificationMethods.java:25)
at Base.ProjectSpecificationMethods.BrowserClose(ProjectSpecificationMethods.java:25)
at Base.ProjectSpecificationMethods.BrowserClose(ProjectSpecificationMethods.java:25)
at Base.ProjectSpecificationMethods.BrowserClose(ProjectSpecificationMethods.java:25)
at Base.ProjectSpecificationMethods.BrowserClose(ProjectSpecificationMethods.java:25)
at Base.ProjectSpecificationMethods.BrowserClose(ProjectSpecificationMethods.java:25)
at Base.ProjectSpecificationMethods.BrowserClose(ProjectSpecificationMethods.java:25)
at Base.ProjectSpecificationMethods.BrowserClose(ProjectSpecificationMethods.java:25)
at Base.ProjectSpecificationMethods.BrowserClose(ProjectSpecificationMethods.java:25)
at Base.ProjectSpecificationMethods.BrowserClose(ProjectSpecificationMethods.java:25)
at Base.ProjectSpecificationMethods.BrowserClose(ProjectSpecificationMethods.java:25)
at Base.ProjectSpecificationMethods.BrowserClose(ProjectSpecificationMethods.java:25)
at Base.ProjectSpecificationMethods.BrowserClose(ProjectSpecificationMethods.java:25)
at Base.ProjectSpecificationMethods.BrowserClose(ProjectSpecificationMethods.java:25)
at Base.ProjectSpecificationMethods.BrowserClose(ProjectSpecificationMethods.java:25)
at Base.ProjectSpecificationMethods.BrowserClose(ProjectSpecificationMethods.java:25)
at Base.ProjectSpecificationMethods.BrowserClose(ProjectSpecificationMethods.java:25)
at Base.ProjectSpecificationMethods.BrowserClose(ProjectSpecificationMethods.java:25)
at Base.ProjectSpecificationMethods.BrowserClose(ProjectSpecificationMethods.java:25)
at Base.ProjectSpecificationMethods.BrowserClose(ProjectSpecificationMethods.java:25)
at Base.ProjectSpecificationMethods.BrowserClose(ProjectSpecificationMethods.java:25)
at Base.ProjectSpecificationMethods.BrowserClose(ProjectSpecificationMethods.java:25)
at Base.ProjectSpecificationMethods.BrowserClose(ProjectSpecificationMethods.java:25)
at Base.ProjectSpecificationMethods.BrowserClose(ProjectSpecificationMethods.java:25)
at Base.ProjectSpecificationMethods.BrowserClose(ProjectSpecificationMethods.java:25)
at Base.ProjectSpecificationMethods.BrowserClose(ProjectSpecificationMethods.java:25)
at Base.ProjectSpecificationMethods.BrowserClose(ProjectSpecificationMethods.java:25)
at Base.ProjectSpecificationMethods.BrowserClose(ProjectSpecificationMethods.java:25)
at Base.ProjectSpecificationMethods.BrowserClose(ProjectSpecificationMethods.java:25)
at Base.ProjectSpecificationMethods.BrowserClose(ProjectSpecificationMethods.java:25)
at Base.ProjectSpecificationMethods.BrowserClose(ProjectSpecificationMethods.java:25)
at Base.ProjectSpecificationMethods.BrowserClose(ProjectSpecificationMethods.java:25)
at Base.ProjectSpecificationMethods.BrowserClose(ProjectSpecificationMethods.java:25)
at Base.ProjectSpecificationMethods.BrowserClose(ProjectSpecificationMethods.java:25)
at Base.ProjectSpecificationMethods.BrowserClose(ProjectSpecificationMethods.java:25)
at Base.ProjectSpecificationMethods.BrowserClose(ProjectSpecificationMethods.java:25)
at Base.ProjectSpecificationMethods.BrowserClose(ProjectSpecificationMethods.java:25)
at Base.ProjectSpecificationMethods.BrowserClose(ProjectSpecificationMethods.java:25)
at Base.ProjectSpecificationMethods.BrowserClose(ProjectSpecificationMethods.java:25)
at Base.ProjectSpecificationMethods.BrowserClose(ProjectSpecificationMethods.java:25)
at Base.ProjectSpecificationMethods.BrowserClose(ProjectSpecificationMethods.java:25)
at Base.ProjectSpecificationMethods.BrowserClose(ProjectSpecificationMethods.java:25)
at Base.ProjectSpecificationMethods.BrowserClose(ProjectSpecificationMethods.java:25)
at Base.ProjectSpecificationMethods.BrowserClose(ProjectSpecificationMethods.java:25)
at Base.ProjectSpecificationMethods.BrowserClose(ProjectSpecificationMethods.java:25)
at Base.ProjectSpecificationMethods.BrowserClose(ProjectSpecificationMethods.java:25)
at Base.ProjectSpecificationMethods.BrowserClose(ProjectSpecificationMethods.java:25)
at Base.ProjectSpecificationMethods.BrowserClose(ProjectSpecificationMethods.java:25)
at Base.ProjectSpecificationMethods.BrowserClose(ProjectSpecificationMethods.java:25)
at Base.ProjectSpecificationMethods.BrowserClose(ProjectSpecificationMethods.java:25)
at Base.ProjectSpecificationMethods.BrowserClose(ProjectSpecificationMethods.java:25)
at Base.ProjectSpecificationMethods.BrowserClose(ProjectSpecificationMethods.java:25)
at Base.ProjectSpecificationMethods.BrowserClose(ProjectSpecificationMethods.java:25)
at Base.ProjectSpecificationMethods.BrowserClose(ProjectSpecificationMethods.java:25)
at Base.ProjectSpecificationMethods.BrowserClose(ProjectSpecificationMethods.java:25)
at Base.ProjectSpecificationMethods.BrowserClose(ProjectSpecificationMethods.java:25)
at Base.ProjectSpecificationMethods.BrowserClose(ProjectSpecificationMethods.java:25)
at Base.ProjectSpecificationMethods.BrowserClose(ProjectSpecificationMethods.java:25)
at Base.ProjectSpecificationMethods.BrowserClose(ProjectSpecificationMethods.java:25)
at Base.ProjectSpecificationMethods.BrowserClose(ProjectSpecificationMethods.java:25)
at Base.ProjectSpecificationMethods.BrowserClose(ProjectSpecificationMethods.java:25)
at Base.ProjectSpecificationMethods.BrowserClose(ProjectSpecificationMethods.java:25)
at Base.ProjectSpecificationMethods.BrowserClose(ProjectSpecificationMethods.java:25)
at Base.ProjectSpecificationMethods.BrowserClose(ProjectSpecificationMethods.java:25)
at Base.ProjectSpecificationMethods.BrowserClose(ProjectSpecificationMethods.java:25)
at Base.ProjectSpecificationMethods.BrowserClose(ProjectSpecificationMethods.java:25)
at Base.ProjectSpecificationMethods.BrowserClose(ProjectSpecificationMethods.java:25)
at Base.ProjectSpecificationMethods.BrowserClose(ProjectSpecificationMethods.java:25)
at Base.ProjectSpecificationMethods.BrowserClose(ProjectSpecificationMethods.java:25)
at Base.ProjectSpecificationMethods.BrowserClose(ProjectSpecificationMethods.java:25)
at Base.ProjectSpecificationMethods.BrowserClose(ProjectSpecificationMethods.java:25)
at Base.ProjectSpecificationMethods.BrowserClose(ProjectSpecificationMethods.java:25)
at Base.ProjectSpecificationMethods.BrowserClose(ProjectSpecificationMethods.java:25)
at Base.ProjectSpecificationMethods.BrowserClose(ProjectSpecificationMethods.java:25)
at Base.ProjectSpecificationMethods.BrowserClose(ProjectSpecificationMethods.java:25)
at Base.ProjectSpecificationMethods.BrowserClose(ProjectSpecificationMethods.java:25)
at Base.ProjectSpecificationMethods.BrowserClose(ProjectSpecificationMethods.java:25)
at Base.ProjectSpecificationMethods.BrowserClose(ProjectSpecificationMethods.java:25)
at Base.ProjectSpecificationMethods.BrowserClose(ProjectSpecificationMethods.java:25)
at Base.ProjectSpecificationMethods.BrowserClose(ProjectSpecificationMethods.java:25)
at Base.ProjectSpecificationMethods.BrowserClose(ProjectSpecificationMethods.java:25)
at Base.ProjectSpecificationMethods.BrowserClose(ProjectSpecificationMethods.java:25)
at Base.ProjectSpecificationMethods.BrowserClose(ProjectSpecificationMethods.java:25)
at Base.ProjectSpecificationMethods.BrowserClose(ProjectSpecificationMethods.java:25)
at Base.ProjectSpecificationMethods.BrowserClose(ProjectSpecificationMethods.java:25)
at Base.ProjectSpecificationMethods.BrowserClose(ProjectSpecificationMethods.java:25)
at Base.ProjectSpecificationMethods.BrowserClose(ProjectSpecificationMethods.java:25)
at Base.ProjectSpecificationMethods.BrowserClose(ProjectSpecificationMethods.java:25)
at Base.ProjectSpecificationMethods.BrowserClose(ProjectSpecificationMethods.java:25)
at Base.ProjectSpecificationMethods.BrowserClose(ProjectSpecificationMethods.java:25)
at Base.ProjectSpecificationMethods.BrowserClose(ProjectSpecificationMethods.java:25)
at Base.ProjectSpecificationMethods.BrowserClose(ProjectSpecificationMethods.java:25)
at Base.ProjectSpecificationMethods.BrowserClose(ProjectSpecificationMethods.java:25)
at Base.ProjectSpecificationMethods.BrowserClose(ProjectSpecificationMethods.java:25)
at Base.ProjectSpecificationMethods.BrowserClose(ProjectSpecificationMethods.java:25)
at Base.ProjectSpecificationMethods.BrowserClose(ProjectSpecificationMethods.java:25)
at Base.ProjectSpecificationMethods.BrowserClose(ProjectSpecificationMethods.java:25)
at Base.ProjectSpecificationMethods.BrowserClose(ProjectSpecificationMethods.java:25)
at Base.ProjectSpecificationMethods.BrowserClose(ProjectSpecificationMethods.java:25)
at Base.ProjectSpecificationMethods.BrowserClose(ProjectSpecificationMethods.java:25)
at Base.ProjectSpecificationMethods.BrowserClose(ProjectSpecificationMethods.java:25)
at Base.ProjectSpecificationMethods.BrowserClose(ProjectSpecificationMethods.java:25)
at Base.ProjectSpecificationMethods.BrowserClose(ProjectSpecificationMethods.java:25)
at Base.ProjectSpecificationMethods.BrowserClose(ProjectSpecificationMethods.java:25)
at Base.ProjectSpecificationMethods.BrowserClose(ProjectSpecificationMethods.java:25)
at Base.ProjectSpecificationMethods.BrowserClose(ProjectSpecificationMethods.java:25)
at Base.ProjectSpecificationMethods.BrowserClose(ProjectSpecificationMethods.java:25)
at Base.ProjectSpecificationMethods.BrowserClose(ProjectSpecificationMethods.java:25)
at Base.ProjectSpecificationMethods.BrowserClose(ProjectSpecificationMethods.java:25)
at Base.ProjectSpecificationMethods.BrowserClose(ProjectSpecificationMethods.java:25)
at Base.ProjectSpecificationMethods.BrowserClose(ProjectSpecificationMethods.java:25)
at Base.ProjectSpecificationMethods.BrowserClose(ProjectSpecificationMethods.java:25)
at Base.ProjectSpecificationMethods.BrowserClose(ProjectSpecificationMethods.java:25)
at Base.ProjectSpecificationMethods.BrowserClose(ProjectSpecificationMethods.java:25)
at Base.ProjectSpecificationMethods.BrowserClose(ProjectSpecificationMethods.java:25)
at Base.ProjectSpecificationMethods.BrowserClose(ProjectSpecificationMethods.java:25)
at Base.ProjectSpecificationMethods.BrowserClose(ProjectSpecificationMethods.java:25)
at Base.ProjectSpecificationMethods.BrowserClose(ProjectSpecificationMethods.java:25)
at Base.ProjectSpecificationMethods.BrowserClose(ProjectSpecificationMethods.java:25)
at Base.ProjectSpecificationMethods.BrowserClose(ProjectSpecificationMethods.java:25)
at Base.ProjectSpecificationMethods.BrowserClose(ProjectSpecificationMethods.java:25)
at Base.ProjectSpecificationMethods.BrowserClose(ProjectSpecificationMethods.java:25)
at Base.ProjectSpecificationMethods.BrowserClose(ProjectSpecificationMethods.java:25)
at Base.ProjectSpecificationMethods.BrowserClose(ProjectSpecificationMethods.java:25)
at Base.ProjectSpecificationMethods.BrowserClose(ProjectSpecificationMethods.java:25)
at Base.ProjectSpecificationMethods.BrowserClose(ProjectSpecificationMethods.java:25)
at Base.ProjectSpecificationMethods.BrowserClose(ProjectSpecificationMethods.java:25)
at Base.ProjectSpecificationMethods.BrowserClose(ProjectSpecificationMethods.java:25)
at Base.ProjectSpecificationMethods.BrowserClose(ProjectSpecificationMethods.java:25)
at Base.ProjectSpecificationMethods.BrowserClose(ProjectSpecificationMethods.java:25)
at Base.ProjectSpecificationMethods.BrowserClose(ProjectSpecificationMethods.java:25)
at Base.ProjectSpecificationMethods.BrowserClose(ProjectSpecificationMethods.java:25)
at Base.ProjectSpecificationMethods.BrowserClose(ProjectSpecificationMethods.java:25)
at Base.ProjectSpecificationMethods.BrowserClose(ProjectSpecificationMethods.java:25)
at Base.ProjectSpecificationMethods.BrowserClose(ProjectSpecificationMethods.java:25)
at Base.ProjectSpecificationMethods.BrowserClose(ProjectSpecificationMethods.java:25)
at Base.ProjectSpecificationMethods.BrowserClose(ProjectSpecificationMethods.java:25)
at Base.ProjectSpecificationMethods.BrowserClose(ProjectSpecificationMethods.java:25)
at Base.ProjectSpecificationMethods.BrowserClose(ProjectSpecificationMethods.java:25)
at Base.ProjectSpecificationMethods.BrowserClose(ProjectSpecificationMethods.java:25)
at Base.ProjectSpecificationMethods.BrowserClose(ProjectSpecificationMethods.java:25)
at Base.ProjectSpecificationMethods.BrowserClose(ProjectSpecificationMethods.java:25)
at Base.ProjectSpecificationMethods.BrowserClose(ProjectSpecificationMethods.java:25)
at Base.ProjectSpecificationMethods.BrowserClose(ProjectSpecificationMethods.java:25)
at Base.ProjectSpecificationMethods.BrowserClose(ProjectSpecificationMethods.java:25)
at Base.ProjectSpecificationMethods.BrowserClose(ProjectSpecificationMethods.java:25)
at Base.ProjectSpecificationMethods.BrowserClose(ProjectSpecificationMethods.java:25)
at Base.ProjectSpecificationMethods.BrowserClose(ProjectSpecificationMethods.java:25)
at Base.ProjectSpecificationMethods.BrowserClose(ProjectSpecificationMethods.java:25)
at Base.ProjectSpecificationMethods.BrowserClose(ProjectSpecificationMethods.java:25)
at Base.ProjectSpecificationMethods.BrowserClose(ProjectSpecificationMethods.java:25)
at Base.ProjectSpecificationMethods.BrowserClose(ProjectSpecificationMethods.java:25)
at Base.ProjectSpecificationMethods.BrowserClose(ProjectSpecificationMethods.java:25)
at Base.ProjectSpecificationMethods.BrowserClose(ProjectSpecificationMethods.java:25)
at Base.ProjectSpecificationMethods.BrowserClose(ProjectSpecificationMethods.java:25)
at Base.ProjectSpecificationMethods.BrowserClose(ProjectSpecificationMethods.java:25)
at Base.ProjectSpecificationMethods.BrowserClose(ProjectSpecificationMethods.java:25)
at Base.ProjectSpecificationMethods.BrowserClose(ProjectSpecificationMethods.java:25)
at Base.ProjectSpecificationMethods.BrowserClose(ProjectSpecificationMethods.java:25)
at Base.ProjectSpecificationMethods.BrowserClose(ProjectSpecificationMethods.java:25)
at Base.ProjectSpecificationMethods.BrowserClose(ProjectSpecificationMethods.java:25)
at Base.ProjectSpecificationMethods.BrowserClose(ProjectSpecificationMethods.java:25)
at Base.ProjectSpecificationMethods.BrowserClose(ProjectSpecificationMethods.java:25)
at Base.ProjectSpecificationMethods.BrowserClose(ProjectSpecificationMethods.java:25)
at Base.ProjectSpecificationMethods.BrowserClose(ProjectSpecificationMethods.java:25)
at Base.ProjectSpecificationMethods.BrowserClose(ProjectSpecificationMethods.java:25)
at Base.ProjectSpecificationMethods.BrowserClose(ProjectSpecificationMethods.java:25)
at Base.ProjectSpecificationMethods.BrowserClose(ProjectSpecificationMethods.java:25)
at Base.ProjectSpecificationMethods.BrowserClose(ProjectSpecificationMethods.java:25)
at Base.ProjectSpecificationMethods.BrowserClose(ProjectSpecificationMethods.java:25)
at Base.ProjectSpecificationMethods.BrowserClose(ProjectSpecificationMethods.java:25)
at Base.ProjectSpecificationMethods.BrowserClose(ProjectSpecificationMethods.java:25)
at Base.ProjectSpecificationMethods.BrowserClose(ProjectSpecificationMethods.java:25)
at Base.ProjectSpecificationMethods.BrowserClose(ProjectSpecificationMethods.java:25)
at Base.ProjectSpecificationMethods.BrowserClose(ProjectSpecificationMethods.java:25)
at Base.ProjectSpecificationMethods.BrowserClose(ProjectSpecificationMethods.java:25)
at Base.ProjectSpecificationMethods.BrowserClose(ProjectSpecificationMethods.java:25)
at Base.ProjectSpecificationMethods.BrowserClose(ProjectSpecificationMethods.java:25)
at Base.ProjectSpecificationMethods.BrowserClose(ProjectSpecificationMethods.java:25)
at Base.ProjectSpecificationMethods.BrowserClose(ProjectSpecificationMethods.java:25)
at Base.ProjectSpecificationMethods.BrowserClose(ProjectSpecificationMethods.java:25)
at Base.ProjectSpecificationMethods.BrowserClose(ProjectSpecificationMethods.java:25)
at Base.ProjectSpecificationMethods.BrowserClose(ProjectSpecificationMethods.java:25)
at Base.ProjectSpecificationMethods.BrowserClose(ProjectSpecificationMethods.java:25)
at Base.ProjectSpecificationMethods.BrowserClose(ProjectSpecificationMethods.java:25)
at Base.ProjectSpecificationMethods.BrowserClose(ProjectSpecificationMethods.java:25)
at Base.ProjectSpecificationMethods.BrowserClose(ProjectSpecificationMethods.java:25)
at Base.ProjectSpecificationMethods.BrowserClose(ProjectSpecificationMethods.java:25)
at Base.ProjectSpecificationMethods.BrowserClose(ProjectSpecificationMethods.java:25)
at Base.ProjectSpecificationMethods.BrowserClose(ProjectSpecificationMethods.java:25)
at Base.ProjectSpecificationMethods.BrowserClose(ProjectSpecificationMethods.java:25)
at Base.ProjectSpecificationMethods.BrowserClose(ProjectSpecificationMethods.java:25)
at Base.ProjectSpecificationMethods.BrowserClose(ProjectSpecificationMethods.java:25)
at Base.ProjectSpecificationMethods.BrowserClose(ProjectSpecificationMethods.java:25)
at Base.ProjectSpecificationMethods.BrowserClose(ProjectSpecificationMethods.java:25)
at Base.ProjectSpecificationMethods.BrowserClose(ProjectSpecificationMethods.java:25)
at Base.ProjectSpecificationMethods.BrowserClose(ProjectSpecificationMethods.java:25)
at Base.ProjectSpecificationMethods.BrowserClose(ProjectSpecificationMethods.java:25)
at Base.ProjectSpecificationMethods.BrowserClose(ProjectSpecificationMethods.java:25)
at Base.ProjectSpecificationMethods.BrowserClose(ProjectSpecificationMethods.java:25)
at Base.ProjectSpecificationMethods.BrowserClose(ProjectSpecificationMethods.java:25)
at Base.ProjectSpecificationMethods.BrowserClose(ProjectSpecificationMethods.java:25)
at Base.ProjectSpecificationMethods.BrowserClose(ProjectSpecificationMethods.java:25)
at Base.ProjectSpecificationMethods.BrowserClose(ProjectSpecificationMethods.java:25)
at Base.ProjectSpecificationMethods.BrowserClose(ProjectSpecificationMethods.java:25)
at Base.ProjectSpecificationMethods.BrowserClose(ProjectSpecificationMethods.java:25)
at Base.ProjectSpecificationMethods.BrowserClose(ProjectSpecificationMethods.java:25)
at Base.ProjectSpecificationMethods.BrowserClose(ProjectSpecificationMethods.java:25)
at Base.ProjectSpecificationMethods.BrowserClose(ProjectSpecificationMethods.java:25)
at Base.ProjectSpecificationMethods.BrowserClose(ProjectSpecificationMethods.java:25)
at Base.ProjectSpecificationMethods.BrowserClose(ProjectSpecificationMethods.java:25)
at Base.ProjectSpecificationMethods.BrowserClose(ProjectSpecificationMethods.java:25)
at Base.ProjectSpecificationMethods.BrowserClose(ProjectSpecificationMethods.java:25)
at Base.ProjectSpecificationMethods.BrowserClose(ProjectSpecificationMethods.java:25)
at Base.ProjectSpecificationMethods.BrowserClose(ProjectSpecificationMethods.java:25)
at Base.ProjectSpecificationMethods.BrowserClose(ProjectSpecificationMethods.java:25)
at Base.ProjectSpecificationMethods.BrowserClose(ProjectSpecificationMethods.java:25)
at Base.ProjectSpecificationMethods.BrowserClose(ProjectSpecificationMethods.java:25)
at Base.ProjectSpecificationMethods.BrowserClose(ProjectSpecificationMethods.java:25)
at Base.ProjectSpecificationMethods.BrowserClose(ProjectSpecificationMethods.java:25)
at Base.ProjectSpecificationMethods.BrowserClose(ProjectSpecificationMethods.java:25)
at Base.ProjectSpecificationMethods.BrowserClose(ProjectSpecificationMethods.java:25)
at Base.ProjectSpecificationMethods.BrowserClose(ProjectSpecificationMethods.java:25)
at Base.ProjectSpecificationMethods.BrowserClose(ProjectSpecificationMethods.java:25)
at Base.ProjectSpecificationMethods.BrowserClose(ProjectSpecificationMethods.java:25)
at Base.ProjectSpecificationMethods.BrowserClose(ProjectSpecificationMethods.java:25)
at Base.ProjectSpecificationMethods.BrowserClose(ProjectSpecificationMethods.java:25)
at Base.ProjectSpecificationMethods.BrowserClose(ProjectSpecificationMethods.java:25)
at Base.ProjectSpecificationMethods.BrowserClose(ProjectSpecificationMethods.java:25)
at Base.ProjectSpecificationMethods.BrowserClose(ProjectSpecificationMethods.java:25)
at Base.ProjectSpecificationMethods.BrowserClose(ProjectSpecificationMethods.java:25)
at Base.ProjectSpecificationMethods.BrowserClose(ProjectSpecificationMethods.java:25)
at Base.ProjectSpecificationMethods.BrowserClose(ProjectSpecificationMethods.java:25)
at Base.ProjectSpecificationMethods.BrowserClose(ProjectSpecificationMethods.java:25)
at Base.ProjectSpecificationMethods.BrowserClose(ProjectSpecificationMethods.java:25)
at Base.ProjectSpecificationMethods.BrowserClose(ProjectSpecificationMethods.java:25)
at Base.ProjectSpecificationMethods.BrowserClose(ProjectSpecificationMethods.java:25)
at Base.ProjectSpecificationMethods.BrowserClose(ProjectSpecificationMethods.java:25)
at Base.ProjectSpecificationMethods.BrowserClose(ProjectSpecificationMethods.java:25)
at Base.ProjectSpecificationMethods.BrowserClose(ProjectSpecificationMethods.java:25)
at Base.ProjectSpecificationMethods.BrowserClose(ProjectSpecificationMethods.java:25)
at Base.ProjectSpecificationMethods.BrowserClose(ProjectSpecificationMethods.java:25)
at Base.ProjectSpecificationMethods.BrowserClose(ProjectSpecificationMethods.java:25)
at Base.ProjectSpecificationMethods.BrowserClose(ProjectSpecificationMethods.java:25)
at Base.ProjectSpecificationMethods.BrowserClose(ProjectSpecificationMethods.java:25)
at Base.ProjectSpecificationMethods.BrowserClose(ProjectSpecificationMethods.java:25)
at Base.ProjectSpecificationMethods.BrowserClose(ProjectSpecificationMethods.java:25)
at Base.ProjectSpecificationMethods.BrowserClose(ProjectSpecificationMethods.java:25)
at Base.ProjectSpecificationMethods.BrowserClose(ProjectSpecificationMethods.java:25)
at Base.ProjectSpecificationMethods.BrowserClose(ProjectSpecificationMethods.java:25)
at Base.ProjectSpecificationMethods.BrowserClose(ProjectSpecificationMethods.java:25)
at Base.ProjectSpecificationMethods.BrowserClose(ProjectSpecificationMethods.java:25)
at Base.ProjectSpecificationMethods.BrowserClose(ProjectSpecificationMethods.java:25)
at Base.ProjectSpecificationMethods.BrowserClose(ProjectSpecificationMethods.java:25)
at Base.ProjectSpecificationMethods.BrowserClose(ProjectSpecificationMethods.java:25)
at Base.ProjectSpecificationMethods.BrowserClose(ProjectSpecificationMethods.java:25)
at Base.ProjectSpecificationMethods.BrowserClose(ProjectSpecificationMethods.java:25)
at Base.ProjectSpecificationMethods.BrowserClose(ProjectSpecificationMethods.java:25)
at Base.ProjectSpecificationMethods.BrowserClose(ProjectSpecificationMethods.java:25)
at Base.ProjectSpecificationMethods.BrowserClose(ProjectSpecificationMethods.java:25)
at Base.ProjectSpecificationMethods.BrowserClose(ProjectSpecificationMethods.java:25)
at Base.ProjectSpecificationMethods.BrowserClose(ProjectSpecificationMethods.java:25)
at Base.ProjectSpecificationMethods.BrowserClose(ProjectSpecificationMethods.java:25)
at Base.ProjectSpecificationMethods.BrowserClose(ProjectSpecificationMethods.java:25)
at Base.ProjectSpecificationMethods.BrowserClose(ProjectSpecificationMethods.java:25)
at Base.ProjectSpecificationMethods.BrowserClose(ProjectSpecificationMethods.java:25)
at Base.ProjectSpecificationMethods.BrowserClose(ProjectSpecificationMethods.java:25)
at Base.ProjectSpecificationMethods.BrowserClose(ProjectSpecificationMethods.java:25)
at Base.ProjectSpecificationMethods.BrowserClose(ProjectSpecificationMethods.java:25)
at Base.ProjectSpecificationMethods.BrowserClose(ProjectSpecificationMethods.java:25)
at Base.ProjectSpecificationMethods.BrowserClose(ProjectSpecificationMethods.java:25)
at Base.ProjectSpecificationMethods.BrowserClose(ProjectSpecificationMethods.java:25)
at Base.ProjectSpecificationMethods.BrowserClose(ProjectSpecificationMethods.java:25)
at Base.ProjectSpecificationMethods.BrowserClose(ProjectSpecificationMethods.java:25)
at Base.ProjectSpecificationMethods.BrowserClose(ProjectSpecificationMethods.java:25)
at Base.ProjectSpecificationMethods.BrowserClose(ProjectSpecificationMethods.java:25)
at Base.ProjectSpecificationMethods.BrowserClose(ProjectSpecificationMethods.java:25)
at Base.ProjectSpecificationMethods.BrowserClose(ProjectSpecificationMethods.java:25)
at Base.ProjectSpecificationMethods.BrowserClose(ProjectSpecificationMethods.java:25)
at Base.ProjectSpecificationMethods.BrowserClose(ProjectSpecificationMethods.java:25)
at Base.ProjectSpecificationMethods.BrowserClose(ProjectSpecificationMethods.java:25)
at Base.ProjectSpecificationMethods.BrowserClose(ProjectSpecificationMethods.java:25)
at Base.ProjectSpecificationMethods.BrowserClose(ProjectSpecificationMethods.java:25)
at Base.ProjectSpecificationMethods.BrowserClose(ProjectSpecificationMethods.java:25)
at Base.ProjectSpecificationMethods.BrowserClose(ProjectSpecificationMethods.java:25)
at Base.ProjectSpecificationMethods.BrowserClose(ProjectSpecificationMethods.java:25)
at Base.ProjectSpecificationMethods.BrowserClose(ProjectSpecificationMethods.java:25)
at Base.ProjectSpecificationMethods.BrowserClose(ProjectSpecificationMethods.java:25)
at Base.ProjectSpecificationMethods.BrowserClose(ProjectSpecificationMethods.java:25)
at Base.ProjectSpecificationMethods.BrowserClose(ProjectSpecificationMethods.java:25)
at Base.ProjectSpecificationMethods.BrowserClose(ProjectSpecificationMethods.java:25)
at Base.ProjectSpecificationMethods.BrowserClose(ProjectSpecificationMethods.java:25)
at Base.ProjectSpecificationMethods.BrowserClose(ProjectSpecificationMethods.java:25)
at Base.ProjectSpecificationMethods.BrowserClose(ProjectSpecificationMethods.java:25)
at Base.ProjectSpecificationMethods.BrowserClose(ProjectSpecificationMethods.java:25)
at Base.ProjectSpecificationMethods.BrowserClose(ProjectSpecificationMethods.java:25)
at Base.ProjectSpecificationMethods.BrowserClose(ProjectSpecificationMethods.java:25)
at Base.ProjectSpecificationMethods.BrowserClose(ProjectSpecificationMethods.java:25)
at Base.ProjectSpecificationMethods.BrowserClose(ProjectSpecificationMethods.java:25)
at Base.ProjectSpecificationMethods.BrowserClose(ProjectSpecificationMethods.java:25)
at Base.ProjectSpecificationMethods.BrowserClose(ProjectSpecificationMethods.java:25)
at Base.ProjectSpecificationMethods.BrowserClose(ProjectSpecificationMethods.java:25)
at Base.ProjectSpecificationMethods.BrowserClose(ProjectSpecificationMethods.java:25)
at Base.ProjectSpecificationMethods.BrowserClose(ProjectSpecificationMethods.java:25)
at Base.ProjectSpecificationMethods.BrowserClose(ProjectSpecificationMethods.java:25)
at Base.ProjectSpecificationMethods.BrowserClose(ProjectSpecificationMethods.java:25)
at Base.ProjectSpecificationMethods.BrowserClose(ProjectSpecificationMethods.java:25)
at Base.ProjectSpecificationMethods.BrowserClose(ProjectSpecificationMethods.java:25)
at Base.ProjectSpecificationMethods.BrowserClose(ProjectSpecificationMethods.java:25)
at Base.ProjectSpecificationMethods.BrowserClose(ProjectSpecificationMethods.java:25)
at Base.ProjectSpecificationMethods.BrowserClose(ProjectSpecificationMethods.java:25)
at Base.ProjectSpecificationMethods.BrowserClose(ProjectSpecificationMethods.java:25)
at Base.ProjectSpecificationMethods.BrowserClose(ProjectSpecificationMethods.java:25)
at Base.ProjectSpecificationMethods.BrowserClose(ProjectSpecificationMethods.java:25)
at Base.ProjectSpecificationMethods.BrowserClose(ProjectSpecificationMethods.java:25)
at Base.ProjectSpecificationMethods.BrowserClose(ProjectSpecificationMethods.java:25)
at Base.ProjectSpecificationMethods.BrowserClose(ProjectSpecificationMethods.java:25)
at Base.ProjectSpecificationMethods.BrowserClose(ProjectSpecificationMethods.java:25)
at Base.ProjectSpecificationMethods.BrowserClose(ProjectSpecificationMethods.java:25)
at Base.ProjectSpecificationMethods.BrowserClose(ProjectSpecificationMethods.java:25)
at Base.ProjectSpecificationMethods.BrowserClose(ProjectSpecificationMethods.java:25)
at Base.ProjectSpecificationMethods.BrowserClose(ProjectSpecificationMethods.java:25)
at Base.ProjectSpecificationMethods.BrowserClose(ProjectSpecificationMethods.java:25)
at Base.ProjectSpecificationMethods.BrowserClose(ProjectSpecificationMethods.java:25)
at Base.ProjectSpecificationMethods.BrowserClose(ProjectSpecificationMethods.java:25)
at Base.ProjectSpecificationMethods.BrowserClose(ProjectSpecificationMethods.java:25)
at Base.ProjectSpecificationMethods.BrowserClose(ProjectSpecificationMethods.java:25)
at Base.ProjectSpecificationMethods.BrowserClose(ProjectSpecificationMethods.java:25)
at Base.ProjectSpecificationMethods.BrowserClose(ProjectSpecificationMethods.java:25)
at Base.ProjectSpecificationMethods.BrowserClose(ProjectSpecificationMethods.java:25)
at Base.ProjectSpecificationMethods.BrowserClose(ProjectSpecificationMethods.java:25)
at Base.ProjectSpecificationMethods.BrowserClose(ProjectSpecificationMethods.java:25)
at Base.ProjectSpecificationMethods.BrowserClose(ProjectSpecificationMethods.java:25)
at Base.ProjectSpecificationMethods.BrowserClose(ProjectSpecificationMethods.java:25)
at Base.ProjectSpecificationMethods.BrowserClose(ProjectSpecificationMethods.java:25)
at Base.ProjectSpecificationMethods.BrowserClose(ProjectSpecificationMethods.java:25)
at Base.ProjectSpecificationMethods.BrowserClose(ProjectSpecificationMethods.java:25)
at Base.ProjectSpecificationMethods.BrowserClose(ProjectSpecificationMethods.java:25)
at Base.ProjectSpecificationMethods.BrowserClose(ProjectSpecificationMethods.java:25)
at Base.ProjectSpecificationMethods.BrowserClose(ProjectSpecificationMethods.java:25)
at Base.ProjectSpecificationMethods.BrowserClose(ProjectSpecificationMethods.java:25)
at Base.ProjectSpecificationMethods.BrowserClose(ProjectSpecificationMethods.java:25)
at Base.ProjectSpecificationMethods.BrowserClose(ProjectSpecificationMethods.java:25)
at Base.ProjectSpecificationMethods.BrowserClose(ProjectSpecificationMethods.java:25)
at Base.ProjectSpecificationMethods.BrowserClose(ProjectSpecificationMethods.java:25)
at Base.ProjectSpecificationMethods.BrowserClose(ProjectSpecificationMethods.java:25)
at Base.ProjectSpecificationMethods.BrowserClose(ProjectSpecificationMethods.java:25)
at Base.ProjectSpecificationMethods.BrowserClose(ProjectSpecificationMethods.java:25)
at Base.ProjectSpecificationMethods.BrowserClose(ProjectSpecificationMethods.java:25)
at Base.ProjectSpecificationMethods.BrowserClose(ProjectSpecificationMethods.java:25)
at Base.ProjectSpecificationMethods.BrowserClose(ProjectSpecificationMethods.java:25)
at Base.ProjectSpecificationMethods.BrowserClose(ProjectSpecificationMethods.java:25)
at Base.ProjectSpecificationMethods.BrowserClose(ProjectSpecificationMethods.java:25)
at Base.ProjectSpecificationMethods.BrowserClose(ProjectSpecificationMethods.java:25)
at Base.ProjectSpecificationMethods.BrowserClose(ProjectSpecificationMethods.java:25)
at Base.ProjectSpecificationMethods.BrowserClose(ProjectSpecificationMethods.java:25)
at Base.ProjectSpecificationMethods.BrowserClose(ProjectSpecificationMethods.java:25)
at Base.ProjectSpecificationMethods.BrowserClose(ProjectSpecificationMethods.java:25)
at Base.ProjectSpecificationMethods.BrowserClose(ProjectSpecificationMethods.java:25)
at Base.ProjectSpecificationMethods.BrowserClose(ProjectSpecificationMethods.java:25)
at Base.ProjectSpecificationMethods.BrowserClose(ProjectSpecificationMethods.java:25)
at Base.ProjectSpecificationMethods.BrowserClose(ProjectSpecificationMethods.java:25)
at Base.ProjectSpecificationMethods.BrowserClose(ProjectSpecificationMethods.java:25)
at Base.ProjectSpecificationMethods.BrowserClose(ProjectSpecificationMethods.java:25)
at Base.ProjectSpecificationMethods.BrowserClose(ProjectSpecificationMethods.java:25)
at Base.ProjectSpecificationMethods.BrowserClose(ProjectSpecificationMethods.java:25)
at Base.ProjectSpecificationMethods.BrowserClose(ProjectSpecificationMethods.java:25)
at Base.ProjectSpecificationMethods.BrowserClose(ProjectSpecificationMethods.java:25)
at Base.ProjectSpecificationMethods.BrowserClose(ProjectSpecificationMethods.java:25)
at Base.ProjectSpecificationMethods.BrowserClose(ProjectSpecificationMethods.java:25)
at Base.ProjectSpecificationMethods.BrowserClose(ProjectSpecificationMethods.java:25)
at Base.ProjectSpecificationMethods.BrowserClose(ProjectSpecificationMethods.java:25)
at Base.ProjectSpecificationMethods.BrowserClose(ProjectSpecificationMethods.java:25)
at Base.ProjectSpecificationMethods.BrowserClose(ProjectSpecificationMethods.java:25)
at Base.ProjectSpecificationMethods.BrowserClose(ProjectSpecificationMethods.java:25)
at Base.ProjectSpecificationMethods.BrowserClose(ProjectSpecificationMethods.java:25)
at Base.ProjectSpecificationMethods.BrowserClose(ProjectSpecificationMethods.java:25)
at Base.ProjectSpecificationMethods.BrowserClose(ProjectSpecificationMethods.java:25)
at Base.ProjectSpecificationMethods.BrowserClose(ProjectSpecificationMethods.java:25)
at Base.ProjectSpecificationMethods.BrowserClose(ProjectSpecificationMethods.java:25)
at Base.ProjectSpecificationMethods.BrowserClose(ProjectSpecificationMethods.java:25)
at Base.ProjectSpecificationMethods.BrowserClose(ProjectSpecificationMethods.java:25)
at Base.ProjectSpecificationMethods.BrowserClose(ProjectSpecificationMethods.java:25)
at Base.ProjectSpecificationMethods.BrowserClose(ProjectSpecificationMethods.java:25)
at Base.ProjectSpecificationMethods.BrowserClose(ProjectSpecificationMethods.java:25)
at Base.ProjectSpecificationMethods.BrowserClose(ProjectSpecificationMethods.java:25)
at Base.ProjectSpecificationMethods.BrowserClose(ProjectSpecificationMethods.java:25)
at Base.ProjectSpecificationMethods.BrowserClose(ProjectSpecificationMethods.java:25)
at Base.ProjectSpecificationMethods.BrowserClose(ProjectSpecificationMethods.java:25)
at Base.ProjectSpecificationMethods.BrowserClose(ProjectSpecificationMethods.java:25)
at Base.ProjectSpecificationMethods.BrowserClose(ProjectSpecificationMethods.java:25)
at Base.ProjectSpecificationMethods.BrowserClose(ProjectSpecificationMethods.java:25)
at Base.ProjectSpecificationMethods.BrowserClose(ProjectSpecificationMethods.java:25)
at Base.ProjectSpecificationMethods.BrowserClose(ProjectSpecificationMethods.java:25)
at Base.ProjectSpecificationMethods.BrowserClose(ProjectSpecificationMethods.java:25)
at Base.ProjectSpecificationMethods.BrowserClose(ProjectSpecificationMethods.java:25)
at Base.ProjectSpecificationMethods.BrowserClose(ProjectSpecificationMethods.java:25)
at Base.ProjectSpecificationMethods.BrowserClose(ProjectSpecificationMethods.java:25)
at Base.ProjectSpecificationMethods.BrowserClose(ProjectSpecificationMethods.java:25)
at Base.ProjectSpecificationMethods.BrowserClose(ProjectSpecificationMethods.java:25)
at Base.ProjectSpecificationMethods.BrowserClose(ProjectSpecificationMethods.java:25)
at Base.ProjectSpecificationMethods.BrowserClose(ProjectSpecificationMethods.java:25)
at Base.ProjectSpecificationMethods.BrowserClose(ProjectSpecificationMethods.java:25)
at Base.ProjectSpecificationMethods.BrowserClose(ProjectSpecificationMethods.java:25)
at Base.ProjectSpecificationMethods.BrowserClose(ProjectSpecificationMethods.java:25)
at Base.ProjectSpecificationMethods.BrowserClose(ProjectSpecificationMethods.java:25)
at Base.ProjectSpecificationMethods.BrowserClose(ProjectSpecificationMethods.java:25)
at Base.ProjectSpecificationMethods.BrowserClose(ProjectSpecificationMethods.java:25)
at Base.ProjectSpecificationMethods.BrowserClose(ProjectSpecificationMethods.java:25)
at Base.ProjectSpecificationMethods.BrowserClose(ProjectSpecificationMethods.java:25)
at Base.ProjectSpecificationMethods.BrowserClose(ProjectSpecificationMethods.java:25)
at Base.ProjectSpecificationMethods.BrowserClose(ProjectSpecificationMethods.java:25)
at Base.ProjectSpecificationMethods.BrowserClose(ProjectSpecificationMethods.java:25)
at Base.ProjectSpecificationMethods.BrowserClose(ProjectSpecificationMethods.java:25)
at Base.ProjectSpecificationMethods.BrowserClose(ProjectSpecificationMethods.java:25)
at Base.ProjectSpecificationMethods.BrowserClose(ProjectSpecificationMethods.java:25)
at Base.ProjectSpecificationMethods.BrowserClose(ProjectSpecificationMethods.java:25)
at Base.ProjectSpecificationMethods.BrowserClose(ProjectSpecificationMethods.java:25)
at Base.ProjectSpecificationMethods.BrowserClose(ProjectSpecificationMethods.java:25)
at Base.ProjectSpecificationMethods.BrowserClose(ProjectSpecificationMethods.java:25)
at Base.ProjectSpecificationMethods.BrowserClose(ProjectSpecificationMethods.java:25)
at Base.ProjectSpecificationMethods.BrowserClose(ProjectSpecificationMethods.java:25)
at Base.ProjectSpecificationMethods.BrowserClose(ProjectSpecificationMethods.java:25)
at Base.ProjectSpecificationMethods.BrowserClose(ProjectSpecificationMethods.java:25)
at Base.ProjectSpecificationMethods.BrowserClose(ProjectSpecificationMethods.java:25)
at Base.ProjectSpecificationMethods.BrowserClose(ProjectSpecificationMethods.java:25)
at Base.ProjectSpecificationMethods.BrowserClose(ProjectSpecificationMethods.java:25)
at Base.ProjectSpecificationMethods.BrowserClose(ProjectSpecificationMethods.java:25)
at Base.ProjectSpecificationMethods.BrowserClose(ProjectSpecificationMethods.java:25)
at Base.ProjectSpecificationMethods.BrowserClose(ProjectSpecificationMethods.java:25)
at Base.ProjectSpecificationMethods.BrowserClose(ProjectSpecificationMethods.java:25)
at Base.ProjectSpecificationMethods.BrowserClose(ProjectSpecificationMethods.java:25)
at Base.ProjectSpecificationMethods.BrowserClose(ProjectSpecificationMethods.java:25)
at Base.ProjectSpecificationMethods.BrowserClose(ProjectSpecificationMethods.java:25)
at Base.ProjectSpecificationMethods.BrowserClose(ProjectSpecificationMethods.java:25)
at Base.ProjectSpecificationMethods.BrowserClose(ProjectSpecificationMethods.java:25)
at Base.ProjectSpecificationMethods.BrowserClose(ProjectSpecificationMethods.java:25)
at Base.ProjectSpecificationMethods.BrowserClose(ProjectSpecificationMethods.java:25)
at Base.ProjectSpecificationMethods.BrowserClose(ProjectSpecificationMethods.java:25)
at Base.ProjectSpecificationMethods.BrowserClose(ProjectSpecificationMethods.java:25)
at Base.ProjectSpecificationMethods.BrowserClose(ProjectSpecificationMethods.java:25)
at Base.ProjectSpecificationMethods.BrowserClose(ProjectSpecificationMethods.java:25)
at Base.ProjectSpecificationMethods.BrowserClose(ProjectSpecificationMethods.java:25)
at Base.ProjectSpecificationMethods.BrowserClose(ProjectSpecificationMethods.java:25)
at Base.ProjectSpecificationMethods.BrowserClose(ProjectSpecificationMethods.java:25)
at Base.ProjectSpecificationMethods.BrowserClose(ProjectSpecificationMethods.java:25)
at Base.ProjectSpecificationMethods.BrowserClose(ProjectSpecificationMethods.java:25)
at Base.ProjectSpecificationMethods.BrowserClose(ProjectSpecificationMethods.java:25)
at Base.ProjectSpecificationMethods.BrowserClose(ProjectSpecificationMethods.java:25)
at Base.ProjectSpecificationMethods.BrowserClose(ProjectSpecificationMethods.java:25)
at Base.ProjectSpecificationMethods.BrowserClose(ProjectSpecificationMethods.java:25)
at Base.ProjectSpecificationMethods.BrowserClose(ProjectSpecificationMethods.java:25)
at Base.ProjectSpecificationMethods.BrowserClose(ProjectSpecificationMethods.java:25)
at Base.ProjectSpecificationMethods.BrowserClose(ProjectSpecificationMethods.java:25)
at Base.ProjectSpecificationMethods.BrowserClose(ProjectSpecificationMethods.java:25)
at Base.ProjectSpecificationMethods.BrowserClose(ProjectSpecificationMethods.java:25)
at Base.ProjectSpecificationMethods.BrowserClose(ProjectSpecificationMethods.java:25)
at Base.ProjectSpecificationMethods.BrowserClose(ProjectSpecificationMethods.java:25)
at Base.ProjectSpecificationMethods.BrowserClose(ProjectSpecificationMethods.java:25)
at Base.ProjectSpecificationMethods.BrowserClose(ProjectSpecificationMethods.java:25)
at Base.ProjectSpecificationMethods.BrowserClose(ProjectSpecificationMethods.java:25)
at Base.ProjectSpecificationMethods.BrowserClose(ProjectSpecificationMethods.java:25)
at Base.ProjectSpecificationMethods.BrowserClose(ProjectSpecificationMethods.java:25)
at Base.ProjectSpecificationMethods.BrowserClose(ProjectSpecificationMethods.java:25)
at Base.ProjectSpecificationMethods.BrowserClose(ProjectSpecificationMethods.java:25)
at Base.ProjectSpecificationMethods.BrowserClose(ProjectSpecificationMethods.java:25)
at Base.ProjectSpecificationMethods.BrowserClose(ProjectSpecificationMethods.java:25)
at Base.ProjectSpecificationMethods.BrowserClose(ProjectSpecificationMethods.java:25)
at Base.ProjectSpecificationMethods.BrowserClose(ProjectSpecificationMethods.java:25)
at Base.ProjectSpecificationMethods.BrowserClose(ProjectSpecificationMethods.java:25)
at Base.ProjectSpecificationMethods.BrowserClose(ProjectSpecificationMethods.java:25)
at Base.ProjectSpecificationMethods.BrowserClose(ProjectSpecificationMethods.java:25)
at Base.ProjectSpecificationMethods.BrowserClose(ProjectSpecificationMethods.java:25)
at Base.ProjectSpecificationMethods.BrowserClose(ProjectSpecificationMethods.java:25)
at Base.ProjectSpecificationMethods.BrowserClose(ProjectSpecificationMethods.java:25)
at Base.ProjectSpecificationMethods.BrowserClose(ProjectSpecificationMethods.java:25)
at Base.ProjectSpecificationMethods.BrowserClose(ProjectSpecificationMethods.java:25)
at Base.ProjectSpecificationMethods.BrowserClose(ProjectSpecificationMethods.java:25)
at Base.ProjectSpecificationMethods.BrowserClose(ProjectSpecificationMethods.java:25)
at Base.ProjectSpecificationMethods.BrowserClose(ProjectSpecificationMethods.java:25)
at Base.ProjectSpecificationMethods.BrowserClose(ProjectSpecificationMethods.java:25)
at Base.ProjectSpecificationMethods.BrowserClose(ProjectSpecificationMethods.java:25)
at Base.ProjectSpecificationMethods.BrowserClose(ProjectSpecificationMethods.java:25)
at Base.ProjectSpecificationMethods.BrowserClose(ProjectSpecificationMethods.java:25)
at Base.ProjectSpecificationMethods.BrowserClose(ProjectSpecificationMethods.java:25)
at Base.ProjectSpecificationMethods.BrowserClose(ProjectSpecificationMethods.java:25)
at Base.ProjectSpecificationMethods.BrowserClose(ProjectSpecificationMethods.java:25)
at Base.ProjectSpecificationMethods.BrowserClose(ProjectSpecificationMethods.java:25)
at Base.ProjectSpecificationMethods.BrowserClose(ProjectSpecificationMethods.java:25)
at Base.ProjectSpecificationMethods.BrowserClose(ProjectSpecificationMethods.java:25)
at Base.ProjectSpecificationMethods.BrowserClose(ProjectSpecificationMethods.java:25)
at Base.ProjectSpecificationMethods.BrowserClose(ProjectSpecificationMethods.java:25)
at Base.ProjectSpecificationMethods.BrowserClose(ProjectSpecificationMethods.java:25)
at Base.ProjectSpecificationMethods.BrowserClose(ProjectSpecificationMethods.java:25)
at Base.ProjectSpecificationMethods.BrowserClose(ProjectSpecificationMethods.java:25)
at Base.ProjectSpecificationMethods.BrowserClose(ProjectSpecificationMethods.java:25)
at Base.ProjectSpecificationMethods.BrowserClose(ProjectSpecificationMethods.java:25)
at Base.ProjectSpecificationMethods.BrowserClose(ProjectSpecificationMethods.java:25)
at Base.ProjectSpecificationMethods.BrowserClose(ProjectSpecificationMethods.java:25)
at Base.ProjectSpecificationMethods.BrowserClose(ProjectSpecificationMethods.java:25)
at Base.ProjectSpecificationMethods.BrowserClose(ProjectSpecificationMethods.java:25)
at Base.ProjectSpecificationMethods.BrowserClose(ProjectSpecificationMethods.java:25)
at Base.ProjectSpecificationMethods.BrowserClose(ProjectSpecificationMethods.java:25)
at Base.ProjectSpecificationMethods.BrowserClose(ProjectSpecificationMethods.java:25)
at Base.ProjectSpecificationMethods.BrowserClose(ProjectSpecificationMethods.java:25)
at Base.ProjectSpecificationMethods.BrowserClose(ProjectSpecificationMethods.java:25)
at Base.ProjectSpecificationMethods.BrowserClose(ProjectSpecificationMethods.java:25)
at Base.ProjectSpecificationMethods.BrowserClose(ProjectSpecificationMethods.java:25)
at Base.ProjectSpecificationMethods.BrowserClose(ProjectSpecificationMethods.java:25)
at Base.ProjectSpecificationMethods.BrowserClose(ProjectSpecificationMethods.java:25)
at Base.ProjectSpecificationMethods.BrowserClose(ProjectSpecificationMethods.java:25)
at Base.ProjectSpecificationMethods.BrowserClose(ProjectSpecificationMethods.java:25)
at Base.ProjectSpecificationMethods.BrowserClose(ProjectSpecificationMethods.java:25)
at Base.ProjectSpecificationMethods.BrowserClose(ProjectSpecificationMethods.java:25)
at Base.ProjectSpecificationMethods.BrowserClose(ProjectSpecificationMethods.java:25)
at Base.ProjectSpecificationMethods.BrowserClose(ProjectSpecificationMethods.java:25)
at Base.ProjectSpecificationMethods.BrowserClose(ProjectSpecificationMethods.java:25)
at Base.ProjectSpecificationMethods.BrowserClose(ProjectSpecificationMethods.java:25)
at Base.ProjectSpecificationMethods.BrowserClose(ProjectSpecificationMethods.java:25)
at Base.ProjectSpecificationMethods.BrowserClose(ProjectSpecificationMethods.java:25)
at Base.ProjectSpecificationMethods.BrowserClose(ProjectSpecificationMethods.java:25)
at Base.ProjectSpecificationMethods.BrowserClose(ProjectSpecificationMethods.java:25)
at Base.ProjectSpecificationMethods.BrowserClose(ProjectSpecificationMethods.java:25)
at Base.ProjectSpecificationMethods.BrowserClose(ProjectSpecificationMethods.java:25)
at Base.ProjectSpecificationMethods.BrowserClose(ProjectSpecificationMethods.java:25)
at Base.ProjectSpecificationMethods.BrowserClose(ProjectSpecificationMethods.java:25)
at Base.ProjectSpecificationMethods.BrowserClose(ProjectSpecificationMethods.java:25)
at Base.ProjectSpecificationMethods.BrowserClose(ProjectSpecificationMethods.java:25)
at Base.ProjectSpecificationMethods.BrowserClose(ProjectSpecificationMethods.java:25)
at Base.ProjectSpecificationMethods.BrowserClose(ProjectSpecificationMethods.java:25)
at Base.ProjectSpecificationMethods.BrowserClose(ProjectSpecificationMethods.java:25)
at Base.ProjectSpecificationMethods.BrowserClose(ProjectSpecificationMethods.java:25)
at Base.ProjectSpecificationMethods.BrowserClose(ProjectSpecificationMethods.java:25)
at Base.ProjectSpecificationMethods.BrowserClose(ProjectSpecificationMethods.java:25)
at Base.ProjectSpecificationMethods.BrowserClose(ProjectSpecificationMethods.java:25)
at Base.ProjectSpecificationMethods.BrowserClose(ProjectSpecificationMethods.java:25)
at Base.ProjectSpecificationMethods.BrowserClose(ProjectSpecificationMethods.java:25)
at Base.ProjectSpecificationMethods.BrowserClose(ProjectSpecificationMethods.java:25)
at Base.ProjectSpecificationMethods.BrowserClose(ProjectSpecificationMethods.java:25)
at Base.ProjectSpecificationMethods.BrowserClose(ProjectSpecificationMethods.java:25)
at Base.ProjectSpecificationMethods.BrowserClose(ProjectSpecificationMethods.java:25)
at Base.ProjectSpecificationMethods.BrowserClose(ProjectSpecificationMethods.java:25)
at Base.ProjectSpecificationMethods.BrowserClose(ProjectSpecificationMethods.java:25)
at Base.ProjectSpecificationMethods.BrowserClose(ProjectSpecificationMethods.java:25)
at Base.ProjectSpecificationMethods.BrowserClose(ProjectSpecificationMethods.java:25)
at Base.ProjectSpecificationMethods.BrowserClose(ProjectSpecificationMethods.java:25)
at Base.ProjectSpecificationMethods.BrowserClose(ProjectSpecificationMethods.java:25)
at Base.ProjectSpecificationMethods.BrowserClose(ProjectSpecificationMethods.java:25)
at Base.ProjectSpecificationMethods.BrowserClose(ProjectSpecificationMethods.java:25)
at Base.ProjectSpecificationMethods.BrowserClose(ProjectSpecificationMethods.java:25)
at Base.ProjectSpecificationMethods.BrowserClose(ProjectSpecificationMethods.java:25)
at Base.ProjectSpecificationMethods.BrowserClose(ProjectSpecificationMethods.java:25)
at Base.ProjectSpecificationMethods.BrowserClose(ProjectSpecificationMethods.java:25)
at Base.ProjectSpecificationMethods.BrowserClose(ProjectSpecificationMethods.java:25)
at Base.ProjectSpecificationMethods.BrowserClose(ProjectSpecificationMethods.java:25)
at Base.ProjectSpecificationMethods.BrowserClose(ProjectSpecificationMethods.java:25)
at Base.ProjectSpecificationMethods.BrowserClose(ProjectSpecificationMethods.java:25)
at Base.ProjectSpecificationMethods.BrowserClose(ProjectSpecificationMethods.java:25)
at Base.ProjectSpecificationMethods.BrowserClose(ProjectSpecificationMethods.java:25)
at Base.ProjectSpecificationMethods.BrowserClose(ProjectSpecificationMethods.java:25)
at Base.ProjectSpecificationMethods.BrowserClose(ProjectSpecificationMethods.java:25)
at Base.ProjectSpecificationMethods.BrowserClose(ProjectSpecificationMethods.java:25)
at Base.ProjectSpecificationMethods.BrowserClose(ProjectSpecificationMethods.java:25)
at Base.ProjectSpecificationMethods.BrowserClose(ProjectSpecificationMethods.java:25)
at Base.ProjectSpecificationMethods.BrowserClose(ProjectSpecificationMethods.java:25)
at Base.ProjectSpecificationMethods.BrowserClose(ProjectSpecificationMethods.java:25)
at Base.ProjectSpecificationMethods.BrowserClose(ProjectSpecificationMethods.java:25)
at Base.ProjectSpecificationMethods.BrowserClose(ProjectSpecificationMethods.java:25)
at Base.ProjectSpecificationMethods.BrowserClose(ProjectSpecificationMethods.java:25)
at Base.ProjectSpecificationMethods.BrowserClose(ProjectSpecificationMethods.java:25)
at Base.ProjectSpecificationMethods.BrowserClose(ProjectSpecificationMethods.java:25)
at Base.ProjectSpecificationMethods.BrowserClose(ProjectSpecificationMethods.java:25)
at Base.ProjectSpecificationMethods.BrowserClose(ProjectSpecificationMethods.java:25)
at Base.ProjectSpecificationMethods.BrowserClose(ProjectSpecificationMethods.java:25)
at Base.ProjectSpecificationMethods.BrowserClose(ProjectSpecificationMethods.java:25)
at Base.ProjectSpecificationMethods.BrowserClose(ProjectSpecificationMethods.java:25)
at Base.ProjectSpecificationMethods.BrowserClose(ProjectSpecificationMethods.java:25)
at Base.ProjectSpecificationMethods.BrowserClose(ProjectSpecificationMethods.java:25)
at Base.ProjectSpecificationMethods.BrowserClose(ProjectSpecificationMethods.java:25)
at Base.ProjectSpecificationMethods.BrowserClose(ProjectSpecificationMethods.java:25)
]]>
    </error>
  </testcase> <!-- BrowserClose -->
</testsuite> <!-- Test.TC_003_VerifyNoUpdateMissingFieldTest -->
